<?xml version="1.0" encoding="UTF-8"?>
<testsuite xmlns:xsi="http://www.w3.org/2001/XMLSchema-instance" xsi:noNamespaceSchemaLocation="https://maven.apache.org/surefire/maven-surefire-plugin/xsd/surefire-test-report-3.0.xsd" version="3.0" name="TestSuite" time="49.894" tests="4" errors="0" skipped="0" failures="0">
  <properties>
    <property name="java.specification.version" value="17"/>
    <property name="webdriver.chrome.driver" value="C:\Users\abrar\.cache\selenium\chromedriver\win32\103.0.5060.134\chromedriver.exe"/>
    <property name="sun.cpu.isalist" value="amd64"/>
    <property name="sun.jnu.encoding" value="Cp1252"/>
    <property name="java.class.path" value="C:\Users\abrar\eclipse-workspace\CucumberE2E\target\test-classes;C:\Users\abrar\eclipse-workspace\CucumberE2E\target\classes;C:\Users\abrar\.m2\repository\io\github\bonigarcia\webdrivermanager\5.2.1\webdrivermanager-5.2.1.jar;C:\Users\abrar\.m2\repository\org\slf4j\slf4j-api\1.7.36\slf4j-api-1.7.36.jar;C:\Users\abrar\.m2\repository\com\google\code\gson\gson\2.9.0\gson-2.9.0.jar;C:\Users\abrar\.m2\repository\com\github\docker-java\docker-java\3.2.13\docker-java-3.2.13.jar;C:\Users\abrar\.m2\repository\com\github\docker-java\docker-java-core\3.2.13\docker-java-core-3.2.13.jar;C:\Users\abrar\.m2\repository\com\github\docker-java\docker-java-api\3.2.13\docker-java-api-3.2.13.jar;C:\Users\abrar\.m2\repository\org\bouncycastle\bcpkix-jdk15on\1.64\bcpkix-jdk15on-1.64.jar;C:\Users\abrar\.m2\repository\org\bouncycastle\bcprov-jdk15on\1.64\bcprov-jdk15on-1.64.jar;C:\Users\abrar\.m2\repository\org\slf4j\jcl-over-slf4j\1.7.30\jcl-over-slf4j-1.7.30.jar;C:\Users\abrar\.m2\repository\com\github\docker-java\docker-java-transport-httpclient5\3.2.13\docker-java-transport-httpclient5-3.2.13.jar;C:\Users\abrar\.m2\repository\com\github\docker-java\docker-java-transport\3.2.13\docker-java-transport-3.2.13.jar;C:\Users\abrar\.m2\repository\net\java\dev\jna\jna\5.8.0\jna-5.8.0.jar;C:\Users\abrar\.m2\repository\org\brotli\dec\0.1.2\dec-0.1.2.jar;C:\Users\abrar\.m2\repository\org\apache\commons\commons-lang3\3.12.0\commons-lang3-3.12.0.jar;C:\Users\abrar\.m2\repository\org\apache\httpcomponents\client5\httpclient5\5.1.3\httpclient5-5.1.3.jar;C:\Users\abrar\.m2\repository\org\apache\httpcomponents\core5\httpcore5\5.1.3\httpcore5-5.1.3.jar;C:\Users\abrar\.m2\repository\org\apache\httpcomponents\core5\httpcore5-h2\5.1.3\httpcore5-h2-5.1.3.jar;C:\Users\abrar\.m2\repository\org\seleniumhq\selenium\selenium-java\4.2.1\selenium-java-4.2.1.jar;C:\Users\abrar\.m2\repository\org\seleniumhq\selenium\selenium-api\4.2.1\selenium-api-4.2.1.jar;C:\Users\abrar\.m2\repository\org\seleniumhq\selenium\selenium-chrome-driver\4.2.1\selenium-chrome-driver-4.2.1.jar;C:\Users\abrar\.m2\repository\com\google\auto\service\auto-service-annotations\1.0.1\auto-service-annotations-1.0.1.jar;C:\Users\abrar\.m2\repository\com\google\auto\service\auto-service\1.0.1\auto-service-1.0.1.jar;C:\Users\abrar\.m2\repository\com\google\auto\auto-common\1.2\auto-common-1.2.jar;C:\Users\abrar\.m2\repository\org\seleniumhq\selenium\selenium-chromium-driver\4.2.1\selenium-chromium-driver-4.2.1.jar;C:\Users\abrar\.m2\repository\org\seleniumhq\selenium\selenium-json\4.2.1\selenium-json-4.2.1.jar;C:\Users\abrar\.m2\repository\org\seleniumhq\selenium\selenium-devtools-v100\4.2.1\selenium-devtools-v100-4.2.1.jar;C:\Users\abrar\.m2\repository\org\seleniumhq\selenium\selenium-devtools-v101\4.2.1\selenium-devtools-v101-4.2.1.jar;C:\Users\abrar\.m2\repository\org\seleniumhq\selenium\selenium-devtools-v102\4.2.1\selenium-devtools-v102-4.2.1.jar;C:\Users\abrar\.m2\repository\org\seleniumhq\selenium\selenium-devtools-v85\4.2.1\selenium-devtools-v85-4.2.1.jar;C:\Users\abrar\.m2\repository\org\seleniumhq\selenium\selenium-edge-driver\4.2.1\selenium-edge-driver-4.2.1.jar;C:\Users\abrar\.m2\repository\org\seleniumhq\selenium\selenium-firefox-driver\4.2.1\selenium-firefox-driver-4.2.1.jar;C:\Users\abrar\.m2\repository\org\seleniumhq\selenium\selenium-ie-driver\4.2.1\selenium-ie-driver-4.2.1.jar;C:\Users\abrar\.m2\repository\org\seleniumhq\selenium\selenium-opera-driver\4.2.1\selenium-opera-driver-4.2.1.jar;C:\Users\abrar\.m2\repository\org\seleniumhq\selenium\selenium-remote-driver\4.2.1\selenium-remote-driver-4.2.1.jar;C:\Users\abrar\.m2\repository\io\netty\netty-buffer\4.1.77.Final\netty-buffer-4.1.77.Final.jar;C:\Users\abrar\.m2\repository\io\netty\netty-codec-http\4.1.77.Final\netty-codec-http-4.1.77.Final.jar;C:\Users\abrar\.m2\repository\io\netty\netty-codec\4.1.77.Final\netty-codec-4.1.77.Final.jar;C:\Users\abrar\.m2\repository\io\netty\netty-handler\4.1.77.Final\netty-handler-4.1.77.Final.jar;C:\Users\abrar\.m2\repository\io\netty\netty-common\4.1.77.Final\netty-common-4.1.77.Final.jar;C:\Users\abrar\.m2\repository\io\netty\netty-transport-classes-epoll\4.1.77.Final\netty-transport-classes-epoll-4.1.77.Final.jar;C:\Users\abrar\.m2\repository\io\netty\netty-transport-classes-kqueue\4.1.77.Final\netty-transport-classes-kqueue-4.1.77.Final.jar;C:\Users\abrar\.m2\repository\io\netty\netty-transport-native-epoll\4.1.77.Final\netty-transport-native-epoll-4.1.77.Final.jar;C:\Users\abrar\.m2\repository\io\netty\netty-transport-native-kqueue\4.1.77.Final\netty-transport-native-kqueue-4.1.77.Final.jar;C:\Users\abrar\.m2\repository\io\netty\netty-transport-native-unix-common\4.1.77.Final\netty-transport-native-unix-common-4.1.77.Final.jar;C:\Users\abrar\.m2\repository\io\netty\netty-transport\4.1.77.Final\netty-transport-4.1.77.Final.jar;C:\Users\abrar\.m2\repository\io\netty\netty-resolver\4.1.77.Final\netty-resolver-4.1.77.Final.jar;C:\Users\abrar\.m2\repository\io\opentelemetry\opentelemetry-api\1.14.0\opentelemetry-api-1.14.0.jar;C:\Users\abrar\.m2\repository\io\opentelemetry\opentelemetry-context\1.14.0\opentelemetry-context-1.14.0.jar;C:\Users\abrar\.m2\repository\io\opentelemetry\opentelemetry-exporter-logging\1.14.0\opentelemetry-exporter-logging-1.14.0.jar;C:\Users\abrar\.m2\repository\io\opentelemetry\opentelemetry-sdk-metrics\1.14.0\opentelemetry-sdk-metrics-1.14.0.jar;C:\Users\abrar\.m2\repository\io\opentelemetry\opentelemetry-sdk-logs\1.14.0-alpha\opentelemetry-sdk-logs-1.14.0-alpha.jar;C:\Users\abrar\.m2\repository\io\opentelemetry\opentelemetry-sdk-common\1.14.0\opentelemetry-sdk-common-1.14.0.jar;C:\Users\abrar\.m2\repository\io\opentelemetry\opentelemetry-sdk-extension-autoconfigure-spi\1.14.0\opentelemetry-sdk-extension-autoconfigure-spi-1.14.0.jar;C:\Users\abrar\.m2\repository\io\opentelemetry\opentelemetry-sdk-extension-autoconfigure\1.14.0-alpha\opentelemetry-sdk-extension-autoconfigure-1.14.0-alpha.jar;C:\Users\abrar\.m2\repository\io\opentelemetry\opentelemetry-sdk-trace\1.14.0\opentelemetry-sdk-trace-1.14.0.jar;C:\Users\abrar\.m2\repository\io\opentelemetry\opentelemetry-sdk\1.14.0\opentelemetry-sdk-1.14.0.jar;C:\Users\abrar\.m2\repository\io\opentelemetry\opentelemetry-semconv\1.14.0-alpha\opentelemetry-semconv-1.14.0-alpha.jar;C:\Users\abrar\.m2\repository\io\ous\jtoml\2.0.0\jtoml-2.0.0.jar;C:\Users\abrar\.m2\repository\net\bytebuddy\byte-buddy\1.12.10\byte-buddy-1.12.10.jar;C:\Users\abrar\.m2\repository\org\apache\commons\commons-exec\1.3\commons-exec-1.3.jar;C:\Users\abrar\.m2\repository\org\asynchttpclient\async-http-client\2.12.3\async-http-client-2.12.3.jar;C:\Users\abrar\.m2\repository\org\asynchttpclient\async-http-client-netty-utils\2.12.3\async-http-client-netty-utils-2.12.3.jar;C:\Users\abrar\.m2\repository\io\netty\netty-codec-socks\4.1.60.Final\netty-codec-socks-4.1.60.Final.jar;C:\Users\abrar\.m2\repository\io\netty\netty-handler-proxy\4.1.60.Final\netty-handler-proxy-4.1.60.Final.jar;C:\Users\abrar\.m2\repository\io\netty\netty-transport-native-epoll\4.1.60.Final\netty-transport-native-epoll-4.1.60.Final-linux-x86_64.jar;C:\Users\abrar\.m2\repository\io\netty\netty-transport-native-kqueue\4.1.60.Final\netty-transport-native-kqueue-4.1.60.Final-osx-x86_64.jar;C:\Users\abrar\.m2\repository\org\reactivestreams\reactive-streams\1.0.3\reactive-streams-1.0.3.jar;C:\Users\abrar\.m2\repository\com\typesafe\netty\netty-reactive-streams\2.0.4\netty-reactive-streams-2.0.4.jar;C:\Users\abrar\.m2\repository\com\sun\activation\jakarta.activation\1.2.2\jakarta.activation-1.2.2.jar;C:\Users\abrar\.m2\repository\org\seleniumhq\selenium\selenium-http\4.2.1\selenium-http-4.2.1.jar;C:\Users\abrar\.m2\repository\dev\failsafe\failsafe\3.2.4\failsafe-3.2.4.jar;C:\Users\abrar\.m2\repository\org\seleniumhq\selenium\selenium-safari-driver\4.2.1\selenium-safari-driver-4.2.1.jar;C:\Users\abrar\.m2\repository\org\seleniumhq\selenium\selenium-support\4.2.1\selenium-support-4.2.1.jar;C:\Users\abrar\.m2\repository\io\cucumber\cucumber-java\7.3.4\cucumber-java-7.3.4.jar;C:\Users\abrar\.m2\repository\io\cucumber\cucumber-core\7.3.4\cucumber-core-7.3.4.jar;C:\Users\abrar\.m2\repository\io\cucumber\cucumber-gherkin\7.3.4\cucumber-gherkin-7.3.4.jar;C:\Users\abrar\.m2\repository\io\cucumber\cucumber-gherkin-messages\7.3.4\cucumber-gherkin-messages-7.3.4.jar;C:\Users\abrar\.m2\repository\io\cucumber\tag-expressions\4.1.0\tag-expressions-4.1.0.jar;C:\Users\abrar\.m2\repository\io\cucumber\cucumber-expressions\15.1.1\cucumber-expressions-15.1.1.jar;C:\Users\abrar\.m2\repository\io\cucumber\cucumber-plugin\7.3.4\cucumber-plugin-7.3.4.jar;C:\Users\abrar\.m2\repository\io\cucumber\docstring\7.3.4\docstring-7.3.4.jar;C:\Users\abrar\.m2\repository\io\cucumber\html-formatter\19.1.0\html-formatter-19.1.0.jar;C:\Users\abrar\.m2\repository\io\cucumber\ci-environment\9.0.4\ci-environment-9.0.4.jar;C:\Users\abrar\.m2\repository\org\apiguardian\apiguardian-api\1.1.2\apiguardian-api-1.1.2.jar;C:\Users\abrar\.m2\repository\io\cucumber\cucumber-junit\7.3.4\cucumber-junit-7.3.4.jar;C:\Users\abrar\.m2\repository\junit\junit\4.13.2\junit-4.13.2.jar;C:\Users\abrar\.m2\repository\io\cucumber\cucumber-testng\7.4.1\cucumber-testng-7.4.1.jar;C:\Users\abrar\.m2\repository\io\cucumber\cucumber-jvm-deps\1.0.6\cucumber-jvm-deps-1.0.6.jar;C:\Users\abrar\.m2\repository\net\masterthought\cucumber-reporting\5.7.1\cucumber-reporting-5.7.1.jar;C:\Users\abrar\.m2\repository\com\fasterxml\jackson\core\jackson-databind\2.13.2.2\jackson-databind-2.13.2.2.jar;C:\Users\abrar\.m2\repository\com\fasterxml\jackson\core\jackson-annotations\2.13.2\jackson-annotations-2.13.2.jar;C:\Users\abrar\.m2\repository\com\fasterxml\jackson\core\jackson-core\2.13.2\jackson-core-2.13.2.jar;C:\Users\abrar\.m2\repository\com\fasterxml\jackson\datatype\jackson-datatype-jsr310\2.13.2\jackson-datatype-jsr310-2.13.2.jar;C:\Users\abrar\.m2\repository\org\apache\velocity\velocity-engine-core\2.3\velocity-engine-core-2.3.jar;C:\Users\abrar\.m2\repository\commons-collections\commons-collections\3.2.2\commons-collections-3.2.2.jar;C:\Users\abrar\.m2\repository\joda-time\joda-time\2.10.14\joda-time-2.10.14.jar;C:\Users\abrar\.m2\repository\org\codehaus\plexus\plexus-utils\3.4.2\plexus-utils-3.4.2.jar;C:\Users\abrar\.m2\repository\org\jsoup\jsoup\1.15.1\jsoup-1.15.1.jar;C:\Users\abrar\.m2\repository\com\google\guava\guava\31.1-jre\guava-31.1-jre.jar;C:\Users\abrar\.m2\repository\com\google\guava\failureaccess\1.0.1\failureaccess-1.0.1.jar;C:\Users\abrar\.m2\repository\com\google\guava\listenablefuture\9999.0-empty-to-avoid-conflict-with-guava\listenablefuture-9999.0-empty-to-avoid-conflict-with-guava.jar;C:\Users\abrar\.m2\repository\com\google\code\findbugs\jsr305\3.0.2\jsr305-3.0.2.jar;C:\Users\abrar\.m2\repository\org\checkerframework\checker-qual\3.12.0\checker-qual-3.12.0.jar;C:\Users\abrar\.m2\repository\com\google\errorprone\error_prone_annotations\2.11.0\error_prone_annotations-2.11.0.jar;C:\Users\abrar\.m2\repository\com\google\j2objc\j2objc-annotations\1.3\j2objc-annotations-1.3.jar;C:\Users\abrar\.m2\repository\com\googlecode\owasp-java-html-sanitizer\owasp-java-html-sanitizer\20211018.2\owasp-java-html-sanitizer-20211018.2.jar;C:\Users\abrar\.m2\repository\commons-configuration\commons-configuration\1.10\commons-configuration-1.10.jar;C:\Users\abrar\.m2\repository\commons-lang\commons-lang\2.6\commons-lang-2.6.jar;C:\Users\abrar\.m2\repository\commons-logging\commons-logging\1.1.1\commons-logging-1.1.1.jar;C:\Users\abrar\.m2\repository\io\cucumber\cucumber-html\0.2.7\cucumber-html-0.2.7.jar;C:\Users\abrar\.m2\repository\org\hamcrest\hamcrest-core\2.2\hamcrest-core-2.2.jar;C:\Users\abrar\.m2\repository\org\hamcrest\hamcrest\2.2\hamcrest-2.2.jar;C:\Users\abrar\.m2\repository\io\cucumber\gherkin\23.0.1\gherkin-23.0.1.jar;C:\Users\abrar\.m2\repository\io\cucumber\messages\18.0.0\messages-18.0.0.jar;C:\Users\abrar\.m2\repository\net\sourceforge\cobertura\cobertura\2.1.1\cobertura-2.1.1.jar;C:\Users\abrar\.m2\repository\org\ow2\asm\asm\5.0.1\asm-5.0.1.jar;C:\Users\abrar\.m2\repository\org\ow2\asm\asm-tree\5.0.1\asm-tree-5.0.1.jar;C:\Users\abrar\.m2\repository\org\ow2\asm\asm-commons\5.0.1\asm-commons-5.0.1.jar;C:\Users\abrar\.m2\repository\org\ow2\asm\asm-util\5.0.1\asm-util-5.0.1.jar;C:\Users\abrar\.m2\repository\org\ow2\asm\asm-analysis\5.0.1\asm-analysis-5.0.1.jar;C:\Users\abrar\.m2\repository\oro\oro\2.0.8\oro-2.0.8.jar;C:\Users\abrar\.m2\repository\jaxen\jaxen\1.1.4\jaxen-1.1.4.jar;C:\Users\abrar\.m2\repository\org\apache\ant\ant\1.8.3\ant-1.8.3.jar;C:\Users\abrar\.m2\repository\org\apache\ant\ant-launcher\1.8.3\ant-launcher-1.8.3.jar;C:\Users\abrar\.m2\repository\org\apache\ant\ant-junit\1.8.3\ant-junit-1.8.3.jar;C:\Users\abrar\.m2\repository\org\mortbay\jetty\servlet-api-2.5\6.1.14\servlet-api-2.5-6.1.14.jar;C:\Users\abrar\.m2\repository\org\mortbay\jetty\jetty\6.1.14\jetty-6.1.14.jar;C:\Users\abrar\.m2\repository\org\mortbay\jetty\jetty-util\6.1.14\jetty-util-6.1.14.jar;C:\Users\abrar\.m2\repository\ch\qos\logback\logback-classic\1.0.13\logback-classic-1.0.13.jar;C:\Users\abrar\.m2\repository\ch\qos\logback\logback-core\1.0.13\logback-core-1.0.13.jar;C:\Users\abrar\.m2\repository\org\apache\poi\poi\5.2.2\poi-5.2.2.jar;C:\Users\abrar\.m2\repository\commons-codec\commons-codec\1.15\commons-codec-1.15.jar;C:\Users\abrar\.m2\repository\org\apache\commons\commons-collections4\4.4\commons-collections4-4.4.jar;C:\Users\abrar\.m2\repository\org\apache\commons\commons-math3\3.6.1\commons-math3-3.6.1.jar;C:\Users\abrar\.m2\repository\com\zaxxer\SparseBitSet\1.2\SparseBitSet-1.2.jar;C:\Users\abrar\.m2\repository\org\apache\poi\poi-ooxml\5.2.2\poi-ooxml-5.2.2.jar;C:\Users\abrar\.m2\repository\org\apache\poi\poi-ooxml-lite\5.2.2\poi-ooxml-lite-5.2.2.jar;C:\Users\abrar\.m2\repository\org\apache\xmlbeans\xmlbeans\5.0.3\xmlbeans-5.0.3.jar;C:\Users\abrar\.m2\repository\org\apache\commons\commons-compress\1.21\commons-compress-1.21.jar;C:\Users\abrar\.m2\repository\com\github\virtuald\curvesapi\1.07\curvesapi-1.07.jar;C:\Program Files\Java\jdk-17.0.3.1\lib\tools.jar;C:\Users\abrar\.m2\repository\io\cucumber\datatable-dependencies\1.1.12\datatable-dependencies-1.1.12.jar;C:\Users\abrar\.m2\repository\io\cucumber\datatable\1.0.3\datatable-1.0.3.jar;C:\Users\abrar\.m2\repository\commons-io\commons-io\2.11.0\commons-io-2.11.0.jar;C:\Users\abrar\.m2\repository\org\apache\logging\log4j\log4j-core\2.17.2\log4j-core-2.17.2.jar;C:\Users\abrar\.m2\repository\org\apache\logging\log4j\log4j-api\2.17.2\log4j-api-2.17.2.jar;C:\Users\abrar\.m2\repository\org\testng\testng\7.4.0\testng-7.4.0.jar;C:\Users\abrar\.m2\repository\com\beust\jcommander\1.78\jcommander-1.78.jar;C:\Users\abrar\.m2\repository\org\webjars\jquery\3.5.1\jquery-3.5.1.jar;"/>
    <property name="java.vm.vendor" value="Oracle Corporation"/>
    <property name="sun.arch.data.model" value="64"/>
    <property name="user.variant" value=""/>
    <property name="java.vendor.url" value="https://java.oracle.com/"/>
    <property name="user.timezone" value="Asia/Calcutta"/>
    <property name="os.name" value="Windows 10"/>
    <property name="java.vm.specification.version" value="17"/>
    <property name="sun.java.launcher" value="SUN_STANDARD"/>
    <property name="user.country" value="IN"/>
    <property name="sun.boot.library.path" value="C:\Program Files\Java\jdk-17.0.3.1\bin"/>
    <property name="sun.java.command" value="C:\Users\abrar\AppData\Local\Temp\surefire8290115328851495430\surefirebooter-20220726184044951_3.jar C:\Users\abrar\AppData\Local\Temp\surefire8290115328851495430 2022-07-26T18-40-44_631-jvmRun1 surefire-20220726184044951_1tmp surefire_0-20220726184044951_2tmp"/>
    <property name="jdk.debug" value="release"/>
    <property name="surefire.test.class.path" value="C:\Users\abrar\eclipse-workspace\CucumberE2E\target\test-classes;C:\Users\abrar\eclipse-workspace\CucumberE2E\target\classes;C:\Users\abrar\.m2\repository\io\github\bonigarcia\webdrivermanager\5.2.1\webdrivermanager-5.2.1.jar;C:\Users\abrar\.m2\repository\org\slf4j\slf4j-api\1.7.36\slf4j-api-1.7.36.jar;C:\Users\abrar\.m2\repository\com\google\code\gson\gson\2.9.0\gson-2.9.0.jar;C:\Users\abrar\.m2\repository\com\github\docker-java\docker-java\3.2.13\docker-java-3.2.13.jar;C:\Users\abrar\.m2\repository\com\github\docker-java\docker-java-core\3.2.13\docker-java-core-3.2.13.jar;C:\Users\abrar\.m2\repository\com\github\docker-java\docker-java-api\3.2.13\docker-java-api-3.2.13.jar;C:\Users\abrar\.m2\repository\org\bouncycastle\bcpkix-jdk15on\1.64\bcpkix-jdk15on-1.64.jar;C:\Users\abrar\.m2\repository\org\bouncycastle\bcprov-jdk15on\1.64\bcprov-jdk15on-1.64.jar;C:\Users\abrar\.m2\repository\org\slf4j\jcl-over-slf4j\1.7.30\jcl-over-slf4j-1.7.30.jar;C:\Users\abrar\.m2\repository\com\github\docker-java\docker-java-transport-httpclient5\3.2.13\docker-java-transport-httpclient5-3.2.13.jar;C:\Users\abrar\.m2\repository\com\github\docker-java\docker-java-transport\3.2.13\docker-java-transport-3.2.13.jar;C:\Users\abrar\.m2\repository\net\java\dev\jna\jna\5.8.0\jna-5.8.0.jar;C:\Users\abrar\.m2\repository\org\brotli\dec\0.1.2\dec-0.1.2.jar;C:\Users\abrar\.m2\repository\org\apache\commons\commons-lang3\3.12.0\commons-lang3-3.12.0.jar;C:\Users\abrar\.m2\repository\org\apache\httpcomponents\client5\httpclient5\5.1.3\httpclient5-5.1.3.jar;C:\Users\abrar\.m2\repository\org\apache\httpcomponents\core5\httpcore5\5.1.3\httpcore5-5.1.3.jar;C:\Users\abrar\.m2\repository\org\apache\httpcomponents\core5\httpcore5-h2\5.1.3\httpcore5-h2-5.1.3.jar;C:\Users\abrar\.m2\repository\org\seleniumhq\selenium\selenium-java\4.2.1\selenium-java-4.2.1.jar;C:\Users\abrar\.m2\repository\org\seleniumhq\selenium\selenium-api\4.2.1\selenium-api-4.2.1.jar;C:\Users\abrar\.m2\repository\org\seleniumhq\selenium\selenium-chrome-driver\4.2.1\selenium-chrome-driver-4.2.1.jar;C:\Users\abrar\.m2\repository\com\google\auto\service\auto-service-annotations\1.0.1\auto-service-annotations-1.0.1.jar;C:\Users\abrar\.m2\repository\com\google\auto\service\auto-service\1.0.1\auto-service-1.0.1.jar;C:\Users\abrar\.m2\repository\com\google\auto\auto-common\1.2\auto-common-1.2.jar;C:\Users\abrar\.m2\repository\org\seleniumhq\selenium\selenium-chromium-driver\4.2.1\selenium-chromium-driver-4.2.1.jar;C:\Users\abrar\.m2\repository\org\seleniumhq\selenium\selenium-json\4.2.1\selenium-json-4.2.1.jar;C:\Users\abrar\.m2\repository\org\seleniumhq\selenium\selenium-devtools-v100\4.2.1\selenium-devtools-v100-4.2.1.jar;C:\Users\abrar\.m2\repository\org\seleniumhq\selenium\selenium-devtools-v101\4.2.1\selenium-devtools-v101-4.2.1.jar;C:\Users\abrar\.m2\repository\org\seleniumhq\selenium\selenium-devtools-v102\4.2.1\selenium-devtools-v102-4.2.1.jar;C:\Users\abrar\.m2\repository\org\seleniumhq\selenium\selenium-devtools-v85\4.2.1\selenium-devtools-v85-4.2.1.jar;C:\Users\abrar\.m2\repository\org\seleniumhq\selenium\selenium-edge-driver\4.2.1\selenium-edge-driver-4.2.1.jar;C:\Users\abrar\.m2\repository\org\seleniumhq\selenium\selenium-firefox-driver\4.2.1\selenium-firefox-driver-4.2.1.jar;C:\Users\abrar\.m2\repository\org\seleniumhq\selenium\selenium-ie-driver\4.2.1\selenium-ie-driver-4.2.1.jar;C:\Users\abrar\.m2\repository\org\seleniumhq\selenium\selenium-opera-driver\4.2.1\selenium-opera-driver-4.2.1.jar;C:\Users\abrar\.m2\repository\org\seleniumhq\selenium\selenium-remote-driver\4.2.1\selenium-remote-driver-4.2.1.jar;C:\Users\abrar\.m2\repository\io\netty\netty-buffer\4.1.77.Final\netty-buffer-4.1.77.Final.jar;C:\Users\abrar\.m2\repository\io\netty\netty-codec-http\4.1.77.Final\netty-codec-http-4.1.77.Final.jar;C:\Users\abrar\.m2\repository\io\netty\netty-codec\4.1.77.Final\netty-codec-4.1.77.Final.jar;C:\Users\abrar\.m2\repository\io\netty\netty-handler\4.1.77.Final\netty-handler-4.1.77.Final.jar;C:\Users\abrar\.m2\repository\io\netty\netty-common\4.1.77.Final\netty-common-4.1.77.Final.jar;C:\Users\abrar\.m2\repository\io\netty\netty-transport-classes-epoll\4.1.77.Final\netty-transport-classes-epoll-4.1.77.Final.jar;C:\Users\abrar\.m2\repository\io\netty\netty-transport-classes-kqueue\4.1.77.Final\netty-transport-classes-kqueue-4.1.77.Final.jar;C:\Users\abrar\.m2\repository\io\netty\netty-transport-native-epoll\4.1.77.Final\netty-transport-native-epoll-4.1.77.Final.jar;C:\Users\abrar\.m2\repository\io\netty\netty-transport-native-kqueue\4.1.77.Final\netty-transport-native-kqueue-4.1.77.Final.jar;C:\Users\abrar\.m2\repository\io\netty\netty-transport-native-unix-common\4.1.77.Final\netty-transport-native-unix-common-4.1.77.Final.jar;C:\Users\abrar\.m2\repository\io\netty\netty-transport\4.1.77.Final\netty-transport-4.1.77.Final.jar;C:\Users\abrar\.m2\repository\io\netty\netty-resolver\4.1.77.Final\netty-resolver-4.1.77.Final.jar;C:\Users\abrar\.m2\repository\io\opentelemetry\opentelemetry-api\1.14.0\opentelemetry-api-1.14.0.jar;C:\Users\abrar\.m2\repository\io\opentelemetry\opentelemetry-context\1.14.0\opentelemetry-context-1.14.0.jar;C:\Users\abrar\.m2\repository\io\opentelemetry\opentelemetry-exporter-logging\1.14.0\opentelemetry-exporter-logging-1.14.0.jar;C:\Users\abrar\.m2\repository\io\opentelemetry\opentelemetry-sdk-metrics\1.14.0\opentelemetry-sdk-metrics-1.14.0.jar;C:\Users\abrar\.m2\repository\io\opentelemetry\opentelemetry-sdk-logs\1.14.0-alpha\opentelemetry-sdk-logs-1.14.0-alpha.jar;C:\Users\abrar\.m2\repository\io\opentelemetry\opentelemetry-sdk-common\1.14.0\opentelemetry-sdk-common-1.14.0.jar;C:\Users\abrar\.m2\repository\io\opentelemetry\opentelemetry-sdk-extension-autoconfigure-spi\1.14.0\opentelemetry-sdk-extension-autoconfigure-spi-1.14.0.jar;C:\Users\abrar\.m2\repository\io\opentelemetry\opentelemetry-sdk-extension-autoconfigure\1.14.0-alpha\opentelemetry-sdk-extension-autoconfigure-1.14.0-alpha.jar;C:\Users\abrar\.m2\repository\io\opentelemetry\opentelemetry-sdk-trace\1.14.0\opentelemetry-sdk-trace-1.14.0.jar;C:\Users\abrar\.m2\repository\io\opentelemetry\opentelemetry-sdk\1.14.0\opentelemetry-sdk-1.14.0.jar;C:\Users\abrar\.m2\repository\io\opentelemetry\opentelemetry-semconv\1.14.0-alpha\opentelemetry-semconv-1.14.0-alpha.jar;C:\Users\abrar\.m2\repository\io\ous\jtoml\2.0.0\jtoml-2.0.0.jar;C:\Users\abrar\.m2\repository\net\bytebuddy\byte-buddy\1.12.10\byte-buddy-1.12.10.jar;C:\Users\abrar\.m2\repository\org\apache\commons\commons-exec\1.3\commons-exec-1.3.jar;C:\Users\abrar\.m2\repository\org\asynchttpclient\async-http-client\2.12.3\async-http-client-2.12.3.jar;C:\Users\abrar\.m2\repository\org\asynchttpclient\async-http-client-netty-utils\2.12.3\async-http-client-netty-utils-2.12.3.jar;C:\Users\abrar\.m2\repository\io\netty\netty-codec-socks\4.1.60.Final\netty-codec-socks-4.1.60.Final.jar;C:\Users\abrar\.m2\repository\io\netty\netty-handler-proxy\4.1.60.Final\netty-handler-proxy-4.1.60.Final.jar;C:\Users\abrar\.m2\repository\io\netty\netty-transport-native-epoll\4.1.60.Final\netty-transport-native-epoll-4.1.60.Final-linux-x86_64.jar;C:\Users\abrar\.m2\repository\io\netty\netty-transport-native-kqueue\4.1.60.Final\netty-transport-native-kqueue-4.1.60.Final-osx-x86_64.jar;C:\Users\abrar\.m2\repository\org\reactivestreams\reactive-streams\1.0.3\reactive-streams-1.0.3.jar;C:\Users\abrar\.m2\repository\com\typesafe\netty\netty-reactive-streams\2.0.4\netty-reactive-streams-2.0.4.jar;C:\Users\abrar\.m2\repository\com\sun\activation\jakarta.activation\1.2.2\jakarta.activation-1.2.2.jar;C:\Users\abrar\.m2\repository\org\seleniumhq\selenium\selenium-http\4.2.1\selenium-http-4.2.1.jar;C:\Users\abrar\.m2\repository\dev\failsafe\failsafe\3.2.4\failsafe-3.2.4.jar;C:\Users\abrar\.m2\repository\org\seleniumhq\selenium\selenium-safari-driver\4.2.1\selenium-safari-driver-4.2.1.jar;C:\Users\abrar\.m2\repository\org\seleniumhq\selenium\selenium-support\4.2.1\selenium-support-4.2.1.jar;C:\Users\abrar\.m2\repository\io\cucumber\cucumber-java\7.3.4\cucumber-java-7.3.4.jar;C:\Users\abrar\.m2\repository\io\cucumber\cucumber-core\7.3.4\cucumber-core-7.3.4.jar;C:\Users\abrar\.m2\repository\io\cucumber\cucumber-gherkin\7.3.4\cucumber-gherkin-7.3.4.jar;C:\Users\abrar\.m2\repository\io\cucumber\cucumber-gherkin-messages\7.3.4\cucumber-gherkin-messages-7.3.4.jar;C:\Users\abrar\.m2\repository\io\cucumber\tag-expressions\4.1.0\tag-expressions-4.1.0.jar;C:\Users\abrar\.m2\repository\io\cucumber\cucumber-expressions\15.1.1\cucumber-expressions-15.1.1.jar;C:\Users\abrar\.m2\repository\io\cucumber\cucumber-plugin\7.3.4\cucumber-plugin-7.3.4.jar;C:\Users\abrar\.m2\repository\io\cucumber\docstring\7.3.4\docstring-7.3.4.jar;C:\Users\abrar\.m2\repository\io\cucumber\html-formatter\19.1.0\html-formatter-19.1.0.jar;C:\Users\abrar\.m2\repository\io\cucumber\ci-environment\9.0.4\ci-environment-9.0.4.jar;C:\Users\abrar\.m2\repository\org\apiguardian\apiguardian-api\1.1.2\apiguardian-api-1.1.2.jar;C:\Users\abrar\.m2\repository\io\cucumber\cucumber-junit\7.3.4\cucumber-junit-7.3.4.jar;C:\Users\abrar\.m2\repository\junit\junit\4.13.2\junit-4.13.2.jar;C:\Users\abrar\.m2\repository\io\cucumber\cucumber-testng\7.4.1\cucumber-testng-7.4.1.jar;C:\Users\abrar\.m2\repository\io\cucumber\cucumber-jvm-deps\1.0.6\cucumber-jvm-deps-1.0.6.jar;C:\Users\abrar\.m2\repository\net\masterthought\cucumber-reporting\5.7.1\cucumber-reporting-5.7.1.jar;C:\Users\abrar\.m2\repository\com\fasterxml\jackson\core\jackson-databind\2.13.2.2\jackson-databind-2.13.2.2.jar;C:\Users\abrar\.m2\repository\com\fasterxml\jackson\core\jackson-annotations\2.13.2\jackson-annotations-2.13.2.jar;C:\Users\abrar\.m2\repository\com\fasterxml\jackson\core\jackson-core\2.13.2\jackson-core-2.13.2.jar;C:\Users\abrar\.m2\repository\com\fasterxml\jackson\datatype\jackson-datatype-jsr310\2.13.2\jackson-datatype-jsr310-2.13.2.jar;C:\Users\abrar\.m2\repository\org\apache\velocity\velocity-engine-core\2.3\velocity-engine-core-2.3.jar;C:\Users\abrar\.m2\repository\commons-collections\commons-collections\3.2.2\commons-collections-3.2.2.jar;C:\Users\abrar\.m2\repository\joda-time\joda-time\2.10.14\joda-time-2.10.14.jar;C:\Users\abrar\.m2\repository\org\codehaus\plexus\plexus-utils\3.4.2\plexus-utils-3.4.2.jar;C:\Users\abrar\.m2\repository\org\jsoup\jsoup\1.15.1\jsoup-1.15.1.jar;C:\Users\abrar\.m2\repository\com\google\guava\guava\31.1-jre\guava-31.1-jre.jar;C:\Users\abrar\.m2\repository\com\google\guava\failureaccess\1.0.1\failureaccess-1.0.1.jar;C:\Users\abrar\.m2\repository\com\google\guava\listenablefuture\9999.0-empty-to-avoid-conflict-with-guava\listenablefuture-9999.0-empty-to-avoid-conflict-with-guava.jar;C:\Users\abrar\.m2\repository\com\google\code\findbugs\jsr305\3.0.2\jsr305-3.0.2.jar;C:\Users\abrar\.m2\repository\org\checkerframework\checker-qual\3.12.0\checker-qual-3.12.0.jar;C:\Users\abrar\.m2\repository\com\google\errorprone\error_prone_annotations\2.11.0\error_prone_annotations-2.11.0.jar;C:\Users\abrar\.m2\repository\com\google\j2objc\j2objc-annotations\1.3\j2objc-annotations-1.3.jar;C:\Users\abrar\.m2\repository\com\googlecode\owasp-java-html-sanitizer\owasp-java-html-sanitizer\20211018.2\owasp-java-html-sanitizer-20211018.2.jar;C:\Users\abrar\.m2\repository\commons-configuration\commons-configuration\1.10\commons-configuration-1.10.jar;C:\Users\abrar\.m2\repository\commons-lang\commons-lang\2.6\commons-lang-2.6.jar;C:\Users\abrar\.m2\repository\commons-logging\commons-logging\1.1.1\commons-logging-1.1.1.jar;C:\Users\abrar\.m2\repository\io\cucumber\cucumber-html\0.2.7\cucumber-html-0.2.7.jar;C:\Users\abrar\.m2\repository\org\hamcrest\hamcrest-core\2.2\hamcrest-core-2.2.jar;C:\Users\abrar\.m2\repository\org\hamcrest\hamcrest\2.2\hamcrest-2.2.jar;C:\Users\abrar\.m2\repository\io\cucumber\gherkin\23.0.1\gherkin-23.0.1.jar;C:\Users\abrar\.m2\repository\io\cucumber\messages\18.0.0\messages-18.0.0.jar;C:\Users\abrar\.m2\repository\net\sourceforge\cobertura\cobertura\2.1.1\cobertura-2.1.1.jar;C:\Users\abrar\.m2\repository\org\ow2\asm\asm\5.0.1\asm-5.0.1.jar;C:\Users\abrar\.m2\repository\org\ow2\asm\asm-tree\5.0.1\asm-tree-5.0.1.jar;C:\Users\abrar\.m2\repository\org\ow2\asm\asm-commons\5.0.1\asm-commons-5.0.1.jar;C:\Users\abrar\.m2\repository\org\ow2\asm\asm-util\5.0.1\asm-util-5.0.1.jar;C:\Users\abrar\.m2\repository\org\ow2\asm\asm-analysis\5.0.1\asm-analysis-5.0.1.jar;C:\Users\abrar\.m2\repository\oro\oro\2.0.8\oro-2.0.8.jar;C:\Users\abrar\.m2\repository\jaxen\jaxen\1.1.4\jaxen-1.1.4.jar;C:\Users\abrar\.m2\repository\org\apache\ant\ant\1.8.3\ant-1.8.3.jar;C:\Users\abrar\.m2\repository\org\apache\ant\ant-launcher\1.8.3\ant-launcher-1.8.3.jar;C:\Users\abrar\.m2\repository\org\apache\ant\ant-junit\1.8.3\ant-junit-1.8.3.jar;C:\Users\abrar\.m2\repository\org\mortbay\jetty\servlet-api-2.5\6.1.14\servlet-api-2.5-6.1.14.jar;C:\Users\abrar\.m2\repository\org\mortbay\jetty\jetty\6.1.14\jetty-6.1.14.jar;C:\Users\abrar\.m2\repository\org\mortbay\jetty\jetty-util\6.1.14\jetty-util-6.1.14.jar;C:\Users\abrar\.m2\repository\ch\qos\logback\logback-classic\1.0.13\logback-classic-1.0.13.jar;C:\Users\abrar\.m2\repository\ch\qos\logback\logback-core\1.0.13\logback-core-1.0.13.jar;C:\Users\abrar\.m2\repository\org\apache\poi\poi\5.2.2\poi-5.2.2.jar;C:\Users\abrar\.m2\repository\commons-codec\commons-codec\1.15\commons-codec-1.15.jar;C:\Users\abrar\.m2\repository\org\apache\commons\commons-collections4\4.4\commons-collections4-4.4.jar;C:\Users\abrar\.m2\repository\org\apache\commons\commons-math3\3.6.1\commons-math3-3.6.1.jar;C:\Users\abrar\.m2\repository\com\zaxxer\SparseBitSet\1.2\SparseBitSet-1.2.jar;C:\Users\abrar\.m2\repository\org\apache\poi\poi-ooxml\5.2.2\poi-ooxml-5.2.2.jar;C:\Users\abrar\.m2\repository\org\apache\poi\poi-ooxml-lite\5.2.2\poi-ooxml-lite-5.2.2.jar;C:\Users\abrar\.m2\repository\org\apache\xmlbeans\xmlbeans\5.0.3\xmlbeans-5.0.3.jar;C:\Users\abrar\.m2\repository\org\apache\commons\commons-compress\1.21\commons-compress-1.21.jar;C:\Users\abrar\.m2\repository\com\github\virtuald\curvesapi\1.07\curvesapi-1.07.jar;C:\Program Files\Java\jdk-17.0.3.1\lib\tools.jar;C:\Users\abrar\.m2\repository\io\cucumber\datatable-dependencies\1.1.12\datatable-dependencies-1.1.12.jar;C:\Users\abrar\.m2\repository\io\cucumber\datatable\1.0.3\datatable-1.0.3.jar;C:\Users\abrar\.m2\repository\commons-io\commons-io\2.11.0\commons-io-2.11.0.jar;C:\Users\abrar\.m2\repository\org\apache\logging\log4j\log4j-core\2.17.2\log4j-core-2.17.2.jar;C:\Users\abrar\.m2\repository\org\apache\logging\log4j\log4j-api\2.17.2\log4j-api-2.17.2.jar;C:\Users\abrar\.m2\repository\org\testng\testng\7.4.0\testng-7.4.0.jar;C:\Users\abrar\.m2\repository\com\beust\jcommander\1.78\jcommander-1.78.jar;C:\Users\abrar\.m2\repository\org\webjars\jquery\3.5.1\jquery-3.5.1.jar;"/>
    <property name="sun.cpu.endian" value="little"/>
    <property name="user.home" value="C:\Users\abrar"/>
    <property name="user.language" value="en"/>
    <property name="java.specification.vendor" value="Oracle Corporation"/>
    <property name="java.version.date" value="2022-04-22"/>
    <property name="java.home" value="C:\Program Files\Java\jdk-17.0.3.1"/>
    <property name="file.separator" value="\"/>
    <property name="basedir" value="C:\Users\abrar\eclipse-workspace\CucumberE2E"/>
    <property name="java.vm.compressedOopsMode" value="32-bit"/>
    <property name="line.separator" value="&#10;"/>
    <property name="java.vm.specification.vendor" value="Oracle Corporation"/>
    <property name="java.specification.name" value="Java Platform API Specification"/>
    <property name="surefire.real.class.path" value="C:\Users\abrar\AppData\Local\Temp\surefire8290115328851495430\surefirebooter-20220726184044951_3.jar"/>
    <property name="user.script" value=""/>
    <property name="sun.management.compiler" value="HotSpot 64-Bit Tiered Compilers"/>
    <property name="java.runtime.version" value="17.0.3.1+2-LTS-6"/>
    <property name="user.name" value="abrar"/>
    <property name="path.separator" value=";"/>
    <property name="os.version" value="10.0"/>
    <property name="java.runtime.name" value="Java(TM) SE Runtime Environment"/>
    <property name="file.encoding" value="Cp1252"/>
    <property name="java.vm.name" value="Java HotSpot(TM) 64-Bit Server VM"/>
    <property name="localRepository" value="C:\Users\abrar\.m2\repository"/>
    <property name="java.vendor.url.bug" value="https://bugreport.java.com/bugreport/"/>
    <property name="java.io.tmpdir" value="C:\Users\abrar\AppData\Local\Temp\"/>
    <property name="java.version" value="17.0.3.1"/>
    <property name="user.dir" value="C:\Users\abrar\eclipse-workspace\CucumberE2E"/>
    <property name="os.arch" value="amd64"/>
    <property name="java.vm.specification.name" value="Java Virtual Machine Specification"/>
    <property name="sun.os.patch.level" value=""/>
    <property name="native.encoding" value="Cp1252"/>
    <property name="java.library.path" value="C:\Program Files\Java\jdk-17.0.3.1\bin;C:\WINDOWS\Sun\Java\bin;C:\WINDOWS\system32;C:\WINDOWS;C:/Program Files/Java/jdk-17.0.3.1//bin/server;C:/Program Files/Java/jdk-17.0.3.1//bin;C:\Windows\system32;C:\Windows;C:\Windows\System32\Wbem;C:\Windows\System32\WindowsPowerShell\v1.0\;C:\Windows\System32\OpenSSH\;C:\Program Files (x86)\NVIDIA Corporation\PhysX\Common;C:\Program Files\NVIDIA Corporation\NVIDIA NvDLISR;C:\WINDOWS\system32;C:\WINDOWS;C:\WINDOWS\System32\Wbem;C:\WINDOWS\System32\WindowsPowerShell\v1.0\;C:\WINDOWS\System32\OpenSSH\;C:\apache-maven-3.8.6\bin;C:\Program Files\Git\bin;C:\Program Files\Java\jdk-17.0.3.1\\bin;C:\Program Files\MySQL\MySQL Shell 8.0\bin\;C:\Users\abrar\AppData\Local\Microsoft\WindowsApps;;C:\work\eclipse-java-2020-09-R-win32-x86_64\eclipse;;."/>
    <property name="java.vm.info" value="mixed mode, sharing"/>
    <property name="java.vendor" value="Oracle Corporation"/>
    <property name="java.vm.version" value="17.0.3.1+2-LTS-6"/>
    <property name="sun.io.unicode.encoding" value="UnicodeLittle"/>
    <property name="java.class.version" value="61.0"/>
  </properties>
  <testcase name="runScenario[&quot;Add new customer&quot;, &quot;Add customer test&quot;](1)" classname="testRunner.Run" time="17.755">
    <system-out><![CDATA[Setup-1 Sanity method executed
chrome
[DEBUG] Resolution chrome=103 in cache (valid until 19:22:20 26/07/2022 IST)
[DEBUG] Resolution chrome103=103.0.5060.134 in cache (valid until 21:50:19 26/07/2022 IST)
[INFO] Using chromedriver 103.0.5060.134 (resolved driver for Chrome 103)
[DEBUG] Driver chromedriver 103.0.5060.134 found in cache
[INFO] Exporting webdriver.chrome.driver as C:\Users\abrar\.cache\selenium\chromedriver\win32\103.0.5060.134\chromedriver.exe
[DEBUG] Using SLF4J as the default logging framework
[DEBUG] -Dio.netty.leakDetection.level: simple
[DEBUG] -Dio.netty.leakDetection.targetRecords: 4
[DEBUG] Loaded default ResourceLeakDetector: io.netty.util.ResourceLeakDetector@6d074b14
[DEBUG] -Dio.netty.noUnsafe: false
[DEBUG] Java version: 17
[DEBUG] sun.misc.Unsafe.theUnsafe: available
[DEBUG] sun.misc.Unsafe.copyMemory: available
[DEBUG] sun.misc.Unsafe.storeFence: available
[DEBUG] java.nio.Buffer.address: available
[DEBUG] direct buffer constructor: unavailable: Reflective setAccessible(true) disabled
[DEBUG] java.nio.Bits.unaligned: available, true
[DEBUG] jdk.internal.misc.Unsafe.allocateUninitializedArray(int): unavailable: class io.netty.util.internal.PlatformDependent0$7 cannot access class jdk.internal.misc.Unsafe (in module java.base) because module java.base does not export jdk.internal.misc to unnamed module @6b26e945
[DEBUG] java.nio.DirectByteBuffer.<init>(long, int): unavailable
[DEBUG] sun.misc.Unsafe: available
[DEBUG] maxDirectMemory: 2103443456 bytes (maybe)
[DEBUG] -Dio.netty.tmpdir: C:\Users\abrar\AppData\Local\Temp (java.io.tmpdir)
[DEBUG] -Dio.netty.bitMode: 64 (sun.arch.data.model)
[DEBUG] Platform: Windows
[DEBUG] -Dio.netty.maxDirectMemory: -1 bytes
[DEBUG] -Dio.netty.uninitializedArrayAllocationThreshold: -1
[DEBUG] java.nio.ByteBuffer.cleaner(): available
[DEBUG] -Dio.netty.noPreferDirect: false
[DEBUG] org.jctools-core.MpscChunkedArrayQueue: available
[DEBUG] -Dio.netty.threadLocalMap.stringBuilder.initialSize: 1024
[DEBUG] -Dio.netty.threadLocalMap.stringBuilder.maxSize: 4096
[DEBUG] Default protocols (JDK): [TLSv1.3, TLSv1.2] 
[DEBUG] Default cipher suites (JDK): [TLS_ECDHE_ECDSA_WITH_AES_256_GCM_SHA384, TLS_ECDHE_ECDSA_WITH_AES_128_GCM_SHA256, TLS_ECDHE_RSA_WITH_AES_128_GCM_SHA256, TLS_ECDHE_RSA_WITH_AES_256_GCM_SHA384, TLS_ECDHE_RSA_WITH_AES_128_CBC_SHA, TLS_ECDHE_RSA_WITH_AES_256_CBC_SHA, TLS_RSA_WITH_AES_128_GCM_SHA256, TLS_RSA_WITH_AES_128_CBC_SHA, TLS_RSA_WITH_AES_256_CBC_SHA, TLS_AES_128_GCM_SHA256, TLS_AES_256_GCM_SHA384]
[DEBUG] -Dio.netty.eventLoopThreads: 16
[DEBUG] -Dio.netty.noKeySetOptimization: false
[DEBUG] -Dio.netty.selectorAutoRebuildThreshold: 512
[DEBUG] -Dio.netty.allocator.numHeapArenas: 16
[DEBUG] -Dio.netty.allocator.numDirectArenas: 16
[DEBUG] -Dio.netty.allocator.pageSize: 8192
[DEBUG] -Dio.netty.allocator.maxOrder: 9
[DEBUG] -Dio.netty.allocator.chunkSize: 4194304
[DEBUG] -Dio.netty.allocator.smallCacheSize: 256
[DEBUG] -Dio.netty.allocator.normalCacheSize: 64
[DEBUG] -Dio.netty.allocator.maxCachedBufferCapacity: 32768
[DEBUG] -Dio.netty.allocator.cacheTrimInterval: 8192
[DEBUG] -Dio.netty.allocator.cacheTrimIntervalMillis: 0
[DEBUG] -Dio.netty.allocator.useCacheForAllThreads: false
[DEBUG] -Dio.netty.allocator.maxCachedByteBuffersPerChunk: 1023
[DEBUG] -Dio.netty.allocator.type: pooled
[DEBUG] -Dio.netty.threadLocalDirectBufferSize: 0
[DEBUG] -Dio.netty.maxThreadLocalCharBufferSize: 16384
[DEBUG] -Dio.netty.processId: 13840 (auto-detected)
[DEBUG] -Djava.net.preferIPv4Stack: false
[DEBUG] -Djava.net.preferIPv6Addresses: false
[DEBUG] Loopback interface: lo (Software Loopback Interface 1, 127.0.0.1)
[DEBUG] Failed to get SOMAXCONN from sysctl and file \proc\sys\net\core\somaxconn. Default: 200
[DEBUG] -Dio.netty.machineId: a8:7e:ea:ff:fe:83:b1:e8 (auto-detected)
[DEBUG] -Dio.netty.buffer.checkAccessible: true
[DEBUG] -Dio.netty.buffer.checkBounds: true
[DEBUG] Loaded default ResourceLeakDetector: io.netty.util.ResourceLeakDetector@3e99edeb
[DEBUG] Using new Channel '[id: 0x7b6c1fea, L:/127.0.0.1:50793 - R:localhost/127.0.0.1:59780]' for 'POST' to '/session'
[DEBUG] -Dio.netty.recycler.maxCapacityPerThread: 4096
[DEBUG] -Dio.netty.recycler.ratio: 8
[DEBUG] -Dio.netty.recycler.chunkSize: 32
[DEBUG] -Dio.netty.recycler.blocking: false
[DEBUG] brotli4j not in the classpath; Brotli support will be unavailable.
[DEBUG] 

Request DefaultHttpRequest(decodeResult: success, version: HTTP/1.1)
POST /session HTTP/1.1
User-Agent: selenium/4.2.1 (java windows)
Content-Length: 365
Content-Type: application/json; charset=utf-8
host: localhost:59780
accept: */*

Response DefaultHttpResponse(decodeResult: success, version: HTTP/1.1)
HTTP/1.1 200 OK
Content-Type: application/json; charset=utf-8
cache-control: no-cache
content-length: 793

[DEBUG] Adding key: http://localhost:59780 for channel [id: 0x7b6c1fea, L:/127.0.0.1:50793 - R:localhost/127.0.0.1:59780]
[DEBUG] Using new Channel '[id: 0x19704839, L:/127.0.0.1:50801 - R:localhost/127.0.0.1:50794]' for 'GET' to '/json/version'
[DEBUG] 

Request DefaultFullHttpRequest(decodeResult: success, version: HTTP/1.1, content: EmptyByteBufBE)
GET /json/version HTTP/1.1
User-Agent: selenium/4.2.1 (java windows)
host: localhost:50794
accept: */*

Response DefaultHttpResponse(decodeResult: success, version: HTTP/1.1)
HTTP/1.1 200 OK
Content-Type: application/json; charset=UTF-8
content-length: 429

[DEBUG] Adding key: http://localhost:50794 for channel [id: 0x19704839, L:/127.0.0.1:50801 - R:localhost/127.0.0.1:50794]
[DEBUG] -Dio.netty.initialSeedUniquifier: 0x2c1a39129abdf7a7
[DEBUG] Using new Channel '[id: 0xf3429e6e, L:/127.0.0.1:50803 - R:localhost/127.0.0.1:50794]' for 'GET' to '/devtools/browser/ae1c15d8-513b-4344-b870-d98be866d214'
[DEBUG] 

Request DefaultFullHttpRequest(decodeResult: success, version: HTTP/1.1, content: EmptyByteBufBE)
GET /devtools/browser/ae1c15d8-513b-4344-b870-d98be866d214 HTTP/1.1
upgrade: websocket
connection: upgrade
sec-websocket-key: pLBa/b1o8PDVZbNDosyTFg==
sec-websocket-version: 13
origin: http://localhost:50794
host: localhost:50794
accept: */*
user-agent: AHC/2.1

Response DefaultHttpResponse(decodeResult: success, version: HTTP/1.1)
HTTP/1.1 101 WebSocket Protocol Handshake
Upgrade: WebSocket
Connection: Upgrade
Sec-WebSocket-Accept: eono4EoFptOVDFW+u6VM6a8T4Xs=

[DEBUG] Using pooled Channel '[id: 0x7b6c1fea, L:/127.0.0.1:50793 - R:localhost/127.0.0.1:59780]' for 'POST' to 'http://localhost:59780/session/0bfda7d8296c4441c0e8773c259bdd4f/url'
[DEBUG] Using open Channel [id: 0x7b6c1fea, L:/127.0.0.1:50793 - R:localhost/127.0.0.1:59780] for POST '/session/0bfda7d8296c4441c0e8773c259bdd4f/url'
[DEBUG] Entry count for : http://localhost:50794 : 1
[DEBUG] Entry count for : http://localhost:50794 : 1
[DEBUG] Entry count for : http://localhost:50794 : 1
[DEBUG] 

Request DefaultHttpRequest(decodeResult: success, version: HTTP/1.1)
POST /session/0bfda7d8296c4441c0e8773c259bdd4f/url HTTP/1.1
User-Agent: selenium/4.2.1 (java windows)
Content-Length: 69
Content-Type: application/json; charset=utf-8
host: localhost:59780
accept: */*

Response DefaultHttpResponse(decodeResult: success, version: HTTP/1.1)
HTTP/1.1 200 OK
Content-Type: application/json; charset=utf-8
cache-control: no-cache
content-length: 14

[DEBUG] Adding key: http://localhost:59780 for channel [id: 0x7b6c1fea, L:/127.0.0.1:50793 - R:localhost/127.0.0.1:59780]
[DEBUG] Using pooled Channel '[id: 0x7b6c1fea, L:/127.0.0.1:50793 - R:localhost/127.0.0.1:59780]' for 'POST' to 'http://localhost:59780/session/0bfda7d8296c4441c0e8773c259bdd4f/element'
[DEBUG] Using open Channel [id: 0x7b6c1fea, L:/127.0.0.1:50793 - R:localhost/127.0.0.1:59780] for POST '/session/0bfda7d8296c4441c0e8773c259bdd4f/element'
[DEBUG] 

Request DefaultHttpRequest(decodeResult: success, version: HTTP/1.1)
POST /session/0bfda7d8296c4441c0e8773c259bdd4f/element HTTP/1.1
User-Agent: selenium/4.2.1 (java windows)
Content-Length: 50
Content-Type: application/json; charset=utf-8
host: localhost:59780
accept: */*

Response DefaultHttpResponse(decodeResult: success, version: HTTP/1.1)
HTTP/1.1 200 OK
Content-Type: application/json; charset=utf-8
cache-control: no-cache
content-length: 88

[DEBUG] Adding key: http://localhost:59780 for channel [id: 0x7b6c1fea, L:/127.0.0.1:50793 - R:localhost/127.0.0.1:59780]
[DEBUG] Using pooled Channel '[id: 0x7b6c1fea, L:/127.0.0.1:50793 - R:localhost/127.0.0.1:59780]' for 'POST' to 'http://localhost:59780/session/0bfda7d8296c4441c0e8773c259bdd4f/element/3b209495-b767-4eec-9bae-0bf046bf9ad6/clear'
[DEBUG] Using open Channel [id: 0x7b6c1fea, L:/127.0.0.1:50793 - R:localhost/127.0.0.1:59780] for POST '/session/0bfda7d8296c4441c0e8773c259bdd4f/element/3b209495-b767-4eec-9bae-0bf046bf9ad6/clear'
[DEBUG] 

Request DefaultHttpRequest(decodeResult: success, version: HTTP/1.1)
POST /session/0bfda7d8296c4441c0e8773c259bdd4f/element/3b209495-b767-4eec-9bae-0bf046bf9ad6/clear HTTP/1.1
User-Agent: selenium/4.2.1 (java windows)
Content-Length: 50
Content-Type: application/json; charset=utf-8
host: localhost:59780
accept: */*

Response DefaultHttpResponse(decodeResult: success, version: HTTP/1.1)
HTTP/1.1 200 OK
Content-Type: application/json; charset=utf-8
cache-control: no-cache
content-length: 14

[DEBUG] Adding key: http://localhost:59780 for channel [id: 0x7b6c1fea, L:/127.0.0.1:50793 - R:localhost/127.0.0.1:59780]
[DEBUG] Using pooled Channel '[id: 0x7b6c1fea, L:/127.0.0.1:50793 - R:localhost/127.0.0.1:59780]' for 'POST' to 'http://localhost:59780/session/0bfda7d8296c4441c0e8773c259bdd4f/element'
[DEBUG] Using open Channel [id: 0x7b6c1fea, L:/127.0.0.1:50793 - R:localhost/127.0.0.1:59780] for POST '/session/0bfda7d8296c4441c0e8773c259bdd4f/element'
[DEBUG] 

Request DefaultHttpRequest(decodeResult: success, version: HTTP/1.1)
POST /session/0bfda7d8296c4441c0e8773c259bdd4f/element HTTP/1.1
User-Agent: selenium/4.2.1 (java windows)
Content-Length: 50
Content-Type: application/json; charset=utf-8
host: localhost:59780
accept: */*

Response DefaultHttpResponse(decodeResult: success, version: HTTP/1.1)
HTTP/1.1 200 OK
Content-Type: application/json; charset=utf-8
cache-control: no-cache
content-length: 88

[DEBUG] Adding key: http://localhost:59780 for channel [id: 0x7b6c1fea, L:/127.0.0.1:50793 - R:localhost/127.0.0.1:59780]
[DEBUG] Using pooled Channel '[id: 0x7b6c1fea, L:/127.0.0.1:50793 - R:localhost/127.0.0.1:59780]' for 'POST' to 'http://localhost:59780/session/0bfda7d8296c4441c0e8773c259bdd4f/element/3b209495-b767-4eec-9bae-0bf046bf9ad6/value'
[DEBUG] Using open Channel [id: 0x7b6c1fea, L:/127.0.0.1:50793 - R:localhost/127.0.0.1:59780] for POST '/session/0bfda7d8296c4441c0e8773c259bdd4f/element/3b209495-b767-4eec-9bae-0bf046bf9ad6/value'
[DEBUG] 

Request DefaultHttpRequest(decodeResult: success, version: HTTP/1.1)
POST /session/0bfda7d8296c4441c0e8773c259bdd4f/element/3b209495-b767-4eec-9bae-0bf046bf9ad6/value HTTP/1.1
User-Agent: selenium/4.2.1 (java windows)
Content-Length: 271
Content-Type: application/json; charset=utf-8
host: localhost:59780
accept: */*

Response DefaultHttpResponse(decodeResult: success, version: HTTP/1.1)
HTTP/1.1 200 OK
Content-Type: application/json; charset=utf-8
cache-control: no-cache
content-length: 14

[DEBUG] Adding key: http://localhost:59780 for channel [id: 0x7b6c1fea, L:/127.0.0.1:50793 - R:localhost/127.0.0.1:59780]
[DEBUG] Using pooled Channel '[id: 0x7b6c1fea, L:/127.0.0.1:50793 - R:localhost/127.0.0.1:59780]' for 'POST' to 'http://localhost:59780/session/0bfda7d8296c4441c0e8773c259bdd4f/element'
[DEBUG] Using open Channel [id: 0x7b6c1fea, L:/127.0.0.1:50793 - R:localhost/127.0.0.1:59780] for POST '/session/0bfda7d8296c4441c0e8773c259bdd4f/element'
[DEBUG] 

Request DefaultHttpRequest(decodeResult: success, version: HTTP/1.1)
POST /session/0bfda7d8296c4441c0e8773c259bdd4f/element HTTP/1.1
User-Agent: selenium/4.2.1 (java windows)
Content-Length: 53
Content-Type: application/json; charset=utf-8
host: localhost:59780
accept: */*

Response DefaultHttpResponse(decodeResult: success, version: HTTP/1.1)
HTTP/1.1 200 OK
Content-Type: application/json; charset=utf-8
cache-control: no-cache
content-length: 88

[DEBUG] Adding key: http://localhost:59780 for channel [id: 0x7b6c1fea, L:/127.0.0.1:50793 - R:localhost/127.0.0.1:59780]
[DEBUG] Using pooled Channel '[id: 0x7b6c1fea, L:/127.0.0.1:50793 - R:localhost/127.0.0.1:59780]' for 'POST' to 'http://localhost:59780/session/0bfda7d8296c4441c0e8773c259bdd4f/element/2977e6cb-6a93-4c93-954c-9ee8a64a9c35/clear'
[DEBUG] Using open Channel [id: 0x7b6c1fea, L:/127.0.0.1:50793 - R:localhost/127.0.0.1:59780] for POST '/session/0bfda7d8296c4441c0e8773c259bdd4f/element/2977e6cb-6a93-4c93-954c-9ee8a64a9c35/clear'
[DEBUG] 

Request DefaultHttpRequest(decodeResult: success, version: HTTP/1.1)
POST /session/0bfda7d8296c4441c0e8773c259bdd4f/element/2977e6cb-6a93-4c93-954c-9ee8a64a9c35/clear HTTP/1.1
User-Agent: selenium/4.2.1 (java windows)
Content-Length: 50
Content-Type: application/json; charset=utf-8
host: localhost:59780
accept: */*

Response DefaultHttpResponse(decodeResult: success, version: HTTP/1.1)
HTTP/1.1 200 OK
Content-Type: application/json; charset=utf-8
cache-control: no-cache
content-length: 14

[DEBUG] Adding key: http://localhost:59780 for channel [id: 0x7b6c1fea, L:/127.0.0.1:50793 - R:localhost/127.0.0.1:59780]
[DEBUG] Using pooled Channel '[id: 0x7b6c1fea, L:/127.0.0.1:50793 - R:localhost/127.0.0.1:59780]' for 'POST' to 'http://localhost:59780/session/0bfda7d8296c4441c0e8773c259bdd4f/element'
[DEBUG] Using open Channel [id: 0x7b6c1fea, L:/127.0.0.1:50793 - R:localhost/127.0.0.1:59780] for POST '/session/0bfda7d8296c4441c0e8773c259bdd4f/element'
[DEBUG] 

Request DefaultHttpRequest(decodeResult: success, version: HTTP/1.1)
POST /session/0bfda7d8296c4441c0e8773c259bdd4f/element HTTP/1.1
User-Agent: selenium/4.2.1 (java windows)
Content-Length: 53
Content-Type: application/json; charset=utf-8
host: localhost:59780
accept: */*

Response DefaultHttpResponse(decodeResult: success, version: HTTP/1.1)
HTTP/1.1 200 OK
Content-Type: application/json; charset=utf-8
cache-control: no-cache
content-length: 88

[DEBUG] Adding key: http://localhost:59780 for channel [id: 0x7b6c1fea, L:/127.0.0.1:50793 - R:localhost/127.0.0.1:59780]
[DEBUG] Using pooled Channel '[id: 0x7b6c1fea, L:/127.0.0.1:50793 - R:localhost/127.0.0.1:59780]' for 'POST' to 'http://localhost:59780/session/0bfda7d8296c4441c0e8773c259bdd4f/element/2977e6cb-6a93-4c93-954c-9ee8a64a9c35/value'
[DEBUG] Using open Channel [id: 0x7b6c1fea, L:/127.0.0.1:50793 - R:localhost/127.0.0.1:59780] for POST '/session/0bfda7d8296c4441c0e8773c259bdd4f/element/2977e6cb-6a93-4c93-954c-9ee8a64a9c35/value'
[DEBUG] 

Request DefaultHttpRequest(decodeResult: success, version: HTTP/1.1)
POST /session/0bfda7d8296c4441c0e8773c259bdd4f/element/2977e6cb-6a93-4c93-954c-9ee8a64a9c35/value HTTP/1.1
User-Agent: selenium/4.2.1 (java windows)
Content-Length: 131
Content-Type: application/json; charset=utf-8
host: localhost:59780
accept: */*

Response DefaultHttpResponse(decodeResult: success, version: HTTP/1.1)
HTTP/1.1 200 OK
Content-Type: application/json; charset=utf-8
cache-control: no-cache
content-length: 14

[DEBUG] Adding key: http://localhost:59780 for channel [id: 0x7b6c1fea, L:/127.0.0.1:50793 - R:localhost/127.0.0.1:59780]
[DEBUG] Using pooled Channel '[id: 0x7b6c1fea, L:/127.0.0.1:50793 - R:localhost/127.0.0.1:59780]' for 'POST' to 'http://localhost:59780/session/0bfda7d8296c4441c0e8773c259bdd4f/element'
[DEBUG] Using open Channel [id: 0x7b6c1fea, L:/127.0.0.1:50793 - R:localhost/127.0.0.1:59780] for POST '/session/0bfda7d8296c4441c0e8773c259bdd4f/element'
[DEBUG] 

Request DefaultHttpRequest(decodeResult: success, version: HTTP/1.1)
POST /session/0bfda7d8296c4441c0e8773c259bdd4f/element HTTP/1.1
User-Agent: selenium/4.2.1 (java windows)
Content-Length: 87
Content-Type: application/json; charset=utf-8
host: localhost:59780
accept: */*

Response DefaultHttpResponse(decodeResult: success, version: HTTP/1.1)
HTTP/1.1 200 OK
Content-Type: application/json; charset=utf-8
cache-control: no-cache
content-length: 88

[DEBUG] Adding key: http://localhost:59780 for channel [id: 0x7b6c1fea, L:/127.0.0.1:50793 - R:localhost/127.0.0.1:59780]
[DEBUG] Using pooled Channel '[id: 0x7b6c1fea, L:/127.0.0.1:50793 - R:localhost/127.0.0.1:59780]' for 'POST' to 'http://localhost:59780/session/0bfda7d8296c4441c0e8773c259bdd4f/element/cf66a1b8-30bb-4b69-aca2-a5a0bc84e8ec/click'
[DEBUG] Using open Channel [id: 0x7b6c1fea, L:/127.0.0.1:50793 - R:localhost/127.0.0.1:59780] for POST '/session/0bfda7d8296c4441c0e8773c259bdd4f/element/cf66a1b8-30bb-4b69-aca2-a5a0bc84e8ec/click'
[DEBUG] Entry count for : http://localhost:50794 : 1
[DEBUG] Entry count for : http://localhost:50794 : 1
[DEBUG] Entry count for : http://localhost:50794 : 1
[DEBUG] Entry count for : http://localhost:50794 : 1
[DEBUG] 

Request DefaultHttpRequest(decodeResult: success, version: HTTP/1.1)
POST /session/0bfda7d8296c4441c0e8773c259bdd4f/element/cf66a1b8-30bb-4b69-aca2-a5a0bc84e8ec/click HTTP/1.1
User-Agent: selenium/4.2.1 (java windows)
Content-Length: 50
Content-Type: application/json; charset=utf-8
host: localhost:59780
accept: */*

Response DefaultHttpResponse(decodeResult: success, version: HTTP/1.1)
HTTP/1.1 200 OK
Content-Type: application/json; charset=utf-8
cache-control: no-cache
content-length: 14

[DEBUG] Adding key: http://localhost:59780 for channel [id: 0x7b6c1fea, L:/127.0.0.1:50793 - R:localhost/127.0.0.1:59780]
[DEBUG] Using pooled Channel '[id: 0x7b6c1fea, L:/127.0.0.1:50793 - R:localhost/127.0.0.1:59780]' for 'GET' to 'http://localhost:59780/session/0bfda7d8296c4441c0e8773c259bdd4f/title'
[DEBUG] Using open Channel [id: 0x7b6c1fea, L:/127.0.0.1:50793 - R:localhost/127.0.0.1:59780] for GET '/session/0bfda7d8296c4441c0e8773c259bdd4f/title'
[DEBUG] 

Request DefaultFullHttpRequest(decodeResult: success, version: HTTP/1.1, content: EmptyByteBufBE)
GET /session/0bfda7d8296c4441c0e8773c259bdd4f/title HTTP/1.1
User-Agent: selenium/4.2.1 (java windows)
Cache-Control: no-cache
Content-Type: application/json; charset=utf-8
host: localhost:59780
accept: */*

Response DefaultHttpResponse(decodeResult: success, version: HTTP/1.1)
HTTP/1.1 200 OK
Content-Type: application/json; charset=utf-8
cache-control: no-cache
content-length: 50

[DEBUG] Adding key: http://localhost:59780 for channel [id: 0x7b6c1fea, L:/127.0.0.1:50793 - R:localhost/127.0.0.1:59780]
[DEBUG] Using pooled Channel '[id: 0x7b6c1fea, L:/127.0.0.1:50793 - R:localhost/127.0.0.1:59780]' for 'POST' to 'http://localhost:59780/session/0bfda7d8296c4441c0e8773c259bdd4f/element'
[DEBUG] Using open Channel [id: 0x7b6c1fea, L:/127.0.0.1:50793 - R:localhost/127.0.0.1:59780] for POST '/session/0bfda7d8296c4441c0e8773c259bdd4f/element'
[DEBUG] 

Request DefaultHttpRequest(decodeResult: success, version: HTTP/1.1)
POST /session/0bfda7d8296c4441c0e8773c259bdd4f/element HTTP/1.1
User-Agent: selenium/4.2.1 (java windows)
Content-Length: 104
Content-Type: application/json; charset=utf-8
host: localhost:59780
accept: */*

Response DefaultHttpResponse(decodeResult: success, version: HTTP/1.1)
HTTP/1.1 200 OK
Content-Type: application/json; charset=utf-8
cache-control: no-cache
content-length: 88

[DEBUG] Adding key: http://localhost:59780 for channel [id: 0x7b6c1fea, L:/127.0.0.1:50793 - R:localhost/127.0.0.1:59780]
[DEBUG] Using pooled Channel '[id: 0x7b6c1fea, L:/127.0.0.1:50793 - R:localhost/127.0.0.1:59780]' for 'POST' to 'http://localhost:59780/session/0bfda7d8296c4441c0e8773c259bdd4f/element/d754d2b2-2a28-4e1f-9294-abbeb21cbe4d/click'
[DEBUG] Using open Channel [id: 0x7b6c1fea, L:/127.0.0.1:50793 - R:localhost/127.0.0.1:59780] for POST '/session/0bfda7d8296c4441c0e8773c259bdd4f/element/d754d2b2-2a28-4e1f-9294-abbeb21cbe4d/click'
[DEBUG] 

Request DefaultHttpRequest(decodeResult: success, version: HTTP/1.1)
POST /session/0bfda7d8296c4441c0e8773c259bdd4f/element/d754d2b2-2a28-4e1f-9294-abbeb21cbe4d/click HTTP/1.1
User-Agent: selenium/4.2.1 (java windows)
Content-Length: 50
Content-Type: application/json; charset=utf-8
host: localhost:59780
accept: */*

Response DefaultHttpResponse(decodeResult: success, version: HTTP/1.1)
HTTP/1.1 200 OK
Content-Type: application/json; charset=utf-8
cache-control: no-cache
content-length: 14

[DEBUG] Adding key: http://localhost:59780 for channel [id: 0x7b6c1fea, L:/127.0.0.1:50793 - R:localhost/127.0.0.1:59780]
[DEBUG] Using pooled Channel '[id: 0x7b6c1fea, L:/127.0.0.1:50793 - R:localhost/127.0.0.1:59780]' for 'POST' to 'http://localhost:59780/session/0bfda7d8296c4441c0e8773c259bdd4f/element'
[DEBUG] Using open Channel [id: 0x7b6c1fea, L:/127.0.0.1:50793 - R:localhost/127.0.0.1:59780] for POST '/session/0bfda7d8296c4441c0e8773c259bdd4f/element'
[DEBUG] 

Request DefaultHttpRequest(decodeResult: success, version: HTTP/1.1)
POST /session/0bfda7d8296c4441c0e8773c259bdd4f/element HTTP/1.1
User-Agent: selenium/4.2.1 (java windows)
Content-Length: 138
Content-Type: application/json; charset=utf-8
host: localhost:59780
accept: */*

Response DefaultHttpResponse(decodeResult: success, version: HTTP/1.1)
HTTP/1.1 200 OK
Content-Type: application/json; charset=utf-8
cache-control: no-cache
content-length: 88

[DEBUG] Adding key: http://localhost:59780 for channel [id: 0x7b6c1fea, L:/127.0.0.1:50793 - R:localhost/127.0.0.1:59780]
[DEBUG] Using pooled Channel '[id: 0x7b6c1fea, L:/127.0.0.1:50793 - R:localhost/127.0.0.1:59780]' for 'POST' to 'http://localhost:59780/session/0bfda7d8296c4441c0e8773c259bdd4f/element/1f567cef-0af2-43e2-bc83-9e6f4889a2b9/click'
[DEBUG] Using open Channel [id: 0x7b6c1fea, L:/127.0.0.1:50793 - R:localhost/127.0.0.1:59780] for POST '/session/0bfda7d8296c4441c0e8773c259bdd4f/element/1f567cef-0af2-43e2-bc83-9e6f4889a2b9/click'
[DEBUG] Entry count for : http://localhost:50794 : 1
[DEBUG] Entry count for : http://localhost:50794 : 1
[DEBUG] 

Request DefaultHttpRequest(decodeResult: success, version: HTTP/1.1)
POST /session/0bfda7d8296c4441c0e8773c259bdd4f/element/1f567cef-0af2-43e2-bc83-9e6f4889a2b9/click HTTP/1.1
User-Agent: selenium/4.2.1 (java windows)
Content-Length: 50
Content-Type: application/json; charset=utf-8
host: localhost:59780
accept: */*

Response DefaultHttpResponse(decodeResult: success, version: HTTP/1.1)
HTTP/1.1 200 OK
Content-Type: application/json; charset=utf-8
cache-control: no-cache
content-length: 14

[DEBUG] Adding key: http://localhost:59780 for channel [id: 0x7b6c1fea, L:/127.0.0.1:50793 - R:localhost/127.0.0.1:59780]
[DEBUG] Using pooled Channel '[id: 0x7b6c1fea, L:/127.0.0.1:50793 - R:localhost/127.0.0.1:59780]' for 'POST' to 'http://localhost:59780/session/0bfda7d8296c4441c0e8773c259bdd4f/element'
[DEBUG] Using open Channel [id: 0x7b6c1fea, L:/127.0.0.1:50793 - R:localhost/127.0.0.1:59780] for POST '/session/0bfda7d8296c4441c0e8773c259bdd4f/element'
[DEBUG] 

Request DefaultHttpRequest(decodeResult: success, version: HTTP/1.1)
POST /session/0bfda7d8296c4441c0e8773c259bdd4f/element HTTP/1.1
User-Agent: selenium/4.2.1 (java windows)
Content-Length: 76
Content-Type: application/json; charset=utf-8
host: localhost:59780
accept: */*

Response DefaultHttpResponse(decodeResult: success, version: HTTP/1.1)
HTTP/1.1 200 OK
Content-Type: application/json; charset=utf-8
cache-control: no-cache
content-length: 88

[DEBUG] Adding key: http://localhost:59780 for channel [id: 0x7b6c1fea, L:/127.0.0.1:50793 - R:localhost/127.0.0.1:59780]
[DEBUG] Using pooled Channel '[id: 0x7b6c1fea, L:/127.0.0.1:50793 - R:localhost/127.0.0.1:59780]' for 'POST' to 'http://localhost:59780/session/0bfda7d8296c4441c0e8773c259bdd4f/element/353891b4-3bd8-4402-8f9c-f8c1aebaf691/click'
[DEBUG] Using open Channel [id: 0x7b6c1fea, L:/127.0.0.1:50793 - R:localhost/127.0.0.1:59780] for POST '/session/0bfda7d8296c4441c0e8773c259bdd4f/element/353891b4-3bd8-4402-8f9c-f8c1aebaf691/click'
[DEBUG] Entry count for : http://localhost:50794 : 1
[DEBUG] 

Request DefaultHttpRequest(decodeResult: success, version: HTTP/1.1)
POST /session/0bfda7d8296c4441c0e8773c259bdd4f/element/353891b4-3bd8-4402-8f9c-f8c1aebaf691/click HTTP/1.1
User-Agent: selenium/4.2.1 (java windows)
Content-Length: 50
Content-Type: application/json; charset=utf-8
host: localhost:59780
accept: */*

Response DefaultHttpResponse(decodeResult: success, version: HTTP/1.1)
HTTP/1.1 200 OK
Content-Type: application/json; charset=utf-8
cache-control: no-cache
content-length: 14

[DEBUG] Adding key: http://localhost:59780 for channel [id: 0x7b6c1fea, L:/127.0.0.1:50793 - R:localhost/127.0.0.1:59780]
[DEBUG] Using pooled Channel '[id: 0x7b6c1fea, L:/127.0.0.1:50793 - R:localhost/127.0.0.1:59780]' for 'GET' to 'http://localhost:59780/session/0bfda7d8296c4441c0e8773c259bdd4f/title'
[DEBUG] Using open Channel [id: 0x7b6c1fea, L:/127.0.0.1:50793 - R:localhost/127.0.0.1:59780] for GET '/session/0bfda7d8296c4441c0e8773c259bdd4f/title'
[DEBUG] 

Request DefaultFullHttpRequest(decodeResult: success, version: HTTP/1.1, content: EmptyByteBufBE)
GET /session/0bfda7d8296c4441c0e8773c259bdd4f/title HTTP/1.1
User-Agent: selenium/4.2.1 (java windows)
Cache-Control: no-cache
Content-Type: application/json; charset=utf-8
host: localhost:59780
accept: */*

Response DefaultHttpResponse(decodeResult: success, version: HTTP/1.1)
HTTP/1.1 200 OK
Content-Type: application/json; charset=utf-8
cache-control: no-cache
content-length: 59

[DEBUG] Adding key: http://localhost:59780 for channel [id: 0x7b6c1fea, L:/127.0.0.1:50793 - R:localhost/127.0.0.1:59780]
[DEBUG] Using pooled Channel '[id: 0x7b6c1fea, L:/127.0.0.1:50793 - R:localhost/127.0.0.1:59780]' for 'POST' to 'http://localhost:59780/session/0bfda7d8296c4441c0e8773c259bdd4f/element'
[DEBUG] Using open Channel [id: 0x7b6c1fea, L:/127.0.0.1:50793 - R:localhost/127.0.0.1:59780] for POST '/session/0bfda7d8296c4441c0e8773c259bdd4f/element'
[DEBUG] 

Request DefaultHttpRequest(decodeResult: success, version: HTTP/1.1)
POST /session/0bfda7d8296c4441c0e8773c259bdd4f/element HTTP/1.1
User-Agent: selenium/4.2.1 (java windows)
Content-Length: 67
Content-Type: application/json; charset=utf-8
host: localhost:59780
accept: */*

Response DefaultHttpResponse(decodeResult: success, version: HTTP/1.1)
HTTP/1.1 200 OK
Content-Type: application/json; charset=utf-8
cache-control: no-cache
content-length: 88

[DEBUG] Adding key: http://localhost:59780 for channel [id: 0x7b6c1fea, L:/127.0.0.1:50793 - R:localhost/127.0.0.1:59780]
[DEBUG] Using pooled Channel '[id: 0x7b6c1fea, L:/127.0.0.1:50793 - R:localhost/127.0.0.1:59780]' for 'POST' to 'http://localhost:59780/session/0bfda7d8296c4441c0e8773c259bdd4f/element/b632fa39-b01f-4ce9-9cb2-f2b8c86be723/value'
[DEBUG] Using open Channel [id: 0x7b6c1fea, L:/127.0.0.1:50793 - R:localhost/127.0.0.1:59780] for POST '/session/0bfda7d8296c4441c0e8773c259bdd4f/element/b632fa39-b01f-4ce9-9cb2-f2b8c86be723/value'
[DEBUG] 

Request DefaultHttpRequest(decodeResult: success, version: HTTP/1.1)
POST /session/0bfda7d8296c4441c0e8773c259bdd4f/element/b632fa39-b01f-4ce9-9cb2-f2b8c86be723/value HTTP/1.1
User-Agent: selenium/4.2.1 (java windows)
Content-Length: 241
Content-Type: application/json; charset=utf-8
host: localhost:59780
accept: */*

Response DefaultHttpResponse(decodeResult: success, version: HTTP/1.1)
HTTP/1.1 200 OK
Content-Type: application/json; charset=utf-8
cache-control: no-cache
content-length: 14

[DEBUG] Adding key: http://localhost:59780 for channel [id: 0x7b6c1fea, L:/127.0.0.1:50793 - R:localhost/127.0.0.1:59780]
[DEBUG] Using pooled Channel '[id: 0x7b6c1fea, L:/127.0.0.1:50793 - R:localhost/127.0.0.1:59780]' for 'POST' to 'http://localhost:59780/session/0bfda7d8296c4441c0e8773c259bdd4f/element'
[DEBUG] Using open Channel [id: 0x7b6c1fea, L:/127.0.0.1:50793 - R:localhost/127.0.0.1:59780] for POST '/session/0bfda7d8296c4441c0e8773c259bdd4f/element'
[DEBUG] Entry count for : http://localhost:50794 : 1
[DEBUG] 

Request DefaultHttpRequest(decodeResult: success, version: HTTP/1.1)
POST /session/0bfda7d8296c4441c0e8773c259bdd4f/element HTTP/1.1
User-Agent: selenium/4.2.1 (java windows)
Content-Length: 70
Content-Type: application/json; charset=utf-8
host: localhost:59780
accept: */*

Response DefaultHttpResponse(decodeResult: success, version: HTTP/1.1)
HTTP/1.1 200 OK
Content-Type: application/json; charset=utf-8
cache-control: no-cache
content-length: 88

[DEBUG] Adding key: http://localhost:59780 for channel [id: 0x7b6c1fea, L:/127.0.0.1:50793 - R:localhost/127.0.0.1:59780]
[DEBUG] Using pooled Channel '[id: 0x7b6c1fea, L:/127.0.0.1:50793 - R:localhost/127.0.0.1:59780]' for 'POST' to 'http://localhost:59780/session/0bfda7d8296c4441c0e8773c259bdd4f/element/87366d42-dfae-47f1-a97b-22d2dd8612d8/value'
[DEBUG] Using open Channel [id: 0x7b6c1fea, L:/127.0.0.1:50793 - R:localhost/127.0.0.1:59780] for POST '/session/0bfda7d8296c4441c0e8773c259bdd4f/element/87366d42-dfae-47f1-a97b-22d2dd8612d8/value'
[DEBUG] 

Request DefaultHttpRequest(decodeResult: success, version: HTTP/1.1)
POST /session/0bfda7d8296c4441c0e8773c259bdd4f/element/87366d42-dfae-47f1-a97b-22d2dd8612d8/value HTTP/1.1
User-Agent: selenium/4.2.1 (java windows)
Content-Length: 161
Content-Type: application/json; charset=utf-8
host: localhost:59780
accept: */*

Response DefaultHttpResponse(decodeResult: success, version: HTTP/1.1)
HTTP/1.1 200 OK
Content-Type: application/json; charset=utf-8
cache-control: no-cache
content-length: 14

[DEBUG] Adding key: http://localhost:59780 for channel [id: 0x7b6c1fea, L:/127.0.0.1:50793 - R:localhost/127.0.0.1:59780]
[DEBUG] Using pooled Channel '[id: 0x7b6c1fea, L:/127.0.0.1:50793 - R:localhost/127.0.0.1:59780]' for 'POST' to 'http://localhost:59780/session/0bfda7d8296c4441c0e8773c259bdd4f/element'
[DEBUG] Using open Channel [id: 0x7b6c1fea, L:/127.0.0.1:50793 - R:localhost/127.0.0.1:59780] for POST '/session/0bfda7d8296c4441c0e8773c259bdd4f/element'
[DEBUG] 

Request DefaultHttpRequest(decodeResult: success, version: HTTP/1.1)
POST /session/0bfda7d8296c4441c0e8773c259bdd4f/element HTTP/1.1
User-Agent: selenium/4.2.1 (java windows)
Content-Length: 71
Content-Type: application/json; charset=utf-8
host: localhost:59780
accept: */*

Response DefaultHttpResponse(decodeResult: success, version: HTTP/1.1)
HTTP/1.1 200 OK
Content-Type: application/json; charset=utf-8
cache-control: no-cache
content-length: 88

[DEBUG] Adding key: http://localhost:59780 for channel [id: 0x7b6c1fea, L:/127.0.0.1:50793 - R:localhost/127.0.0.1:59780]
[DEBUG] Using pooled Channel '[id: 0x7b6c1fea, L:/127.0.0.1:50793 - R:localhost/127.0.0.1:59780]' for 'POST' to 'http://localhost:59780/session/0bfda7d8296c4441c0e8773c259bdd4f/element/212caabf-eab3-4316-a52c-bc8ff19af2e3/value'
[DEBUG] Using open Channel [id: 0x7b6c1fea, L:/127.0.0.1:50793 - R:localhost/127.0.0.1:59780] for POST '/session/0bfda7d8296c4441c0e8773c259bdd4f/element/212caabf-eab3-4316-a52c-bc8ff19af2e3/value'
[DEBUG] 

Request DefaultHttpRequest(decodeResult: success, version: HTTP/1.1)
POST /session/0bfda7d8296c4441c0e8773c259bdd4f/element/212caabf-eab3-4316-a52c-bc8ff19af2e3/value HTTP/1.1
User-Agent: selenium/4.2.1 (java windows)
Content-Length: 131
Content-Type: application/json; charset=utf-8
host: localhost:59780
accept: */*

Response DefaultHttpResponse(decodeResult: success, version: HTTP/1.1)
HTTP/1.1 200 OK
Content-Type: application/json; charset=utf-8
cache-control: no-cache
content-length: 14

[DEBUG] Adding key: http://localhost:59780 for channel [id: 0x7b6c1fea, L:/127.0.0.1:50793 - R:localhost/127.0.0.1:59780]
[DEBUG] Using pooled Channel '[id: 0x7b6c1fea, L:/127.0.0.1:50793 - R:localhost/127.0.0.1:59780]' for 'POST' to 'http://localhost:59780/session/0bfda7d8296c4441c0e8773c259bdd4f/element'
[DEBUG] Using open Channel [id: 0x7b6c1fea, L:/127.0.0.1:50793 - R:localhost/127.0.0.1:59780] for POST '/session/0bfda7d8296c4441c0e8773c259bdd4f/element'
[DEBUG] 

Request DefaultHttpRequest(decodeResult: success, version: HTTP/1.1)
POST /session/0bfda7d8296c4441c0e8773c259bdd4f/element HTTP/1.1
User-Agent: selenium/4.2.1 (java windows)
Content-Length: 70
Content-Type: application/json; charset=utf-8
host: localhost:59780
accept: */*

Response DefaultHttpResponse(decodeResult: success, version: HTTP/1.1)
HTTP/1.1 200 OK
Content-Type: application/json; charset=utf-8
cache-control: no-cache
content-length: 88

[DEBUG] Adding key: http://localhost:59780 for channel [id: 0x7b6c1fea, L:/127.0.0.1:50793 - R:localhost/127.0.0.1:59780]
[DEBUG] Using pooled Channel '[id: 0x7b6c1fea, L:/127.0.0.1:50793 - R:localhost/127.0.0.1:59780]' for 'POST' to 'http://localhost:59780/session/0bfda7d8296c4441c0e8773c259bdd4f/element/a3af9c6e-c9c5-4011-9ec2-f85c11a6740e/value'
[DEBUG] Using open Channel [id: 0x7b6c1fea, L:/127.0.0.1:50793 - R:localhost/127.0.0.1:59780] for POST '/session/0bfda7d8296c4441c0e8773c259bdd4f/element/a3af9c6e-c9c5-4011-9ec2-f85c11a6740e/value'
[DEBUG] 

Request DefaultHttpRequest(decodeResult: success, version: HTTP/1.1)
POST /session/0bfda7d8296c4441c0e8773c259bdd4f/element/a3af9c6e-c9c5-4011-9ec2-f85c11a6740e/value HTTP/1.1
User-Agent: selenium/4.2.1 (java windows)
Content-Length: 131
Content-Type: application/json; charset=utf-8
host: localhost:59780
accept: */*

Response DefaultHttpResponse(decodeResult: success, version: HTTP/1.1)
HTTP/1.1 200 OK
Content-Type: application/json; charset=utf-8
cache-control: no-cache
content-length: 14

[DEBUG] Adding key: http://localhost:59780 for channel [id: 0x7b6c1fea, L:/127.0.0.1:50793 - R:localhost/127.0.0.1:59780]
[DEBUG] Using pooled Channel '[id: 0x7b6c1fea, L:/127.0.0.1:50793 - R:localhost/127.0.0.1:59780]' for 'POST' to 'http://localhost:59780/session/0bfda7d8296c4441c0e8773c259bdd4f/element'
[DEBUG] Using open Channel [id: 0x7b6c1fea, L:/127.0.0.1:50793 - R:localhost/127.0.0.1:59780] for POST '/session/0bfda7d8296c4441c0e8773c259bdd4f/element'
[DEBUG] 

Request DefaultHttpRequest(decodeResult: success, version: HTTP/1.1)
POST /session/0bfda7d8296c4441c0e8773c259bdd4f/element HTTP/1.1
User-Agent: selenium/4.2.1 (java windows)
Content-Length: 56
Content-Type: application/json; charset=utf-8
host: localhost:59780
accept: */*

Response DefaultHttpResponse(decodeResult: success, version: HTTP/1.1)
HTTP/1.1 200 OK
Content-Type: application/json; charset=utf-8
cache-control: no-cache
content-length: 88

[DEBUG] Adding key: http://localhost:59780 for channel [id: 0x7b6c1fea, L:/127.0.0.1:50793 - R:localhost/127.0.0.1:59780]
[DEBUG] Using pooled Channel '[id: 0x7b6c1fea, L:/127.0.0.1:50793 - R:localhost/127.0.0.1:59780]' for 'POST' to 'http://localhost:59780/session/0bfda7d8296c4441c0e8773c259bdd4f/element/7fc97027-0a85-462f-a326-fa424a9771b8/click'
[DEBUG] Using open Channel [id: 0x7b6c1fea, L:/127.0.0.1:50793 - R:localhost/127.0.0.1:59780] for POST '/session/0bfda7d8296c4441c0e8773c259bdd4f/element/7fc97027-0a85-462f-a326-fa424a9771b8/click'
[DEBUG] 

Request DefaultHttpRequest(decodeResult: success, version: HTTP/1.1)
POST /session/0bfda7d8296c4441c0e8773c259bdd4f/element/7fc97027-0a85-462f-a326-fa424a9771b8/click HTTP/1.1
User-Agent: selenium/4.2.1 (java windows)
Content-Length: 50
Content-Type: application/json; charset=utf-8
host: localhost:59780
accept: */*

Response DefaultHttpResponse(decodeResult: success, version: HTTP/1.1)
HTTP/1.1 200 OK
Content-Type: application/json; charset=utf-8
cache-control: no-cache
content-length: 14

[DEBUG] Adding key: http://localhost:59780 for channel [id: 0x7b6c1fea, L:/127.0.0.1:50793 - R:localhost/127.0.0.1:59780]
[DEBUG] Using pooled Channel '[id: 0x7b6c1fea, L:/127.0.0.1:50793 - R:localhost/127.0.0.1:59780]' for 'POST' to 'http://localhost:59780/session/0bfda7d8296c4441c0e8773c259bdd4f/element'
[DEBUG] Using open Channel [id: 0x7b6c1fea, L:/127.0.0.1:50793 - R:localhost/127.0.0.1:59780] for POST '/session/0bfda7d8296c4441c0e8773c259bdd4f/element'
[DEBUG] 

Request DefaultHttpRequest(decodeResult: success, version: HTTP/1.1)
POST /session/0bfda7d8296c4441c0e8773c259bdd4f/element HTTP/1.1
User-Agent: selenium/4.2.1 (java windows)
Content-Length: 73
Content-Type: application/json; charset=utf-8
host: localhost:59780
accept: */*

Response DefaultHttpResponse(decodeResult: success, version: HTTP/1.1)
HTTP/1.1 200 OK
Content-Type: application/json; charset=utf-8
cache-control: no-cache
content-length: 88

[DEBUG] Adding key: http://localhost:59780 for channel [id: 0x7b6c1fea, L:/127.0.0.1:50793 - R:localhost/127.0.0.1:59780]
[DEBUG] Using pooled Channel '[id: 0x7b6c1fea, L:/127.0.0.1:50793 - R:localhost/127.0.0.1:59780]' for 'POST' to 'http://localhost:59780/session/0bfda7d8296c4441c0e8773c259bdd4f/element/b159e707-6393-4923-a4a0-8e7bb1f0c6c1/value'
[DEBUG] Using open Channel [id: 0x7b6c1fea, L:/127.0.0.1:50793 - R:localhost/127.0.0.1:59780] for POST '/session/0bfda7d8296c4441c0e8773c259bdd4f/element/b159e707-6393-4923-a4a0-8e7bb1f0c6c1/value'
[DEBUG] 

Request DefaultHttpRequest(decodeResult: success, version: HTTP/1.1)
POST /session/0bfda7d8296c4441c0e8773c259bdd4f/element/b159e707-6393-4923-a4a0-8e7bb1f0c6c1/value HTTP/1.1
User-Agent: selenium/4.2.1 (java windows)
Content-Length: 191
Content-Type: application/json; charset=utf-8
host: localhost:59780
accept: */*

Response DefaultHttpResponse(decodeResult: success, version: HTTP/1.1)
HTTP/1.1 200 OK
Content-Type: application/json; charset=utf-8
cache-control: no-cache
content-length: 14

[DEBUG] Adding key: http://localhost:59780 for channel [id: 0x7b6c1fea, L:/127.0.0.1:50793 - R:localhost/127.0.0.1:59780]
[DEBUG] Using pooled Channel '[id: 0x7b6c1fea, L:/127.0.0.1:50793 - R:localhost/127.0.0.1:59780]' for 'POST' to 'http://localhost:59780/session/0bfda7d8296c4441c0e8773c259bdd4f/element'
[DEBUG] Using open Channel [id: 0x7b6c1fea, L:/127.0.0.1:50793 - R:localhost/127.0.0.1:59780] for POST '/session/0bfda7d8296c4441c0e8773c259bdd4f/element'
[DEBUG] 

Request DefaultHttpRequest(decodeResult: success, version: HTTP/1.1)
POST /session/0bfda7d8296c4441c0e8773c259bdd4f/element HTTP/1.1
User-Agent: selenium/4.2.1 (java windows)
Content-Length: 69
Content-Type: application/json; charset=utf-8
host: localhost:59780
accept: */*

Response DefaultHttpResponse(decodeResult: success, version: HTTP/1.1)
HTTP/1.1 200 OK
Content-Type: application/json; charset=utf-8
cache-control: no-cache
content-length: 88

[DEBUG] Adding key: http://localhost:59780 for channel [id: 0x7b6c1fea, L:/127.0.0.1:50793 - R:localhost/127.0.0.1:59780]
[DEBUG] Using pooled Channel '[id: 0x7b6c1fea, L:/127.0.0.1:50793 - R:localhost/127.0.0.1:59780]' for 'POST' to 'http://localhost:59780/session/0bfda7d8296c4441c0e8773c259bdd4f/element/6072fdf8-2187-452f-ad52-68c04f36c41f/value'
[DEBUG] Using open Channel [id: 0x7b6c1fea, L:/127.0.0.1:50793 - R:localhost/127.0.0.1:59780] for POST '/session/0bfda7d8296c4441c0e8773c259bdd4f/element/6072fdf8-2187-452f-ad52-68c04f36c41f/value'
[DEBUG] 

Request DefaultHttpRequest(decodeResult: success, version: HTTP/1.1)
POST /session/0bfda7d8296c4441c0e8773c259bdd4f/element/6072fdf8-2187-452f-ad52-68c04f36c41f/value HTTP/1.1
User-Agent: selenium/4.2.1 (java windows)
Content-Length: 271
Content-Type: application/json; charset=utf-8
host: localhost:59780
accept: */*

Response DefaultHttpResponse(decodeResult: success, version: HTTP/1.1)
HTTP/1.1 200 OK
Content-Type: application/json; charset=utf-8
cache-control: no-cache
content-length: 14

[DEBUG] Adding key: http://localhost:59780 for channel [id: 0x7b6c1fea, L:/127.0.0.1:50793 - R:localhost/127.0.0.1:59780]
[DEBUG] Using pooled Channel '[id: 0x7b6c1fea, L:/127.0.0.1:50793 - R:localhost/127.0.0.1:59780]' for 'POST' to 'http://localhost:59780/session/0bfda7d8296c4441c0e8773c259bdd4f/element'
[DEBUG] Using open Channel [id: 0x7b6c1fea, L:/127.0.0.1:50793 - R:localhost/127.0.0.1:59780] for POST '/session/0bfda7d8296c4441c0e8773c259bdd4f/element'
[DEBUG] 

Request DefaultHttpRequest(decodeResult: success, version: HTTP/1.1)
POST /session/0bfda7d8296c4441c0e8773c259bdd4f/element HTTP/1.1
User-Agent: selenium/4.2.1 (java windows)
Content-Length: 77
Content-Type: application/json; charset=utf-8
host: localhost:59780
accept: */*

Response DefaultHttpResponse(decodeResult: success, version: HTTP/1.1)
HTTP/1.1 200 OK
Content-Type: application/json; charset=utf-8
cache-control: no-cache
content-length: 88

[DEBUG] Adding key: http://localhost:59780 for channel [id: 0x7b6c1fea, L:/127.0.0.1:50793 - R:localhost/127.0.0.1:59780]
[DEBUG] Using pooled Channel '[id: 0x7b6c1fea, L:/127.0.0.1:50793 - R:localhost/127.0.0.1:59780]' for 'POST' to 'http://localhost:59780/session/0bfda7d8296c4441c0e8773c259bdd4f/element/a5e1610c-6b7a-4419-b49d-a24cffdfd565/value'
[DEBUG] Using open Channel [id: 0x7b6c1fea, L:/127.0.0.1:50793 - R:localhost/127.0.0.1:59780] for POST '/session/0bfda7d8296c4441c0e8773c259bdd4f/element/a5e1610c-6b7a-4419-b49d-a24cffdfd565/value'
[DEBUG] 

Request DefaultHttpRequest(decodeResult: success, version: HTTP/1.1)
POST /session/0bfda7d8296c4441c0e8773c259bdd4f/element/a5e1610c-6b7a-4419-b49d-a24cffdfd565/value HTTP/1.1
User-Agent: selenium/4.2.1 (java windows)
Content-Length: 151
Content-Type: application/json; charset=utf-8
host: localhost:59780
accept: */*

Response DefaultHttpResponse(decodeResult: success, version: HTTP/1.1)
HTTP/1.1 200 OK
Content-Type: application/json; charset=utf-8
cache-control: no-cache
content-length: 14

[DEBUG] Adding key: http://localhost:59780 for channel [id: 0x7b6c1fea, L:/127.0.0.1:50793 - R:localhost/127.0.0.1:59780]
[DEBUG] Using pooled Channel '[id: 0x7b6c1fea, L:/127.0.0.1:50793 - R:localhost/127.0.0.1:59780]' for 'POST' to 'http://localhost:59780/session/0bfda7d8296c4441c0e8773c259bdd4f/element'
[DEBUG] Using open Channel [id: 0x7b6c1fea, L:/127.0.0.1:50793 - R:localhost/127.0.0.1:59780] for POST '/session/0bfda7d8296c4441c0e8773c259bdd4f/element'
[DEBUG] 

Request DefaultHttpRequest(decodeResult: success, version: HTTP/1.1)
POST /session/0bfda7d8296c4441c0e8773c259bdd4f/element HTTP/1.1
User-Agent: selenium/4.2.1 (java windows)
Content-Length: 66
Content-Type: application/json; charset=utf-8
host: localhost:59780
accept: */*

Response DefaultHttpResponse(decodeResult: success, version: HTTP/1.1)
HTTP/1.1 200 OK
Content-Type: application/json; charset=utf-8
cache-control: no-cache
content-length: 88

[DEBUG] Adding key: http://localhost:59780 for channel [id: 0x7b6c1fea, L:/127.0.0.1:50793 - R:localhost/127.0.0.1:59780]
[DEBUG] Using pooled Channel '[id: 0x7b6c1fea, L:/127.0.0.1:50793 - R:localhost/127.0.0.1:59780]' for 'GET' to 'http://localhost:59780/session/0bfda7d8296c4441c0e8773c259bdd4f/element/5714ac92-62b1-475c-9891-2e1d05c50b34/name'
[DEBUG] Using open Channel [id: 0x7b6c1fea, L:/127.0.0.1:50793 - R:localhost/127.0.0.1:59780] for GET '/session/0bfda7d8296c4441c0e8773c259bdd4f/element/5714ac92-62b1-475c-9891-2e1d05c50b34/name'
[DEBUG] 

Request DefaultFullHttpRequest(decodeResult: success, version: HTTP/1.1, content: EmptyByteBufBE)
GET /session/0bfda7d8296c4441c0e8773c259bdd4f/element/5714ac92-62b1-475c-9891-2e1d05c50b34/name HTTP/1.1
User-Agent: selenium/4.2.1 (java windows)
Cache-Control: no-cache
Content-Type: application/json; charset=utf-8
host: localhost:59780
accept: */*

Response DefaultHttpResponse(decodeResult: success, version: HTTP/1.1)
HTTP/1.1 200 OK
Content-Type: application/json; charset=utf-8
cache-control: no-cache
content-length: 18

[DEBUG] Adding key: http://localhost:59780 for channel [id: 0x7b6c1fea, L:/127.0.0.1:50793 - R:localhost/127.0.0.1:59780]
[DEBUG] Using pooled Channel '[id: 0x7b6c1fea, L:/127.0.0.1:50793 - R:localhost/127.0.0.1:59780]' for 'POST' to 'http://localhost:59780/session/0bfda7d8296c4441c0e8773c259bdd4f/element'
[DEBUG] Using open Channel [id: 0x7b6c1fea, L:/127.0.0.1:50793 - R:localhost/127.0.0.1:59780] for POST '/session/0bfda7d8296c4441c0e8773c259bdd4f/element'
[DEBUG] 

Request DefaultHttpRequest(decodeResult: success, version: HTTP/1.1)
POST /session/0bfda7d8296c4441c0e8773c259bdd4f/element HTTP/1.1
User-Agent: selenium/4.2.1 (java windows)
Content-Length: 66
Content-Type: application/json; charset=utf-8
host: localhost:59780
accept: */*

Response DefaultHttpResponse(decodeResult: success, version: HTTP/1.1)
HTTP/1.1 200 OK
Content-Type: application/json; charset=utf-8
cache-control: no-cache
content-length: 88

[DEBUG] Adding key: http://localhost:59780 for channel [id: 0x7b6c1fea, L:/127.0.0.1:50793 - R:localhost/127.0.0.1:59780]
[DEBUG] Using pooled Channel '[id: 0x7b6c1fea, L:/127.0.0.1:50793 - R:localhost/127.0.0.1:59780]' for 'GET' to 'http://localhost:59780/session/0bfda7d8296c4441c0e8773c259bdd4f/element/5714ac92-62b1-475c-9891-2e1d05c50b34/attribute/multiple'
[DEBUG] Using open Channel [id: 0x7b6c1fea, L:/127.0.0.1:50793 - R:localhost/127.0.0.1:59780] for GET '/session/0bfda7d8296c4441c0e8773c259bdd4f/element/5714ac92-62b1-475c-9891-2e1d05c50b34/attribute/multiple'
[DEBUG] 

Request DefaultFullHttpRequest(decodeResult: success, version: HTTP/1.1, content: EmptyByteBufBE)
GET /session/0bfda7d8296c4441c0e8773c259bdd4f/element/5714ac92-62b1-475c-9891-2e1d05c50b34/attribute/multiple HTTP/1.1
User-Agent: selenium/4.2.1 (java windows)
Cache-Control: no-cache
Content-Type: application/json; charset=utf-8
host: localhost:59780
accept: */*

Response DefaultHttpResponse(decodeResult: success, version: HTTP/1.1)
HTTP/1.1 200 OK
Content-Type: application/json; charset=utf-8
cache-control: no-cache
content-length: 14

[DEBUG] Adding key: http://localhost:59780 for channel [id: 0x7b6c1fea, L:/127.0.0.1:50793 - R:localhost/127.0.0.1:59780]
[DEBUG] Using pooled Channel '[id: 0x7b6c1fea, L:/127.0.0.1:50793 - R:localhost/127.0.0.1:59780]' for 'POST' to 'http://localhost:59780/session/0bfda7d8296c4441c0e8773c259bdd4f/element'
[DEBUG] Using open Channel [id: 0x7b6c1fea, L:/127.0.0.1:50793 - R:localhost/127.0.0.1:59780] for POST '/session/0bfda7d8296c4441c0e8773c259bdd4f/element'
[DEBUG] 

Request DefaultHttpRequest(decodeResult: success, version: HTTP/1.1)
POST /session/0bfda7d8296c4441c0e8773c259bdd4f/element HTTP/1.1
User-Agent: selenium/4.2.1 (java windows)
Content-Length: 66
Content-Type: application/json; charset=utf-8
host: localhost:59780
accept: */*

Response DefaultHttpResponse(decodeResult: success, version: HTTP/1.1)
HTTP/1.1 200 OK
Content-Type: application/json; charset=utf-8
cache-control: no-cache
content-length: 88

[DEBUG] Adding key: http://localhost:59780 for channel [id: 0x7b6c1fea, L:/127.0.0.1:50793 - R:localhost/127.0.0.1:59780]
[DEBUG] Using pooled Channel '[id: 0x7b6c1fea, L:/127.0.0.1:50793 - R:localhost/127.0.0.1:59780]' for 'POST' to 'http://localhost:59780/session/0bfda7d8296c4441c0e8773c259bdd4f/element/5714ac92-62b1-475c-9891-2e1d05c50b34/elements'
[DEBUG] Using open Channel [id: 0x7b6c1fea, L:/127.0.0.1:50793 - R:localhost/127.0.0.1:59780] for POST '/session/0bfda7d8296c4441c0e8773c259bdd4f/element/5714ac92-62b1-475c-9891-2e1d05c50b34/elements'
[DEBUG] 

Request DefaultHttpRequest(decodeResult: success, version: HTTP/1.1)
POST /session/0bfda7d8296c4441c0e8773c259bdd4f/element/5714ac92-62b1-475c-9891-2e1d05c50b34/elements HTTP/1.1
User-Agent: selenium/4.2.1 (java windows)
Content-Length: 139
Content-Type: application/json; charset=utf-8
host: localhost:59780
accept: */*

Response DefaultHttpResponse(decodeResult: success, version: HTTP/1.1)
HTTP/1.1 200 OK
Content-Type: application/json; charset=utf-8
cache-control: no-cache
content-length: 90

[DEBUG] Adding key: http://localhost:59780 for channel [id: 0x7b6c1fea, L:/127.0.0.1:50793 - R:localhost/127.0.0.1:59780]
[DEBUG] Using pooled Channel '[id: 0x7b6c1fea, L:/127.0.0.1:50793 - R:localhost/127.0.0.1:59780]' for 'GET' to 'http://localhost:59780/session/0bfda7d8296c4441c0e8773c259bdd4f/element/2a4fdd8b-97e8-40d5-a5af-5db5e94e44a8/selected'
[DEBUG] Using open Channel [id: 0x7b6c1fea, L:/127.0.0.1:50793 - R:localhost/127.0.0.1:59780] for GET '/session/0bfda7d8296c4441c0e8773c259bdd4f/element/2a4fdd8b-97e8-40d5-a5af-5db5e94e44a8/selected'
[DEBUG] 

Request DefaultFullHttpRequest(decodeResult: success, version: HTTP/1.1, content: EmptyByteBufBE)
GET /session/0bfda7d8296c4441c0e8773c259bdd4f/element/2a4fdd8b-97e8-40d5-a5af-5db5e94e44a8/selected HTTP/1.1
User-Agent: selenium/4.2.1 (java windows)
Cache-Control: no-cache
Content-Type: application/json; charset=utf-8
host: localhost:59780
accept: */*

Response DefaultHttpResponse(decodeResult: success, version: HTTP/1.1)
HTTP/1.1 200 OK
Content-Type: application/json; charset=utf-8
cache-control: no-cache
content-length: 15

[DEBUG] Adding key: http://localhost:59780 for channel [id: 0x7b6c1fea, L:/127.0.0.1:50793 - R:localhost/127.0.0.1:59780]
[DEBUG] Using pooled Channel '[id: 0x7b6c1fea, L:/127.0.0.1:50793 - R:localhost/127.0.0.1:59780]' for 'POST' to 'http://localhost:59780/session/0bfda7d8296c4441c0e8773c259bdd4f/element/2a4fdd8b-97e8-40d5-a5af-5db5e94e44a8/click'
[DEBUG] Using open Channel [id: 0x7b6c1fea, L:/127.0.0.1:50793 - R:localhost/127.0.0.1:59780] for POST '/session/0bfda7d8296c4441c0e8773c259bdd4f/element/2a4fdd8b-97e8-40d5-a5af-5db5e94e44a8/click'
[DEBUG] 

Request DefaultHttpRequest(decodeResult: success, version: HTTP/1.1)
POST /session/0bfda7d8296c4441c0e8773c259bdd4f/element/2a4fdd8b-97e8-40d5-a5af-5db5e94e44a8/click HTTP/1.1
User-Agent: selenium/4.2.1 (java windows)
Content-Length: 50
Content-Type: application/json; charset=utf-8
host: localhost:59780
accept: */*

Response DefaultHttpResponse(decodeResult: success, version: HTTP/1.1)
HTTP/1.1 200 OK
Content-Type: application/json; charset=utf-8
cache-control: no-cache
content-length: 14

[DEBUG] Adding key: http://localhost:59780 for channel [id: 0x7b6c1fea, L:/127.0.0.1:50793 - R:localhost/127.0.0.1:59780]
[DEBUG] Using pooled Channel '[id: 0x7b6c1fea, L:/127.0.0.1:50793 - R:localhost/127.0.0.1:59780]' for 'POST' to 'http://localhost:59780/session/0bfda7d8296c4441c0e8773c259bdd4f/element'
[DEBUG] Using open Channel [id: 0x7b6c1fea, L:/127.0.0.1:50793 - R:localhost/127.0.0.1:59780] for POST '/session/0bfda7d8296c4441c0e8773c259bdd4f/element'
[DEBUG] 

Request DefaultHttpRequest(decodeResult: success, version: HTTP/1.1)
POST /session/0bfda7d8296c4441c0e8773c259bdd4f/element HTTP/1.1
User-Agent: selenium/4.2.1 (java windows)
Content-Length: 69
Content-Type: application/json; charset=utf-8
host: localhost:59780
accept: */*

Response DefaultHttpResponse(decodeResult: success, version: HTTP/1.1)
HTTP/1.1 200 OK
Content-Type: application/json; charset=utf-8
cache-control: no-cache
content-length: 88

[DEBUG] Adding key: http://localhost:59780 for channel [id: 0x7b6c1fea, L:/127.0.0.1:50793 - R:localhost/127.0.0.1:59780]
[DEBUG] Using pooled Channel '[id: 0x7b6c1fea, L:/127.0.0.1:50793 - R:localhost/127.0.0.1:59780]' for 'POST' to 'http://localhost:59780/session/0bfda7d8296c4441c0e8773c259bdd4f/element/09565b9c-04fc-4e97-80f7-3fe695290718/click'
[DEBUG] Using open Channel [id: 0x7b6c1fea, L:/127.0.0.1:50793 - R:localhost/127.0.0.1:59780] for POST '/session/0bfda7d8296c4441c0e8773c259bdd4f/element/09565b9c-04fc-4e97-80f7-3fe695290718/click'
[DEBUG] Entry count for : http://localhost:50794 : 1
[DEBUG] Entry count for : http://localhost:50794 : 1
[DEBUG] 

Request DefaultHttpRequest(decodeResult: success, version: HTTP/1.1)
POST /session/0bfda7d8296c4441c0e8773c259bdd4f/element/09565b9c-04fc-4e97-80f7-3fe695290718/click HTTP/1.1
User-Agent: selenium/4.2.1 (java windows)
Content-Length: 50
Content-Type: application/json; charset=utf-8
host: localhost:59780
accept: */*

Response DefaultHttpResponse(decodeResult: success, version: HTTP/1.1)
HTTP/1.1 200 OK
Content-Type: application/json; charset=utf-8
cache-control: no-cache
content-length: 14

[DEBUG] Adding key: http://localhost:59780 for channel [id: 0x7b6c1fea, L:/127.0.0.1:50793 - R:localhost/127.0.0.1:59780]
[DEBUG] Using pooled Channel '[id: 0x7b6c1fea, L:/127.0.0.1:50793 - R:localhost/127.0.0.1:59780]' for 'POST' to 'http://localhost:59780/session/0bfda7d8296c4441c0e8773c259bdd4f/element'
[DEBUG] Using open Channel [id: 0x7b6c1fea, L:/127.0.0.1:50793 - R:localhost/127.0.0.1:59780] for POST '/session/0bfda7d8296c4441c0e8773c259bdd4f/element'
[DEBUG] 

Request DefaultHttpRequest(decodeResult: success, version: HTTP/1.1)
POST /session/0bfda7d8296c4441c0e8773c259bdd4f/element HTTP/1.1
User-Agent: selenium/4.2.1 (java windows)
Content-Length: 44
Content-Type: application/json; charset=utf-8
host: localhost:59780
accept: */*

Response DefaultHttpResponse(decodeResult: success, version: HTTP/1.1)
HTTP/1.1 200 OK
Content-Type: application/json; charset=utf-8
cache-control: no-cache
content-length: 88

[DEBUG] Adding key: http://localhost:59780 for channel [id: 0x7b6c1fea, L:/127.0.0.1:50793 - R:localhost/127.0.0.1:59780]
[DEBUG] Using pooled Channel '[id: 0x7b6c1fea, L:/127.0.0.1:50793 - R:localhost/127.0.0.1:59780]' for 'GET' to 'http://localhost:59780/session/0bfda7d8296c4441c0e8773c259bdd4f/element/fb0dbfa8-ec90-42b9-9378-9573cc1fcb34/text'
[DEBUG] Using open Channel [id: 0x7b6c1fea, L:/127.0.0.1:50793 - R:localhost/127.0.0.1:59780] for GET '/session/0bfda7d8296c4441c0e8773c259bdd4f/element/fb0dbfa8-ec90-42b9-9378-9573cc1fcb34/text'
[DEBUG] 

Request DefaultFullHttpRequest(decodeResult: success, version: HTTP/1.1, content: EmptyByteBufBE)
GET /session/0bfda7d8296c4441c0e8773c259bdd4f/element/fb0dbfa8-ec90-42b9-9378-9573cc1fcb34/text HTTP/1.1
User-Agent: selenium/4.2.1 (java windows)
Cache-Control: no-cache
Content-Type: application/json; charset=utf-8
host: localhost:59780
accept: */*

Response DefaultHttpResponse(decodeResult: success, version: HTTP/1.1)
HTTP/1.1 200 OK
Content-Type: application/json; charset=utf-8
cache-control: no-cache
content-length: 799

[DEBUG] Adding key: http://localhost:59780 for channel [id: 0x7b6c1fea, L:/127.0.0.1:50793 - R:localhost/127.0.0.1:59780]
[DEBUG] Using pooled Channel '[id: 0x7b6c1fea, L:/127.0.0.1:50793 - R:localhost/127.0.0.1:59780]' for 'DELETE' to 'http://localhost:59780/session/0bfda7d8296c4441c0e8773c259bdd4f/window'
[DEBUG] Using open Channel [id: 0x7b6c1fea, L:/127.0.0.1:50793 - R:localhost/127.0.0.1:59780] for DELETE '/session/0bfda7d8296c4441c0e8773c259bdd4f/window'
[DEBUG] Entry count for : http://localhost:50794 : 1
[DEBUG] Unexpected I/O exception on channel [id: 0xf3429e6e, L:/127.0.0.1:50803 - R:localhost/127.0.0.1:50794]
java.net.SocketException: Connection reset
	at java.base/sun.nio.ch.SocketChannelImpl.throwConnectionReset(SocketChannelImpl.java:394) ~[na:na]
	at java.base/sun.nio.ch.SocketChannelImpl.read(SocketChannelImpl.java:426) ~[na:na]
	at io.netty.buffer.PooledByteBuf.setBytes(PooledByteBuf.java:258) ~[netty-buffer-4.1.77.Final.jar:4.1.77.Final]
	at io.netty.buffer.AbstractByteBuf.writeBytes(AbstractByteBuf.java:1132) ~[netty-buffer-4.1.77.Final.jar:4.1.77.Final]
	at io.netty.channel.socket.nio.NioSocketChannel.doReadBytes(NioSocketChannel.java:357) ~[netty-transport-4.1.77.Final.jar:4.1.77.Final]
	at io.netty.channel.nio.AbstractNioByteChannel$NioByteUnsafe.read(AbstractNioByteChannel.java:151) ~[netty-transport-4.1.77.Final.jar:4.1.77.Final]
	at io.netty.channel.nio.NioEventLoop.processSelectedKey(NioEventLoop.java:722) ~[netty-transport-4.1.77.Final.jar:4.1.77.Final]
	at io.netty.channel.nio.NioEventLoop.processSelectedKeysOptimized(NioEventLoop.java:658) ~[netty-transport-4.1.77.Final.jar:4.1.77.Final]
	at io.netty.channel.nio.NioEventLoop.processSelectedKeys(NioEventLoop.java:584) ~[netty-transport-4.1.77.Final.jar:4.1.77.Final]
	at io.netty.channel.nio.NioEventLoop.run(NioEventLoop.java:496) ~[netty-transport-4.1.77.Final.jar:4.1.77.Final]
	at io.netty.util.concurrent.SingleThreadEventExecutor$4.run(SingleThreadEventExecutor.java:995) ~[netty-common-4.1.77.Final.jar:4.1.77.Final]
	at io.netty.util.internal.ThreadExecutorMap$2.run(ThreadExecutorMap.java:74) ~[netty-common-4.1.77.Final.jar:4.1.77.Final]
	at io.netty.util.concurrent.FastThreadLocalRunnable.run(FastThreadLocalRunnable.java:30) ~[netty-common-4.1.77.Final.jar:4.1.77.Final]
	at java.base/java.lang.Thread.run(Thread.java:833) ~[na:na]
[DEBUG] Unexpected I/O exception on channel [id: 0x19704839, L:/127.0.0.1:50801 - R:localhost/127.0.0.1:50794]
java.net.SocketException: Connection reset
	at java.base/sun.nio.ch.SocketChannelImpl.throwConnectionReset(SocketChannelImpl.java:394) ~[na:na]
	at java.base/sun.nio.ch.SocketChannelImpl.read(SocketChannelImpl.java:426) ~[na:na]
	at io.netty.buffer.PooledByteBuf.setBytes(PooledByteBuf.java:258) ~[netty-buffer-4.1.77.Final.jar:4.1.77.Final]
	at io.netty.buffer.AbstractByteBuf.writeBytes(AbstractByteBuf.java:1132) ~[netty-buffer-4.1.77.Final.jar:4.1.77.Final]
	at io.netty.channel.socket.nio.NioSocketChannel.doReadBytes(NioSocketChannel.java:357) ~[netty-transport-4.1.77.Final.jar:4.1.77.Final]
	at io.netty.channel.nio.AbstractNioByteChannel$NioByteUnsafe.read(AbstractNioByteChannel.java:151) ~[netty-transport-4.1.77.Final.jar:4.1.77.Final]
	at io.netty.channel.nio.NioEventLoop.processSelectedKey(NioEventLoop.java:722) ~[netty-transport-4.1.77.Final.jar:4.1.77.Final]
	at io.netty.channel.nio.NioEventLoop.processSelectedKeysOptimized(NioEventLoop.java:658) ~[netty-transport-4.1.77.Final.jar:4.1.77.Final]
	at io.netty.channel.nio.NioEventLoop.processSelectedKeys(NioEventLoop.java:584) ~[netty-transport-4.1.77.Final.jar:4.1.77.Final]
	at io.netty.channel.nio.NioEventLoop.run(NioEventLoop.java:496) ~[netty-transport-4.1.77.Final.jar:4.1.77.Final]
	at io.netty.util.concurrent.SingleThreadEventExecutor$4.run(SingleThreadEventExecutor.java:995) ~[netty-common-4.1.77.Final.jar:4.1.77.Final]
	at io.netty.util.internal.ThreadExecutorMap$2.run(ThreadExecutorMap.java:74) ~[netty-common-4.1.77.Final.jar:4.1.77.Final]
	at io.netty.util.concurrent.FastThreadLocalRunnable.run(FastThreadLocalRunnable.java:30) ~[netty-common-4.1.77.Final.jar:4.1.77.Final]
	at java.base/java.lang.Thread.run(Thread.java:833) ~[na:na]
[DEBUG] Closing Channel [id: 0x19704839, L:/127.0.0.1:50801 - R:localhost/127.0.0.1:50794] 
[DEBUG] Was unable to recover Future: NettyResponseFuture{currentRetry=0,
	isDone=1,
	isCancelled=0,
	asyncHandler=org.asynchttpclient.ws.WebSocketUpgradeHandler@2e2490f4,
	nettyRequest=org.asynchttpclient.netty.request.NettyRequest@6c72b0c1,
	future=java.util.concurrent.CompletableFuture@623b9a94[Completed normally],
	uri=ws://localhost:50794/devtools/browser/ae1c15d8-513b-4344-b870-d98be866d214,
	keepAlive=true,
	redirectCount=0,
	timeoutsHolder=null,
	inAuth=0,
	touch=1658841063923}
[DEBUG] Closing Channel [id: 0xf3429e6e, L:/127.0.0.1:50803 - R:localhost/127.0.0.1:50794] 
[WARN] onError
java.net.SocketException: Connection reset
	at java.base/sun.nio.ch.SocketChannelImpl.throwConnectionReset(SocketChannelImpl.java:394) ~[na:na]
	at java.base/sun.nio.ch.SocketChannelImpl.read(SocketChannelImpl.java:426) ~[na:na]
	at io.netty.buffer.PooledByteBuf.setBytes(PooledByteBuf.java:258) ~[netty-buffer-4.1.77.Final.jar:4.1.77.Final]
	at io.netty.buffer.AbstractByteBuf.writeBytes(AbstractByteBuf.java:1132) ~[netty-buffer-4.1.77.Final.jar:4.1.77.Final]
	at io.netty.channel.socket.nio.NioSocketChannel.doReadBytes(NioSocketChannel.java:357) ~[netty-transport-4.1.77.Final.jar:4.1.77.Final]
	at io.netty.channel.nio.AbstractNioByteChannel$NioByteUnsafe.read(AbstractNioByteChannel.java:151) ~[netty-transport-4.1.77.Final.jar:4.1.77.Final]
	at io.netty.channel.nio.NioEventLoop.processSelectedKey(NioEventLoop.java:722) ~[netty-transport-4.1.77.Final.jar:4.1.77.Final]
	at io.netty.channel.nio.NioEventLoop.processSelectedKeysOptimized(NioEventLoop.java:658) ~[netty-transport-4.1.77.Final.jar:4.1.77.Final]
	at io.netty.channel.nio.NioEventLoop.processSelectedKeys(NioEventLoop.java:584) ~[netty-transport-4.1.77.Final.jar:4.1.77.Final]
	at io.netty.channel.nio.NioEventLoop.run(NioEventLoop.java:496) ~[netty-transport-4.1.77.Final.jar:4.1.77.Final]
	at io.netty.util.concurrent.SingleThreadEventExecutor$4.run(SingleThreadEventExecutor.java:995) ~[netty-common-4.1.77.Final.jar:4.1.77.Final]
	at io.netty.util.internal.ThreadExecutorMap$2.run(ThreadExecutorMap.java:74) ~[netty-common-4.1.77.Final.jar:4.1.77.Final]
	at io.netty.util.concurrent.FastThreadLocalRunnable.run(FastThreadLocalRunnable.java:30) ~[netty-common-4.1.77.Final.jar:4.1.77.Final]
	at java.base/java.lang.Thread.run(Thread.java:833) ~[na:na]
[DEBUG] Channel Closed: [id: 0x19704839, L:/127.0.0.1:50801 ! R:localhost/127.0.0.1:50794] with attribute DISCARD
[DEBUG] Closing Channel [id: 0xf3429e6e, L:/127.0.0.1:50803 ! R:localhost/127.0.0.1:50794] 
[DEBUG] Channel Closed: [id: 0xf3429e6e, L:/127.0.0.1:50803 ! R:localhost/127.0.0.1:50794] with attribute DISCARD
[DEBUG] 

Request DefaultFullHttpRequest(decodeResult: success, version: HTTP/1.1, content: EmptyByteBufBE)
DELETE /session/0bfda7d8296c4441c0e8773c259bdd4f/window HTTP/1.1
User-Agent: selenium/4.2.1 (java windows)
Content-Type: application/json; charset=utf-8
host: localhost:59780
accept: */*

Response DefaultHttpResponse(decodeResult: success, version: HTTP/1.1)
HTTP/1.1 200 OK
Content-Type: application/json; charset=utf-8
cache-control: no-cache
content-length: 12

[DEBUG] Adding key: http://localhost:59780 for channel [id: 0x7b6c1fea, L:/127.0.0.1:50793 - R:localhost/127.0.0.1:59780]
TearDown method executed
[DEBUG] Using pooled Channel '[id: 0x7b6c1fea, L:/127.0.0.1:50793 - R:localhost/127.0.0.1:59780]' for 'DELETE' to 'http://localhost:59780/session/0bfda7d8296c4441c0e8773c259bdd4f'
[DEBUG] Using open Channel [id: 0x7b6c1fea, L:/127.0.0.1:50793 - R:localhost/127.0.0.1:59780] for DELETE '/session/0bfda7d8296c4441c0e8773c259bdd4f'
[DEBUG] 

Request DefaultFullHttpRequest(decodeResult: success, version: HTTP/1.1, content: EmptyByteBufBE)
DELETE /session/0bfda7d8296c4441c0e8773c259bdd4f HTTP/1.1
User-Agent: selenium/4.2.1 (java windows)
Content-Type: application/json; charset=utf-8
host: localhost:59780
accept: */*

Response DefaultHttpResponse(decodeResult: success, version: HTTP/1.1)
HTTP/1.1 200 OK
Content-Type: application/json; charset=utf-8
cache-control: no-cache
content-length: 14

[DEBUG] Adding key: http://localhost:59780 for channel [id: 0x7b6c1fea, L:/127.0.0.1:50793 - R:localhost/127.0.0.1:59780]
[DEBUG] Channel Closed: [id: 0x7b6c1fea, L:/127.0.0.1:50793 ! R:localhost/127.0.0.1:59780] with attribute DISCARD
]]></system-out>
    <system-err><![CDATA[Starting ChromeDriver 103.0.5060.134 (8ec6fce403b3feb0869b0732eda8bd95011d333c-refs/branch-heads/5060@{#1262}) on port 59780
Only local connections are allowed.
Please see https://chromedriver.chromium.org/security-considerations for suggestions on keeping ChromeDriver safe.
ChromeDriver was started successfully.
Jul 26, 2022 6:40:48 PM org.openqa.selenium.remote.ProtocolHandshake createSession
INFO: Detected upstream dialect: W3C
Jul 26, 2022 6:40:48 PM org.openqa.selenium.devtools.CdpVersionFinder findNearestMatch
WARNING: Unable to find an exact match for CDP version 103, so returning the closest version found: 102
Jul 26, 2022 6:40:48 PM org.openqa.selenium.devtools.CdpVersionFinder findNearestMatch
INFO: Found CDP implementation for version 103 of 102
Jul 26, 2022 6:41:03 PM org.openqa.selenium.remote.http.WebSocket$Listener onError
WARNING: Connection reset
java.net.SocketException: Connection reset
	at java.base/sun.nio.ch.SocketChannelImpl.throwConnectionReset(SocketChannelImpl.java:394)
	at java.base/sun.nio.ch.SocketChannelImpl.read(SocketChannelImpl.java:426)
	at io.netty.buffer.PooledByteBuf.setBytes(PooledByteBuf.java:258)
	at io.netty.buffer.AbstractByteBuf.writeBytes(AbstractByteBuf.java:1132)
	at io.netty.channel.socket.nio.NioSocketChannel.doReadBytes(NioSocketChannel.java:357)
	at io.netty.channel.nio.AbstractNioByteChannel$NioByteUnsafe.read(AbstractNioByteChannel.java:151)
	at io.netty.channel.nio.NioEventLoop.processSelectedKey(NioEventLoop.java:722)
	at io.netty.channel.nio.NioEventLoop.processSelectedKeysOptimized(NioEventLoop.java:658)
	at io.netty.channel.nio.NioEventLoop.processSelectedKeys(NioEventLoop.java:584)
	at io.netty.channel.nio.NioEventLoop.run(NioEventLoop.java:496)
	at io.netty.util.concurrent.SingleThreadEventExecutor$4.run(SingleThreadEventExecutor.java:995)
	at io.netty.util.internal.ThreadExecutorMap$2.run(ThreadExecutorMap.java:74)
	at io.netty.util.concurrent.FastThreadLocalRunnable.run(FastThreadLocalRunnable.java:30)
	at java.base/java.lang.Thread.run(Thread.java:833)

]]></system-err>
  </testcase>
  <testcase name="runScenario[&quot;Search customer by Email&quot;, &quot;Add customer test&quot;](2)" classname="testRunner.Run" time="9.987">
    <system-out><![CDATA[Setup-1 Sanity method executed
chrome
[DEBUG] Resolution chrome=103 in cache (valid until 19:22:20 26/07/2022 IST)
[DEBUG] Resolution chrome103=103.0.5060.134 in cache (valid until 21:50:19 26/07/2022 IST)
[INFO] Using chromedriver 103.0.5060.134 (resolved driver for Chrome 103)
[DEBUG] Driver chromedriver 103.0.5060.134 found in cache
[INFO] Exporting webdriver.chrome.driver as C:\Users\abrar\.cache\selenium\chromedriver\win32\103.0.5060.134\chromedriver.exe
[DEBUG] Using new Channel '[id: 0xb64d4848, L:/127.0.0.1:50819 - R:localhost/127.0.0.1:55641]' for 'POST' to '/session'
[DEBUG] Entry count for : http://localhost:59780 : 1
[DEBUG] Entry count for : http://localhost:50794 : 1
[DEBUG] Adding Candidate expired Channel [id: 0x7b6c1fea, L:/127.0.0.1:50793 ! R:localhost/127.0.0.1:59780] isIdleTimeoutExpired=false isRemotelyClosed=true isTtlExpired=false
[DEBUG] Closing Idle Channel [id: 0x7b6c1fea, L:/127.0.0.1:50793 ! R:localhost/127.0.0.1:59780]
[DEBUG] Adding Candidate expired Channel [id: 0x19704839, L:/127.0.0.1:50801 ! R:localhost/127.0.0.1:50794] isIdleTimeoutExpired=false isRemotelyClosed=true isTtlExpired=false
[DEBUG] Closing Idle Channel [id: 0x19704839, L:/127.0.0.1:50801 ! R:localhost/127.0.0.1:50794]
[DEBUG] Closed 2 connections out of 2 in 0 ms
[DEBUG] 

Request DefaultHttpRequest(decodeResult: success, version: HTTP/1.1)
POST /session HTTP/1.1
User-Agent: selenium/4.2.1 (java windows)
Content-Length: 365
Content-Type: application/json; charset=utf-8
host: localhost:55641
accept: */*

Response DefaultHttpResponse(decodeResult: success, version: HTTP/1.1)
HTTP/1.1 200 OK
Content-Type: application/json; charset=utf-8
cache-control: no-cache
content-length: 793

[DEBUG] Adding key: http://localhost:55641 for channel [id: 0xb64d4848, L:/127.0.0.1:50819 - R:localhost/127.0.0.1:55641]
[DEBUG] Using new Channel '[id: 0x090db564, L:/127.0.0.1:50826 - R:localhost/127.0.0.1:50820]' for 'GET' to '/json/version'
[DEBUG] 

Request DefaultFullHttpRequest(decodeResult: success, version: HTTP/1.1, content: EmptyByteBufBE)
GET /json/version HTTP/1.1
User-Agent: selenium/4.2.1 (java windows)
host: localhost:50820
accept: */*

Response DefaultHttpResponse(decodeResult: success, version: HTTP/1.1)
HTTP/1.1 200 OK
Content-Type: application/json; charset=UTF-8
content-length: 429

[DEBUG] Adding key: http://localhost:50820 for channel [id: 0x090db564, L:/127.0.0.1:50826 - R:localhost/127.0.0.1:50820]
[DEBUG] Using new Channel '[id: 0x637ccf18, L:/127.0.0.1:50827 - R:localhost/127.0.0.1:50820]' for 'GET' to '/devtools/browser/5c4513e5-9ef8-419e-9d22-ed8ddd40bdfc'
[DEBUG] 

Request DefaultFullHttpRequest(decodeResult: success, version: HTTP/1.1, content: EmptyByteBufBE)
GET /devtools/browser/5c4513e5-9ef8-419e-9d22-ed8ddd40bdfc HTTP/1.1
upgrade: websocket
connection: upgrade
sec-websocket-key: NqEji/YcILp+KD3usjZ2Pg==
sec-websocket-version: 13
origin: http://localhost:50820
host: localhost:50820
accept: */*
user-agent: AHC/2.1

Response DefaultHttpResponse(decodeResult: success, version: HTTP/1.1)
HTTP/1.1 101 WebSocket Protocol Handshake
Upgrade: WebSocket
Connection: Upgrade
Sec-WebSocket-Accept: 5iBvwqXn3IMr+7oWFtqBp3xXeic=

[DEBUG] Using pooled Channel '[id: 0xb64d4848, L:/127.0.0.1:50819 - R:localhost/127.0.0.1:55641]' for 'POST' to 'http://localhost:55641/session/ba3b4f4808f5e00e2de3e378d2259315/url'
[DEBUG] Using open Channel [id: 0xb64d4848, L:/127.0.0.1:50819 - R:localhost/127.0.0.1:55641] for POST '/session/ba3b4f4808f5e00e2de3e378d2259315/url'
[DEBUG] Entry count for : http://localhost:50820 : 1
[DEBUG] 

Request DefaultHttpRequest(decodeResult: success, version: HTTP/1.1)
POST /session/ba3b4f4808f5e00e2de3e378d2259315/url HTTP/1.1
User-Agent: selenium/4.2.1 (java windows)
Content-Length: 69
Content-Type: application/json; charset=utf-8
host: localhost:55641
accept: */*

Response DefaultHttpResponse(decodeResult: success, version: HTTP/1.1)
HTTP/1.1 200 OK
Content-Type: application/json; charset=utf-8
cache-control: no-cache
content-length: 14

[DEBUG] Adding key: http://localhost:55641 for channel [id: 0xb64d4848, L:/127.0.0.1:50819 - R:localhost/127.0.0.1:55641]
[DEBUG] Using pooled Channel '[id: 0xb64d4848, L:/127.0.0.1:50819 - R:localhost/127.0.0.1:55641]' for 'POST' to 'http://localhost:55641/session/ba3b4f4808f5e00e2de3e378d2259315/element'
[DEBUG] Using open Channel [id: 0xb64d4848, L:/127.0.0.1:50819 - R:localhost/127.0.0.1:55641] for POST '/session/ba3b4f4808f5e00e2de3e378d2259315/element'
[DEBUG] 

Request DefaultHttpRequest(decodeResult: success, version: HTTP/1.1)
POST /session/ba3b4f4808f5e00e2de3e378d2259315/element HTTP/1.1
User-Agent: selenium/4.2.1 (java windows)
Content-Length: 50
Content-Type: application/json; charset=utf-8
host: localhost:55641
accept: */*

Response DefaultHttpResponse(decodeResult: success, version: HTTP/1.1)
HTTP/1.1 200 OK
Content-Type: application/json; charset=utf-8
cache-control: no-cache
content-length: 88

[DEBUG] Adding key: http://localhost:55641 for channel [id: 0xb64d4848, L:/127.0.0.1:50819 - R:localhost/127.0.0.1:55641]
[DEBUG] Using pooled Channel '[id: 0xb64d4848, L:/127.0.0.1:50819 - R:localhost/127.0.0.1:55641]' for 'POST' to 'http://localhost:55641/session/ba3b4f4808f5e00e2de3e378d2259315/element/6594de8c-86b1-4b81-b29f-23fd404127ba/clear'
[DEBUG] Using open Channel [id: 0xb64d4848, L:/127.0.0.1:50819 - R:localhost/127.0.0.1:55641] for POST '/session/ba3b4f4808f5e00e2de3e378d2259315/element/6594de8c-86b1-4b81-b29f-23fd404127ba/clear'
[DEBUG] 

Request DefaultHttpRequest(decodeResult: success, version: HTTP/1.1)
POST /session/ba3b4f4808f5e00e2de3e378d2259315/element/6594de8c-86b1-4b81-b29f-23fd404127ba/clear HTTP/1.1
User-Agent: selenium/4.2.1 (java windows)
Content-Length: 50
Content-Type: application/json; charset=utf-8
host: localhost:55641
accept: */*

Response DefaultHttpResponse(decodeResult: success, version: HTTP/1.1)
HTTP/1.1 200 OK
Content-Type: application/json; charset=utf-8
cache-control: no-cache
content-length: 14

[DEBUG] Adding key: http://localhost:55641 for channel [id: 0xb64d4848, L:/127.0.0.1:50819 - R:localhost/127.0.0.1:55641]
[DEBUG] Using pooled Channel '[id: 0xb64d4848, L:/127.0.0.1:50819 - R:localhost/127.0.0.1:55641]' for 'POST' to 'http://localhost:55641/session/ba3b4f4808f5e00e2de3e378d2259315/element'
[DEBUG] Using open Channel [id: 0xb64d4848, L:/127.0.0.1:50819 - R:localhost/127.0.0.1:55641] for POST '/session/ba3b4f4808f5e00e2de3e378d2259315/element'
[DEBUG] 

Request DefaultHttpRequest(decodeResult: success, version: HTTP/1.1)
POST /session/ba3b4f4808f5e00e2de3e378d2259315/element HTTP/1.1
User-Agent: selenium/4.2.1 (java windows)
Content-Length: 50
Content-Type: application/json; charset=utf-8
host: localhost:55641
accept: */*

Response DefaultHttpResponse(decodeResult: success, version: HTTP/1.1)
HTTP/1.1 200 OK
Content-Type: application/json; charset=utf-8
cache-control: no-cache
content-length: 88

[DEBUG] Adding key: http://localhost:55641 for channel [id: 0xb64d4848, L:/127.0.0.1:50819 - R:localhost/127.0.0.1:55641]
[DEBUG] Using pooled Channel '[id: 0xb64d4848, L:/127.0.0.1:50819 - R:localhost/127.0.0.1:55641]' for 'POST' to 'http://localhost:55641/session/ba3b4f4808f5e00e2de3e378d2259315/element/6594de8c-86b1-4b81-b29f-23fd404127ba/value'
[DEBUG] Using open Channel [id: 0xb64d4848, L:/127.0.0.1:50819 - R:localhost/127.0.0.1:55641] for POST '/session/ba3b4f4808f5e00e2de3e378d2259315/element/6594de8c-86b1-4b81-b29f-23fd404127ba/value'
[DEBUG] 

Request DefaultHttpRequest(decodeResult: success, version: HTTP/1.1)
POST /session/ba3b4f4808f5e00e2de3e378d2259315/element/6594de8c-86b1-4b81-b29f-23fd404127ba/value HTTP/1.1
User-Agent: selenium/4.2.1 (java windows)
Content-Length: 271
Content-Type: application/json; charset=utf-8
host: localhost:55641
accept: */*

Response DefaultHttpResponse(decodeResult: success, version: HTTP/1.1)
HTTP/1.1 200 OK
Content-Type: application/json; charset=utf-8
cache-control: no-cache
content-length: 14

[DEBUG] Adding key: http://localhost:55641 for channel [id: 0xb64d4848, L:/127.0.0.1:50819 - R:localhost/127.0.0.1:55641]
[DEBUG] Using pooled Channel '[id: 0xb64d4848, L:/127.0.0.1:50819 - R:localhost/127.0.0.1:55641]' for 'POST' to 'http://localhost:55641/session/ba3b4f4808f5e00e2de3e378d2259315/element'
[DEBUG] Using open Channel [id: 0xb64d4848, L:/127.0.0.1:50819 - R:localhost/127.0.0.1:55641] for POST '/session/ba3b4f4808f5e00e2de3e378d2259315/element'
[DEBUG] 

Request DefaultHttpRequest(decodeResult: success, version: HTTP/1.1)
POST /session/ba3b4f4808f5e00e2de3e378d2259315/element HTTP/1.1
User-Agent: selenium/4.2.1 (java windows)
Content-Length: 53
Content-Type: application/json; charset=utf-8
host: localhost:55641
accept: */*

Response DefaultHttpResponse(decodeResult: success, version: HTTP/1.1)
HTTP/1.1 200 OK
Content-Type: application/json; charset=utf-8
cache-control: no-cache
content-length: 88

[DEBUG] Adding key: http://localhost:55641 for channel [id: 0xb64d4848, L:/127.0.0.1:50819 - R:localhost/127.0.0.1:55641]
[DEBUG] Using pooled Channel '[id: 0xb64d4848, L:/127.0.0.1:50819 - R:localhost/127.0.0.1:55641]' for 'POST' to 'http://localhost:55641/session/ba3b4f4808f5e00e2de3e378d2259315/element/a15939c2-0e67-4358-ba75-8d5c150be265/clear'
[DEBUG] Using open Channel [id: 0xb64d4848, L:/127.0.0.1:50819 - R:localhost/127.0.0.1:55641] for POST '/session/ba3b4f4808f5e00e2de3e378d2259315/element/a15939c2-0e67-4358-ba75-8d5c150be265/clear'
[DEBUG] 

Request DefaultHttpRequest(decodeResult: success, version: HTTP/1.1)
POST /session/ba3b4f4808f5e00e2de3e378d2259315/element/a15939c2-0e67-4358-ba75-8d5c150be265/clear HTTP/1.1
User-Agent: selenium/4.2.1 (java windows)
Content-Length: 50
Content-Type: application/json; charset=utf-8
host: localhost:55641
accept: */*

Response DefaultHttpResponse(decodeResult: success, version: HTTP/1.1)
HTTP/1.1 200 OK
Content-Type: application/json; charset=utf-8
cache-control: no-cache
content-length: 14

[DEBUG] Adding key: http://localhost:55641 for channel [id: 0xb64d4848, L:/127.0.0.1:50819 - R:localhost/127.0.0.1:55641]
[DEBUG] Using pooled Channel '[id: 0xb64d4848, L:/127.0.0.1:50819 - R:localhost/127.0.0.1:55641]' for 'POST' to 'http://localhost:55641/session/ba3b4f4808f5e00e2de3e378d2259315/element'
[DEBUG] Using open Channel [id: 0xb64d4848, L:/127.0.0.1:50819 - R:localhost/127.0.0.1:55641] for POST '/session/ba3b4f4808f5e00e2de3e378d2259315/element'
[DEBUG] 

Request DefaultHttpRequest(decodeResult: success, version: HTTP/1.1)
POST /session/ba3b4f4808f5e00e2de3e378d2259315/element HTTP/1.1
User-Agent: selenium/4.2.1 (java windows)
Content-Length: 53
Content-Type: application/json; charset=utf-8
host: localhost:55641
accept: */*

Response DefaultHttpResponse(decodeResult: success, version: HTTP/1.1)
HTTP/1.1 200 OK
Content-Type: application/json; charset=utf-8
cache-control: no-cache
content-length: 88

[DEBUG] Adding key: http://localhost:55641 for channel [id: 0xb64d4848, L:/127.0.0.1:50819 - R:localhost/127.0.0.1:55641]
[DEBUG] Using pooled Channel '[id: 0xb64d4848, L:/127.0.0.1:50819 - R:localhost/127.0.0.1:55641]' for 'POST' to 'http://localhost:55641/session/ba3b4f4808f5e00e2de3e378d2259315/element/a15939c2-0e67-4358-ba75-8d5c150be265/value'
[DEBUG] Using open Channel [id: 0xb64d4848, L:/127.0.0.1:50819 - R:localhost/127.0.0.1:55641] for POST '/session/ba3b4f4808f5e00e2de3e378d2259315/element/a15939c2-0e67-4358-ba75-8d5c150be265/value'
[DEBUG] 

Request DefaultHttpRequest(decodeResult: success, version: HTTP/1.1)
POST /session/ba3b4f4808f5e00e2de3e378d2259315/element/a15939c2-0e67-4358-ba75-8d5c150be265/value HTTP/1.1
User-Agent: selenium/4.2.1 (java windows)
Content-Length: 131
Content-Type: application/json; charset=utf-8
host: localhost:55641
accept: */*

Response DefaultHttpResponse(decodeResult: success, version: HTTP/1.1)
HTTP/1.1 200 OK
Content-Type: application/json; charset=utf-8
cache-control: no-cache
content-length: 14

[DEBUG] Adding key: http://localhost:55641 for channel [id: 0xb64d4848, L:/127.0.0.1:50819 - R:localhost/127.0.0.1:55641]
[DEBUG] Using pooled Channel '[id: 0xb64d4848, L:/127.0.0.1:50819 - R:localhost/127.0.0.1:55641]' for 'POST' to 'http://localhost:55641/session/ba3b4f4808f5e00e2de3e378d2259315/element'
[DEBUG] Using open Channel [id: 0xb64d4848, L:/127.0.0.1:50819 - R:localhost/127.0.0.1:55641] for POST '/session/ba3b4f4808f5e00e2de3e378d2259315/element'
[DEBUG] 

Request DefaultHttpRequest(decodeResult: success, version: HTTP/1.1)
POST /session/ba3b4f4808f5e00e2de3e378d2259315/element HTTP/1.1
User-Agent: selenium/4.2.1 (java windows)
Content-Length: 87
Content-Type: application/json; charset=utf-8
host: localhost:55641
accept: */*

Response DefaultHttpResponse(decodeResult: success, version: HTTP/1.1)
HTTP/1.1 200 OK
Content-Type: application/json; charset=utf-8
cache-control: no-cache
content-length: 88

[DEBUG] Adding key: http://localhost:55641 for channel [id: 0xb64d4848, L:/127.0.0.1:50819 - R:localhost/127.0.0.1:55641]
[DEBUG] Using pooled Channel '[id: 0xb64d4848, L:/127.0.0.1:50819 - R:localhost/127.0.0.1:55641]' for 'POST' to 'http://localhost:55641/session/ba3b4f4808f5e00e2de3e378d2259315/element/3b776b7c-6a77-4b5a-a752-254a907a4f82/click'
[DEBUG] Using open Channel [id: 0xb64d4848, L:/127.0.0.1:50819 - R:localhost/127.0.0.1:55641] for POST '/session/ba3b4f4808f5e00e2de3e378d2259315/element/3b776b7c-6a77-4b5a-a752-254a907a4f82/click'
[DEBUG] Entry count for : http://localhost:50820 : 1
[DEBUG] Entry count for : http://localhost:50820 : 1
[DEBUG] Entry count for : http://localhost:50820 : 1
[DEBUG] Entry count for : http://localhost:50820 : 1
[DEBUG] 

Request DefaultHttpRequest(decodeResult: success, version: HTTP/1.1)
POST /session/ba3b4f4808f5e00e2de3e378d2259315/element/3b776b7c-6a77-4b5a-a752-254a907a4f82/click HTTP/1.1
User-Agent: selenium/4.2.1 (java windows)
Content-Length: 50
Content-Type: application/json; charset=utf-8
host: localhost:55641
accept: */*

Response DefaultHttpResponse(decodeResult: success, version: HTTP/1.1)
HTTP/1.1 200 OK
Content-Type: application/json; charset=utf-8
cache-control: no-cache
content-length: 14

[DEBUG] Adding key: http://localhost:55641 for channel [id: 0xb64d4848, L:/127.0.0.1:50819 - R:localhost/127.0.0.1:55641]
[DEBUG] Using pooled Channel '[id: 0xb64d4848, L:/127.0.0.1:50819 - R:localhost/127.0.0.1:55641]' for 'GET' to 'http://localhost:55641/session/ba3b4f4808f5e00e2de3e378d2259315/title'
[DEBUG] Using open Channel [id: 0xb64d4848, L:/127.0.0.1:50819 - R:localhost/127.0.0.1:55641] for GET '/session/ba3b4f4808f5e00e2de3e378d2259315/title'
[DEBUG] 

Request DefaultFullHttpRequest(decodeResult: success, version: HTTP/1.1, content: EmptyByteBufBE)
GET /session/ba3b4f4808f5e00e2de3e378d2259315/title HTTP/1.1
User-Agent: selenium/4.2.1 (java windows)
Cache-Control: no-cache
Content-Type: application/json; charset=utf-8
host: localhost:55641
accept: */*

Response DefaultHttpResponse(decodeResult: success, version: HTTP/1.1)
HTTP/1.1 200 OK
Content-Type: application/json; charset=utf-8
cache-control: no-cache
content-length: 50

[DEBUG] Adding key: http://localhost:55641 for channel [id: 0xb64d4848, L:/127.0.0.1:50819 - R:localhost/127.0.0.1:55641]
[DEBUG] Using pooled Channel '[id: 0xb64d4848, L:/127.0.0.1:50819 - R:localhost/127.0.0.1:55641]' for 'POST' to 'http://localhost:55641/session/ba3b4f4808f5e00e2de3e378d2259315/element'
[DEBUG] Using open Channel [id: 0xb64d4848, L:/127.0.0.1:50819 - R:localhost/127.0.0.1:55641] for POST '/session/ba3b4f4808f5e00e2de3e378d2259315/element'
[DEBUG] 

Request DefaultHttpRequest(decodeResult: success, version: HTTP/1.1)
POST /session/ba3b4f4808f5e00e2de3e378d2259315/element HTTP/1.1
User-Agent: selenium/4.2.1 (java windows)
Content-Length: 104
Content-Type: application/json; charset=utf-8
host: localhost:55641
accept: */*

Response DefaultHttpResponse(decodeResult: success, version: HTTP/1.1)
HTTP/1.1 200 OK
Content-Type: application/json; charset=utf-8
cache-control: no-cache
content-length: 88

[DEBUG] Adding key: http://localhost:55641 for channel [id: 0xb64d4848, L:/127.0.0.1:50819 - R:localhost/127.0.0.1:55641]
[DEBUG] Using pooled Channel '[id: 0xb64d4848, L:/127.0.0.1:50819 - R:localhost/127.0.0.1:55641]' for 'POST' to 'http://localhost:55641/session/ba3b4f4808f5e00e2de3e378d2259315/element/7f615ff0-be0c-4ddb-a7a8-fcb14279e151/click'
[DEBUG] Using open Channel [id: 0xb64d4848, L:/127.0.0.1:50819 - R:localhost/127.0.0.1:55641] for POST '/session/ba3b4f4808f5e00e2de3e378d2259315/element/7f615ff0-be0c-4ddb-a7a8-fcb14279e151/click'
[DEBUG] 

Request DefaultHttpRequest(decodeResult: success, version: HTTP/1.1)
POST /session/ba3b4f4808f5e00e2de3e378d2259315/element/7f615ff0-be0c-4ddb-a7a8-fcb14279e151/click HTTP/1.1
User-Agent: selenium/4.2.1 (java windows)
Content-Length: 50
Content-Type: application/json; charset=utf-8
host: localhost:55641
accept: */*

Response DefaultHttpResponse(decodeResult: success, version: HTTP/1.1)
HTTP/1.1 200 OK
Content-Type: application/json; charset=utf-8
cache-control: no-cache
content-length: 14

[DEBUG] Adding key: http://localhost:55641 for channel [id: 0xb64d4848, L:/127.0.0.1:50819 - R:localhost/127.0.0.1:55641]
[DEBUG] Using pooled Channel '[id: 0xb64d4848, L:/127.0.0.1:50819 - R:localhost/127.0.0.1:55641]' for 'POST' to 'http://localhost:55641/session/ba3b4f4808f5e00e2de3e378d2259315/element'
[DEBUG] Using open Channel [id: 0xb64d4848, L:/127.0.0.1:50819 - R:localhost/127.0.0.1:55641] for POST '/session/ba3b4f4808f5e00e2de3e378d2259315/element'
[DEBUG] 

Request DefaultHttpRequest(decodeResult: success, version: HTTP/1.1)
POST /session/ba3b4f4808f5e00e2de3e378d2259315/element HTTP/1.1
User-Agent: selenium/4.2.1 (java windows)
Content-Length: 138
Content-Type: application/json; charset=utf-8
host: localhost:55641
accept: */*

Response DefaultHttpResponse(decodeResult: success, version: HTTP/1.1)
HTTP/1.1 200 OK
Content-Type: application/json; charset=utf-8
cache-control: no-cache
content-length: 88

[DEBUG] Adding key: http://localhost:55641 for channel [id: 0xb64d4848, L:/127.0.0.1:50819 - R:localhost/127.0.0.1:55641]
[DEBUG] Using pooled Channel '[id: 0xb64d4848, L:/127.0.0.1:50819 - R:localhost/127.0.0.1:55641]' for 'POST' to 'http://localhost:55641/session/ba3b4f4808f5e00e2de3e378d2259315/element/1bf57d48-120d-479c-bd5e-9b586484f77a/click'
[DEBUG] Using open Channel [id: 0xb64d4848, L:/127.0.0.1:50819 - R:localhost/127.0.0.1:55641] for POST '/session/ba3b4f4808f5e00e2de3e378d2259315/element/1bf57d48-120d-479c-bd5e-9b586484f77a/click'
[DEBUG] Entry count for : http://localhost:50820 : 1
[DEBUG] Entry count for : http://localhost:50820 : 1
[DEBUG] 

Request DefaultHttpRequest(decodeResult: success, version: HTTP/1.1)
POST /session/ba3b4f4808f5e00e2de3e378d2259315/element/1bf57d48-120d-479c-bd5e-9b586484f77a/click HTTP/1.1
User-Agent: selenium/4.2.1 (java windows)
Content-Length: 50
Content-Type: application/json; charset=utf-8
host: localhost:55641
accept: */*

Response DefaultHttpResponse(decodeResult: success, version: HTTP/1.1)
HTTP/1.1 200 OK
Content-Type: application/json; charset=utf-8
cache-control: no-cache
content-length: 14

[DEBUG] Adding key: http://localhost:55641 for channel [id: 0xb64d4848, L:/127.0.0.1:50819 - R:localhost/127.0.0.1:55641]
[DEBUG] Using pooled Channel '[id: 0xb64d4848, L:/127.0.0.1:50819 - R:localhost/127.0.0.1:55641]' for 'POST' to 'http://localhost:55641/session/ba3b4f4808f5e00e2de3e378d2259315/element'
[DEBUG] Using open Channel [id: 0xb64d4848, L:/127.0.0.1:50819 - R:localhost/127.0.0.1:55641] for POST '/session/ba3b4f4808f5e00e2de3e378d2259315/element'
[DEBUG] 

Request DefaultHttpRequest(decodeResult: success, version: HTTP/1.1)
POST /session/ba3b4f4808f5e00e2de3e378d2259315/element HTTP/1.1
User-Agent: selenium/4.2.1 (java windows)
Content-Length: 73
Content-Type: application/json; charset=utf-8
host: localhost:55641
accept: */*

Response DefaultHttpResponse(decodeResult: success, version: HTTP/1.1)
HTTP/1.1 200 OK
Content-Type: application/json; charset=utf-8
cache-control: no-cache
content-length: 88

[DEBUG] Adding key: http://localhost:55641 for channel [id: 0xb64d4848, L:/127.0.0.1:50819 - R:localhost/127.0.0.1:55641]
[DEBUG] Using pooled Channel '[id: 0xb64d4848, L:/127.0.0.1:50819 - R:localhost/127.0.0.1:55641]' for 'POST' to 'http://localhost:55641/session/ba3b4f4808f5e00e2de3e378d2259315/element/dd060503-8c36-42e8-bde0-0b1f6e489cb9/value'
[DEBUG] Using open Channel [id: 0xb64d4848, L:/127.0.0.1:50819 - R:localhost/127.0.0.1:55641] for POST '/session/ba3b4f4808f5e00e2de3e378d2259315/element/dd060503-8c36-42e8-bde0-0b1f6e489cb9/value'
[DEBUG] 

Request DefaultHttpRequest(decodeResult: success, version: HTTP/1.1)
POST /session/ba3b4f4808f5e00e2de3e378d2259315/element/dd060503-8c36-42e8-bde0-0b1f6e489cb9/value HTTP/1.1
User-Agent: selenium/4.2.1 (java windows)
Content-Length: 411
Content-Type: application/json; charset=utf-8
host: localhost:55641
accept: */*

Response DefaultHttpResponse(decodeResult: success, version: HTTP/1.1)
HTTP/1.1 200 OK
Content-Type: application/json; charset=utf-8
cache-control: no-cache
content-length: 14

[DEBUG] Adding key: http://localhost:55641 for channel [id: 0xb64d4848, L:/127.0.0.1:50819 - R:localhost/127.0.0.1:55641]
[DEBUG] Using pooled Channel '[id: 0xb64d4848, L:/127.0.0.1:50819 - R:localhost/127.0.0.1:55641]' for 'POST' to 'http://localhost:55641/session/ba3b4f4808f5e00e2de3e378d2259315/element'
[DEBUG] Using open Channel [id: 0xb64d4848, L:/127.0.0.1:50819 - R:localhost/127.0.0.1:55641] for POST '/session/ba3b4f4808f5e00e2de3e378d2259315/element'
[DEBUG] 

Request DefaultHttpRequest(decodeResult: success, version: HTTP/1.1)
POST /session/ba3b4f4808f5e00e2de3e378d2259315/element HTTP/1.1
User-Agent: selenium/4.2.1 (java windows)
Content-Length: 79
Content-Type: application/json; charset=utf-8
host: localhost:55641
accept: */*

Response DefaultHttpResponse(decodeResult: success, version: HTTP/1.1)
HTTP/1.1 200 OK
Content-Type: application/json; charset=utf-8
cache-control: no-cache
content-length: 88

[DEBUG] Adding key: http://localhost:55641 for channel [id: 0xb64d4848, L:/127.0.0.1:50819 - R:localhost/127.0.0.1:55641]
[DEBUG] Using pooled Channel '[id: 0xb64d4848, L:/127.0.0.1:50819 - R:localhost/127.0.0.1:55641]' for 'POST' to 'http://localhost:55641/session/ba3b4f4808f5e00e2de3e378d2259315/element/1449cca6-fa1f-421e-9736-b7f460494cbc/click'
[DEBUG] Using open Channel [id: 0xb64d4848, L:/127.0.0.1:50819 - R:localhost/127.0.0.1:55641] for POST '/session/ba3b4f4808f5e00e2de3e378d2259315/element/1449cca6-fa1f-421e-9736-b7f460494cbc/click'
[DEBUG] 

Request DefaultHttpRequest(decodeResult: success, version: HTTP/1.1)
POST /session/ba3b4f4808f5e00e2de3e378d2259315/element/1449cca6-fa1f-421e-9736-b7f460494cbc/click HTTP/1.1
User-Agent: selenium/4.2.1 (java windows)
Content-Length: 50
Content-Type: application/json; charset=utf-8
host: localhost:55641
accept: */*

Response DefaultHttpResponse(decodeResult: success, version: HTTP/1.1)
HTTP/1.1 200 OK
Content-Type: application/json; charset=utf-8
cache-control: no-cache
content-length: 14

[DEBUG] Adding key: http://localhost:55641 for channel [id: 0xb64d4848, L:/127.0.0.1:50819 - R:localhost/127.0.0.1:55641]
[DEBUG] Using pooled Channel '[id: 0xb64d4848, L:/127.0.0.1:50819 - R:localhost/127.0.0.1:55641]' for 'POST' to 'http://localhost:55641/session/ba3b4f4808f5e00e2de3e378d2259315/elements'
[DEBUG] Using open Channel [id: 0xb64d4848, L:/127.0.0.1:50819 - R:localhost/127.0.0.1:55641] for POST '/session/ba3b4f4808f5e00e2de3e378d2259315/elements'
[DEBUG] 

Request DefaultHttpRequest(decodeResult: success, version: HTTP/1.1)
POST /session/ba3b4f4808f5e00e2de3e378d2259315/elements HTTP/1.1
User-Agent: selenium/4.2.1 (java windows)
Content-Length: 107
Content-Type: application/json; charset=utf-8
host: localhost:55641
accept: */*

Response DefaultHttpResponse(decodeResult: success, version: HTTP/1.1)
HTTP/1.1 200 OK
Content-Type: application/json; charset=utf-8
cache-control: no-cache
content-length: 801

[DEBUG] Adding key: http://localhost:55641 for channel [id: 0xb64d4848, L:/127.0.0.1:50819 - R:localhost/127.0.0.1:55641]
[DEBUG] Using pooled Channel '[id: 0xb64d4848, L:/127.0.0.1:50819 - R:localhost/127.0.0.1:55641]' for 'POST' to 'http://localhost:55641/session/ba3b4f4808f5e00e2de3e378d2259315/element'
[DEBUG] Using open Channel [id: 0xb64d4848, L:/127.0.0.1:50819 - R:localhost/127.0.0.1:55641] for POST '/session/ba3b4f4808f5e00e2de3e378d2259315/element'
[DEBUG] 

Request DefaultHttpRequest(decodeResult: success, version: HTTP/1.1)
POST /session/ba3b4f4808f5e00e2de3e378d2259315/element HTTP/1.1
User-Agent: selenium/4.2.1 (java windows)
Content-Length: 115
Content-Type: application/json; charset=utf-8
host: localhost:55641
accept: */*

Response DefaultHttpResponse(decodeResult: success, version: HTTP/1.1)
HTTP/1.1 200 OK
Content-Type: application/json; charset=utf-8
cache-control: no-cache
content-length: 88

[DEBUG] Adding key: http://localhost:55641 for channel [id: 0xb64d4848, L:/127.0.0.1:50819 - R:localhost/127.0.0.1:55641]
[DEBUG] Using pooled Channel '[id: 0xb64d4848, L:/127.0.0.1:50819 - R:localhost/127.0.0.1:55641]' for 'GET' to 'http://localhost:55641/session/ba3b4f4808f5e00e2de3e378d2259315/element/965e10ca-2eb0-46ca-8a98-03456c09fb1a/text'
[DEBUG] Using open Channel [id: 0xb64d4848, L:/127.0.0.1:50819 - R:localhost/127.0.0.1:55641] for GET '/session/ba3b4f4808f5e00e2de3e378d2259315/element/965e10ca-2eb0-46ca-8a98-03456c09fb1a/text'
[DEBUG] 

Request DefaultFullHttpRequest(decodeResult: success, version: HTTP/1.1, content: EmptyByteBufBE)
GET /session/ba3b4f4808f5e00e2de3e378d2259315/element/965e10ca-2eb0-46ca-8a98-03456c09fb1a/text HTTP/1.1
User-Agent: selenium/4.2.1 (java windows)
Cache-Control: no-cache
Content-Type: application/json; charset=utf-8
host: localhost:55641
accept: */*

Response DefaultHttpResponse(decodeResult: success, version: HTTP/1.1)
HTTP/1.1 200 OK
Content-Type: application/json; charset=utf-8
cache-control: no-cache
content-length: 28

[DEBUG] Adding key: http://localhost:55641 for channel [id: 0xb64d4848, L:/127.0.0.1:50819 - R:localhost/127.0.0.1:55641]
[DEBUG] Using pooled Channel '[id: 0xb64d4848, L:/127.0.0.1:50819 - R:localhost/127.0.0.1:55641]' for 'POST' to 'http://localhost:55641/session/ba3b4f4808f5e00e2de3e378d2259315/element'
[DEBUG] Using open Channel [id: 0xb64d4848, L:/127.0.0.1:50819 - R:localhost/127.0.0.1:55641] for POST '/session/ba3b4f4808f5e00e2de3e378d2259315/element'
[DEBUG] 

Request DefaultHttpRequest(decodeResult: success, version: HTTP/1.1)
POST /session/ba3b4f4808f5e00e2de3e378d2259315/element HTTP/1.1
User-Agent: selenium/4.2.1 (java windows)
Content-Length: 115
Content-Type: application/json; charset=utf-8
host: localhost:55641
accept: */*

Response DefaultHttpResponse(decodeResult: success, version: HTTP/1.1)
HTTP/1.1 200 OK
Content-Type: application/json; charset=utf-8
cache-control: no-cache
content-length: 88

[DEBUG] Adding key: http://localhost:55641 for channel [id: 0xb64d4848, L:/127.0.0.1:50819 - R:localhost/127.0.0.1:55641]
[DEBUG] Using pooled Channel '[id: 0xb64d4848, L:/127.0.0.1:50819 - R:localhost/127.0.0.1:55641]' for 'GET' to 'http://localhost:55641/session/ba3b4f4808f5e00e2de3e378d2259315/element/2a4cdbe4-092f-4c1a-be58-92adc1637a1c/text'
[DEBUG] Using open Channel [id: 0xb64d4848, L:/127.0.0.1:50819 - R:localhost/127.0.0.1:55641] for GET '/session/ba3b4f4808f5e00e2de3e378d2259315/element/2a4cdbe4-092f-4c1a-be58-92adc1637a1c/text'
[DEBUG] 

Request DefaultFullHttpRequest(decodeResult: success, version: HTTP/1.1, content: EmptyByteBufBE)
GET /session/ba3b4f4808f5e00e2de3e378d2259315/element/2a4cdbe4-092f-4c1a-be58-92adc1637a1c/text HTTP/1.1
User-Agent: selenium/4.2.1 (java windows)
Cache-Control: no-cache
Content-Type: application/json; charset=utf-8
host: localhost:55641
accept: */*

Response DefaultHttpResponse(decodeResult: success, version: HTTP/1.1)
HTTP/1.1 200 OK
Content-Type: application/json; charset=utf-8
cache-control: no-cache
content-length: 28

[DEBUG] Adding key: http://localhost:55641 for channel [id: 0xb64d4848, L:/127.0.0.1:50819 - R:localhost/127.0.0.1:55641]
[DEBUG] Using pooled Channel '[id: 0xb64d4848, L:/127.0.0.1:50819 - R:localhost/127.0.0.1:55641]' for 'POST' to 'http://localhost:55641/session/ba3b4f4808f5e00e2de3e378d2259315/element'
[DEBUG] Using open Channel [id: 0xb64d4848, L:/127.0.0.1:50819 - R:localhost/127.0.0.1:55641] for POST '/session/ba3b4f4808f5e00e2de3e378d2259315/element'
[DEBUG] 

Request DefaultHttpRequest(decodeResult: success, version: HTTP/1.1)
POST /session/ba3b4f4808f5e00e2de3e378d2259315/element HTTP/1.1
User-Agent: selenium/4.2.1 (java windows)
Content-Length: 115
Content-Type: application/json; charset=utf-8
host: localhost:55641
accept: */*

Response DefaultHttpResponse(decodeResult: success, version: HTTP/1.1)
HTTP/1.1 200 OK
Content-Type: application/json; charset=utf-8
cache-control: no-cache
content-length: 88

[DEBUG] Adding key: http://localhost:55641 for channel [id: 0xb64d4848, L:/127.0.0.1:50819 - R:localhost/127.0.0.1:55641]
[DEBUG] Using pooled Channel '[id: 0xb64d4848, L:/127.0.0.1:50819 - R:localhost/127.0.0.1:55641]' for 'GET' to 'http://localhost:55641/session/ba3b4f4808f5e00e2de3e378d2259315/element/6d296ed4-a5f0-4148-8f24-6007a12b9669/text'
[DEBUG] Using open Channel [id: 0xb64d4848, L:/127.0.0.1:50819 - R:localhost/127.0.0.1:55641] for GET '/session/ba3b4f4808f5e00e2de3e378d2259315/element/6d296ed4-a5f0-4148-8f24-6007a12b9669/text'
[DEBUG] Entry count for : http://localhost:50820 : 1
[DEBUG] 

Request DefaultFullHttpRequest(decodeResult: success, version: HTTP/1.1, content: EmptyByteBufBE)
GET /session/ba3b4f4808f5e00e2de3e378d2259315/element/6d296ed4-a5f0-4148-8f24-6007a12b9669/text HTTP/1.1
User-Agent: selenium/4.2.1 (java windows)
Cache-Control: no-cache
Content-Type: application/json; charset=utf-8
host: localhost:55641
accept: */*

Response DefaultHttpResponse(decodeResult: success, version: HTTP/1.1)
HTTP/1.1 200 OK
Content-Type: application/json; charset=utf-8
cache-control: no-cache
content-length: 28

[DEBUG] Adding key: http://localhost:55641 for channel [id: 0xb64d4848, L:/127.0.0.1:50819 - R:localhost/127.0.0.1:55641]
[DEBUG] Using pooled Channel '[id: 0xb64d4848, L:/127.0.0.1:50819 - R:localhost/127.0.0.1:55641]' for 'POST' to 'http://localhost:55641/session/ba3b4f4808f5e00e2de3e378d2259315/element'
[DEBUG] Using open Channel [id: 0xb64d4848, L:/127.0.0.1:50819 - R:localhost/127.0.0.1:55641] for POST '/session/ba3b4f4808f5e00e2de3e378d2259315/element'
[DEBUG] 

Request DefaultHttpRequest(decodeResult: success, version: HTTP/1.1)
POST /session/ba3b4f4808f5e00e2de3e378d2259315/element HTTP/1.1
User-Agent: selenium/4.2.1 (java windows)
Content-Length: 115
Content-Type: application/json; charset=utf-8
host: localhost:55641
accept: */*

Response DefaultHttpResponse(decodeResult: success, version: HTTP/1.1)
HTTP/1.1 200 OK
Content-Type: application/json; charset=utf-8
cache-control: no-cache
content-length: 88

[DEBUG] Adding key: http://localhost:55641 for channel [id: 0xb64d4848, L:/127.0.0.1:50819 - R:localhost/127.0.0.1:55641]
[DEBUG] Using pooled Channel '[id: 0xb64d4848, L:/127.0.0.1:50819 - R:localhost/127.0.0.1:55641]' for 'GET' to 'http://localhost:55641/session/ba3b4f4808f5e00e2de3e378d2259315/element/ce8d6941-7ae3-497b-98d1-37d0b6c14231/text'
[DEBUG] Using open Channel [id: 0xb64d4848, L:/127.0.0.1:50819 - R:localhost/127.0.0.1:55641] for GET '/session/ba3b4f4808f5e00e2de3e378d2259315/element/ce8d6941-7ae3-497b-98d1-37d0b6c14231/text'
[DEBUG] 

Request DefaultFullHttpRequest(decodeResult: success, version: HTTP/1.1, content: EmptyByteBufBE)
GET /session/ba3b4f4808f5e00e2de3e378d2259315/element/ce8d6941-7ae3-497b-98d1-37d0b6c14231/text HTTP/1.1
User-Agent: selenium/4.2.1 (java windows)
Cache-Control: no-cache
Content-Type: application/json; charset=utf-8
host: localhost:55641
accept: */*

Response DefaultHttpResponse(decodeResult: success, version: HTTP/1.1)
HTTP/1.1 200 OK
Content-Type: application/json; charset=utf-8
cache-control: no-cache
content-length: 28

[DEBUG] Adding key: http://localhost:55641 for channel [id: 0xb64d4848, L:/127.0.0.1:50819 - R:localhost/127.0.0.1:55641]
[DEBUG] Using pooled Channel '[id: 0xb64d4848, L:/127.0.0.1:50819 - R:localhost/127.0.0.1:55641]' for 'POST' to 'http://localhost:55641/session/ba3b4f4808f5e00e2de3e378d2259315/element'
[DEBUG] Using open Channel [id: 0xb64d4848, L:/127.0.0.1:50819 - R:localhost/127.0.0.1:55641] for POST '/session/ba3b4f4808f5e00e2de3e378d2259315/element'
[DEBUG] 

Request DefaultHttpRequest(decodeResult: success, version: HTTP/1.1)
POST /session/ba3b4f4808f5e00e2de3e378d2259315/element HTTP/1.1
User-Agent: selenium/4.2.1 (java windows)
Content-Length: 115
Content-Type: application/json; charset=utf-8
host: localhost:55641
accept: */*

Response DefaultHttpResponse(decodeResult: success, version: HTTP/1.1)
HTTP/1.1 200 OK
Content-Type: application/json; charset=utf-8
cache-control: no-cache
content-length: 88

[DEBUG] Adding key: http://localhost:55641 for channel [id: 0xb64d4848, L:/127.0.0.1:50819 - R:localhost/127.0.0.1:55641]
[DEBUG] Using pooled Channel '[id: 0xb64d4848, L:/127.0.0.1:50819 - R:localhost/127.0.0.1:55641]' for 'GET' to 'http://localhost:55641/session/ba3b4f4808f5e00e2de3e378d2259315/element/455e4e3c-d798-4fc3-a29a-006b4d73df2c/text'
[DEBUG] Using open Channel [id: 0xb64d4848, L:/127.0.0.1:50819 - R:localhost/127.0.0.1:55641] for GET '/session/ba3b4f4808f5e00e2de3e378d2259315/element/455e4e3c-d798-4fc3-a29a-006b4d73df2c/text'
[DEBUG] 

Request DefaultFullHttpRequest(decodeResult: success, version: HTTP/1.1, content: EmptyByteBufBE)
GET /session/ba3b4f4808f5e00e2de3e378d2259315/element/455e4e3c-d798-4fc3-a29a-006b4d73df2c/text HTTP/1.1
User-Agent: selenium/4.2.1 (java windows)
Cache-Control: no-cache
Content-Type: application/json; charset=utf-8
host: localhost:55641
accept: */*

Response DefaultHttpResponse(decodeResult: success, version: HTTP/1.1)
HTTP/1.1 200 OK
Content-Type: application/json; charset=utf-8
cache-control: no-cache
content-length: 45

[DEBUG] Adding key: http://localhost:55641 for channel [id: 0xb64d4848, L:/127.0.0.1:50819 - R:localhost/127.0.0.1:55641]
[DEBUG] Using pooled Channel '[id: 0xb64d4848, L:/127.0.0.1:50819 - R:localhost/127.0.0.1:55641]' for 'DELETE' to 'http://localhost:55641/session/ba3b4f4808f5e00e2de3e378d2259315/window'
[DEBUG] Using open Channel [id: 0xb64d4848, L:/127.0.0.1:50819 - R:localhost/127.0.0.1:55641] for DELETE '/session/ba3b4f4808f5e00e2de3e378d2259315/window'
[DEBUG] Unexpected I/O exception on channel [id: 0x637ccf18, L:/127.0.0.1:50827 - R:localhost/127.0.0.1:50820]
java.net.SocketException: Connection reset
	at java.base/sun.nio.ch.SocketChannelImpl.throwConnectionReset(SocketChannelImpl.java:394) ~[na:na]
	at java.base/sun.nio.ch.SocketChannelImpl.read(SocketChannelImpl.java:426) ~[na:na]
	at io.netty.buffer.PooledByteBuf.setBytes(PooledByteBuf.java:258) ~[netty-buffer-4.1.77.Final.jar:4.1.77.Final]
	at io.netty.buffer.AbstractByteBuf.writeBytes(AbstractByteBuf.java:1132) ~[netty-buffer-4.1.77.Final.jar:4.1.77.Final]
	at io.netty.channel.socket.nio.NioSocketChannel.doReadBytes(NioSocketChannel.java:357) ~[netty-transport-4.1.77.Final.jar:4.1.77.Final]
	at io.netty.channel.nio.AbstractNioByteChannel$NioByteUnsafe.read(AbstractNioByteChannel.java:151) ~[netty-transport-4.1.77.Final.jar:4.1.77.Final]
	at io.netty.channel.nio.NioEventLoop.processSelectedKey(NioEventLoop.java:722) ~[netty-transport-4.1.77.Final.jar:4.1.77.Final]
	at io.netty.channel.nio.NioEventLoop.processSelectedKeysOptimized(NioEventLoop.java:658) ~[netty-transport-4.1.77.Final.jar:4.1.77.Final]
	at io.netty.channel.nio.NioEventLoop.processSelectedKeys(NioEventLoop.java:584) ~[netty-transport-4.1.77.Final.jar:4.1.77.Final]
	at io.netty.channel.nio.NioEventLoop.run(NioEventLoop.java:496) ~[netty-transport-4.1.77.Final.jar:4.1.77.Final]
	at io.netty.util.concurrent.SingleThreadEventExecutor$4.run(SingleThreadEventExecutor.java:995) ~[netty-common-4.1.77.Final.jar:4.1.77.Final]
	at io.netty.util.internal.ThreadExecutorMap$2.run(ThreadExecutorMap.java:74) ~[netty-common-4.1.77.Final.jar:4.1.77.Final]
	at io.netty.util.concurrent.FastThreadLocalRunnable.run(FastThreadLocalRunnable.java:30) ~[netty-common-4.1.77.Final.jar:4.1.77.Final]
	at java.base/java.lang.Thread.run(Thread.java:833) ~[na:na]
[DEBUG] Unexpected I/O exception on channel [id: 0x090db564, L:/127.0.0.1:50826 - R:localhost/127.0.0.1:50820]
java.net.SocketException: Connection reset
	at java.base/sun.nio.ch.SocketChannelImpl.throwConnectionReset(SocketChannelImpl.java:394) ~[na:na]
	at java.base/sun.nio.ch.SocketChannelImpl.read(SocketChannelImpl.java:426) ~[na:na]
	at io.netty.buffer.PooledByteBuf.setBytes(PooledByteBuf.java:258) ~[netty-buffer-4.1.77.Final.jar:4.1.77.Final]
	at io.netty.buffer.AbstractByteBuf.writeBytes(AbstractByteBuf.java:1132) ~[netty-buffer-4.1.77.Final.jar:4.1.77.Final]
	at io.netty.channel.socket.nio.NioSocketChannel.doReadBytes(NioSocketChannel.java:357) ~[netty-transport-4.1.77.Final.jar:4.1.77.Final]
	at io.netty.channel.nio.AbstractNioByteChannel$NioByteUnsafe.read(AbstractNioByteChannel.java:151) ~[netty-transport-4.1.77.Final.jar:4.1.77.Final]
	at io.netty.channel.nio.NioEventLoop.processSelectedKey(NioEventLoop.java:722) ~[netty-transport-4.1.77.Final.jar:4.1.77.Final]
	at io.netty.channel.nio.NioEventLoop.processSelectedKeysOptimized(NioEventLoop.java:658) ~[netty-transport-4.1.77.Final.jar:4.1.77.Final]
	at io.netty.channel.nio.NioEventLoop.processSelectedKeys(NioEventLoop.java:584) ~[netty-transport-4.1.77.Final.jar:4.1.77.Final]
	at io.netty.channel.nio.NioEventLoop.run(NioEventLoop.java:496) ~[netty-transport-4.1.77.Final.jar:4.1.77.Final]
	at io.netty.util.concurrent.SingleThreadEventExecutor$4.run(SingleThreadEventExecutor.java:995) ~[netty-common-4.1.77.Final.jar:4.1.77.Final]
	at io.netty.util.internal.ThreadExecutorMap$2.run(ThreadExecutorMap.java:74) ~[netty-common-4.1.77.Final.jar:4.1.77.Final]
	at io.netty.util.concurrent.FastThreadLocalRunnable.run(FastThreadLocalRunnable.java:30) ~[netty-common-4.1.77.Final.jar:4.1.77.Final]
	at java.base/java.lang.Thread.run(Thread.java:833) ~[na:na]
[DEBUG] Was unable to recover Future: NettyResponseFuture{currentRetry=0,
	isDone=1,
	isCancelled=0,
	asyncHandler=org.asynchttpclient.ws.WebSocketUpgradeHandler@70a7462e,
	nettyRequest=org.asynchttpclient.netty.request.NettyRequest@35a5c65e,
	future=java.util.concurrent.CompletableFuture@36932869[Completed normally],
	uri=ws://localhost:50820/devtools/browser/5c4513e5-9ef8-419e-9d22-ed8ddd40bdfc,
	keepAlive=true,
	redirectCount=0,
	timeoutsHolder=null,
	inAuth=0,
	touch=1658841073887}
[DEBUG] Closing Channel [id: 0x090db564, L:/127.0.0.1:50826 - R:localhost/127.0.0.1:50820] 
[DEBUG] Closing Channel [id: 0x637ccf18, L:/127.0.0.1:50827 - R:localhost/127.0.0.1:50820] 
[DEBUG] Channel Closed: [id: 0x090db564, L:/127.0.0.1:50826 ! R:localhost/127.0.0.1:50820] with attribute DISCARD
[WARN] onError
java.net.SocketException: Connection reset
	at java.base/sun.nio.ch.SocketChannelImpl.throwConnectionReset(SocketChannelImpl.java:394) ~[na:na]
	at java.base/sun.nio.ch.SocketChannelImpl.read(SocketChannelImpl.java:426) ~[na:na]
	at io.netty.buffer.PooledByteBuf.setBytes(PooledByteBuf.java:258) ~[netty-buffer-4.1.77.Final.jar:4.1.77.Final]
	at io.netty.buffer.AbstractByteBuf.writeBytes(AbstractByteBuf.java:1132) ~[netty-buffer-4.1.77.Final.jar:4.1.77.Final]
	at io.netty.channel.socket.nio.NioSocketChannel.doReadBytes(NioSocketChannel.java:357) ~[netty-transport-4.1.77.Final.jar:4.1.77.Final]
	at io.netty.channel.nio.AbstractNioByteChannel$NioByteUnsafe.read(AbstractNioByteChannel.java:151) ~[netty-transport-4.1.77.Final.jar:4.1.77.Final]
	at io.netty.channel.nio.NioEventLoop.processSelectedKey(NioEventLoop.java:722) ~[netty-transport-4.1.77.Final.jar:4.1.77.Final]
	at io.netty.channel.nio.NioEventLoop.processSelectedKeysOptimized(NioEventLoop.java:658) ~[netty-transport-4.1.77.Final.jar:4.1.77.Final]
	at io.netty.channel.nio.NioEventLoop.processSelectedKeys(NioEventLoop.java:584) ~[netty-transport-4.1.77.Final.jar:4.1.77.Final]
	at io.netty.channel.nio.NioEventLoop.run(NioEventLoop.java:496) ~[netty-transport-4.1.77.Final.jar:4.1.77.Final]
	at io.netty.util.concurrent.SingleThreadEventExecutor$4.run(SingleThreadEventExecutor.java:995) ~[netty-common-4.1.77.Final.jar:4.1.77.Final]
	at io.netty.util.internal.ThreadExecutorMap$2.run(ThreadExecutorMap.java:74) ~[netty-common-4.1.77.Final.jar:4.1.77.Final]
	at io.netty.util.concurrent.FastThreadLocalRunnable.run(FastThreadLocalRunnable.java:30) ~[netty-common-4.1.77.Final.jar:4.1.77.Final]
	at java.base/java.lang.Thread.run(Thread.java:833) ~[na:na]
[DEBUG] Closing Channel [id: 0x637ccf18, L:/127.0.0.1:50827 ! R:localhost/127.0.0.1:50820] 
[DEBUG] Channel Closed: [id: 0x637ccf18, L:/127.0.0.1:50827 ! R:localhost/127.0.0.1:50820] with attribute DISCARD
[DEBUG] 

Request DefaultFullHttpRequest(decodeResult: success, version: HTTP/1.1, content: EmptyByteBufBE)
DELETE /session/ba3b4f4808f5e00e2de3e378d2259315/window HTTP/1.1
User-Agent: selenium/4.2.1 (java windows)
Content-Type: application/json; charset=utf-8
host: localhost:55641
accept: */*

Response DefaultHttpResponse(decodeResult: success, version: HTTP/1.1)
HTTP/1.1 200 OK
Content-Type: application/json; charset=utf-8
cache-control: no-cache
content-length: 12

[DEBUG] Adding key: http://localhost:55641 for channel [id: 0xb64d4848, L:/127.0.0.1:50819 - R:localhost/127.0.0.1:55641]
TearDown method executed
[DEBUG] Using pooled Channel '[id: 0xb64d4848, L:/127.0.0.1:50819 - R:localhost/127.0.0.1:55641]' for 'DELETE' to 'http://localhost:55641/session/ba3b4f4808f5e00e2de3e378d2259315'
[DEBUG] Using open Channel [id: 0xb64d4848, L:/127.0.0.1:50819 - R:localhost/127.0.0.1:55641] for DELETE '/session/ba3b4f4808f5e00e2de3e378d2259315'
[DEBUG] 

Request DefaultFullHttpRequest(decodeResult: success, version: HTTP/1.1, content: EmptyByteBufBE)
DELETE /session/ba3b4f4808f5e00e2de3e378d2259315 HTTP/1.1
User-Agent: selenium/4.2.1 (java windows)
Content-Type: application/json; charset=utf-8
host: localhost:55641
accept: */*

Response DefaultHttpResponse(decodeResult: success, version: HTTP/1.1)
HTTP/1.1 200 OK
Content-Type: application/json; charset=utf-8
cache-control: no-cache
content-length: 14

[DEBUG] Adding key: http://localhost:55641 for channel [id: 0xb64d4848, L:/127.0.0.1:50819 - R:localhost/127.0.0.1:55641]
[DEBUG] Channel Closed: [id: 0xb64d4848, L:/127.0.0.1:50819 ! R:localhost/127.0.0.1:55641] with attribute DISCARD
]]></system-out>
    <system-err><![CDATA[Starting ChromeDriver 103.0.5060.134 (8ec6fce403b3feb0869b0732eda8bd95011d333c-refs/branch-heads/5060@{#1262}) on port 55641
Only local connections are allowed.
Please see https://chromedriver.chromium.org/security-considerations for suggestions on keeping ChromeDriver safe.
ChromeDriver was started successfully.
Jul 26, 2022 6:41:05 PM org.openqa.selenium.remote.ProtocolHandshake createSession
INFO: Detected upstream dialect: W3C
Jul 26, 2022 6:41:05 PM org.openqa.selenium.devtools.CdpVersionFinder findNearestMatch
WARNING: Unable to find an exact match for CDP version 103, so returning the closest version found: 102
Jul 26, 2022 6:41:05 PM org.openqa.selenium.devtools.CdpVersionFinder findNearestMatch
INFO: Found CDP implementation for version 103 of 102
Jul 26, 2022 6:41:13 PM org.openqa.selenium.remote.http.WebSocket$Listener onError
WARNING: Connection reset
java.net.SocketException: Connection reset
	at java.base/sun.nio.ch.SocketChannelImpl.throwConnectionReset(SocketChannelImpl.java:394)
	at java.base/sun.nio.ch.SocketChannelImpl.read(SocketChannelImpl.java:426)
	at io.netty.buffer.PooledByteBuf.setBytes(PooledByteBuf.java:258)
	at io.netty.buffer.AbstractByteBuf.writeBytes(AbstractByteBuf.java:1132)
	at io.netty.channel.socket.nio.NioSocketChannel.doReadBytes(NioSocketChannel.java:357)
	at io.netty.channel.nio.AbstractNioByteChannel$NioByteUnsafe.read(AbstractNioByteChannel.java:151)
	at io.netty.channel.nio.NioEventLoop.processSelectedKey(NioEventLoop.java:722)
	at io.netty.channel.nio.NioEventLoop.processSelectedKeysOptimized(NioEventLoop.java:658)
	at io.netty.channel.nio.NioEventLoop.processSelectedKeys(NioEventLoop.java:584)
	at io.netty.channel.nio.NioEventLoop.run(NioEventLoop.java:496)
	at io.netty.util.concurrent.SingleThreadEventExecutor$4.run(SingleThreadEventExecutor.java:995)
	at io.netty.util.internal.ThreadExecutorMap$2.run(ThreadExecutorMap.java:74)
	at io.netty.util.concurrent.FastThreadLocalRunnable.run(FastThreadLocalRunnable.java:30)
	at java.base/java.lang.Thread.run(Thread.java:833)

]]></system-err>
  </testcase>
  <testcase name="runScenario[&quot;Search customer by Name&quot;, &quot;Add customer test&quot;](3)" classname="testRunner.Run" time="10.384">
    <system-out><![CDATA[Setup-1 Sanity method executed
chrome
[DEBUG] Resolution chrome=103 in cache (valid until 19:22:20 26/07/2022 IST)
[DEBUG] Resolution chrome103=103.0.5060.134 in cache (valid until 21:50:19 26/07/2022 IST)
[INFO] Using chromedriver 103.0.5060.134 (resolved driver for Chrome 103)
[DEBUG] Driver chromedriver 103.0.5060.134 found in cache
[INFO] Exporting webdriver.chrome.driver as C:\Users\abrar\.cache\selenium\chromedriver\win32\103.0.5060.134\chromedriver.exe
[DEBUG] Using new Channel '[id: 0x0184ae33, L:/127.0.0.1:50843 - R:localhost/127.0.0.1:54429]' for 'POST' to '/session'
[DEBUG] Entry count for : http://localhost:50820 : 1
[DEBUG] Entry count for : http://localhost:55641 : 1
[DEBUG] Adding Candidate expired Channel [id: 0x090db564, L:/127.0.0.1:50826 ! R:localhost/127.0.0.1:50820] isIdleTimeoutExpired=false isRemotelyClosed=true isTtlExpired=false
[DEBUG] Closing Idle Channel [id: 0x090db564, L:/127.0.0.1:50826 ! R:localhost/127.0.0.1:50820]
[DEBUG] Adding Candidate expired Channel [id: 0xb64d4848, L:/127.0.0.1:50819 ! R:localhost/127.0.0.1:55641] isIdleTimeoutExpired=false isRemotelyClosed=true isTtlExpired=false
[DEBUG] Closing Idle Channel [id: 0xb64d4848, L:/127.0.0.1:50819 ! R:localhost/127.0.0.1:55641]
[DEBUG] Closed 2 connections out of 2 in 0 ms
[DEBUG] 

Request DefaultHttpRequest(decodeResult: success, version: HTTP/1.1)
POST /session HTTP/1.1
User-Agent: selenium/4.2.1 (java windows)
Content-Length: 365
Content-Type: application/json; charset=utf-8
host: localhost:54429
accept: */*

Response DefaultHttpResponse(decodeResult: success, version: HTTP/1.1)
HTTP/1.1 200 OK
Content-Type: application/json; charset=utf-8
cache-control: no-cache
content-length: 792

[DEBUG] Adding key: http://localhost:54429 for channel [id: 0x0184ae33, L:/127.0.0.1:50843 - R:localhost/127.0.0.1:54429]
[DEBUG] Using new Channel '[id: 0x351fdcdf, L:/127.0.0.1:50850 - R:localhost/127.0.0.1:50844]' for 'GET' to '/json/version'
[DEBUG] 

Request DefaultFullHttpRequest(decodeResult: success, version: HTTP/1.1, content: EmptyByteBufBE)
GET /json/version HTTP/1.1
User-Agent: selenium/4.2.1 (java windows)
host: localhost:50844
accept: */*

Response DefaultHttpResponse(decodeResult: success, version: HTTP/1.1)
HTTP/1.1 200 OK
Content-Type: application/json; charset=UTF-8
content-length: 429

[DEBUG] Adding key: http://localhost:50844 for channel [id: 0x351fdcdf, L:/127.0.0.1:50850 - R:localhost/127.0.0.1:50844]
[DEBUG] Using new Channel '[id: 0x5cac88ce, L:/127.0.0.1:50851 - R:localhost/127.0.0.1:50844]' for 'GET' to '/devtools/browser/2ebb08d5-af38-4697-86a6-7b6bc0e0d799'
[DEBUG] 

Request DefaultFullHttpRequest(decodeResult: success, version: HTTP/1.1, content: EmptyByteBufBE)
GET /devtools/browser/2ebb08d5-af38-4697-86a6-7b6bc0e0d799 HTTP/1.1
upgrade: websocket
connection: upgrade
sec-websocket-key: stcF3/3HeAsW9Y5zTeFXtg==
sec-websocket-version: 13
origin: http://localhost:50844
host: localhost:50844
accept: */*
user-agent: AHC/2.1

Response DefaultHttpResponse(decodeResult: success, version: HTTP/1.1)
HTTP/1.1 101 WebSocket Protocol Handshake
Upgrade: WebSocket
Connection: Upgrade
Sec-WebSocket-Accept: m7sDAY9fr99tJ3HPnNNcOklLaAc=

[DEBUG] Using pooled Channel '[id: 0x0184ae33, L:/127.0.0.1:50843 - R:localhost/127.0.0.1:54429]' for 'POST' to 'http://localhost:54429/session/c686192322c7d226640e448737a6cc4a/url'
[DEBUG] Using open Channel [id: 0x0184ae33, L:/127.0.0.1:50843 - R:localhost/127.0.0.1:54429] for POST '/session/c686192322c7d226640e448737a6cc4a/url'
[DEBUG] Entry count for : http://localhost:50844 : 1
[DEBUG] Entry count for : http://localhost:50844 : 1
[DEBUG] 

Request DefaultHttpRequest(decodeResult: success, version: HTTP/1.1)
POST /session/c686192322c7d226640e448737a6cc4a/url HTTP/1.1
User-Agent: selenium/4.2.1 (java windows)
Content-Length: 69
Content-Type: application/json; charset=utf-8
host: localhost:54429
accept: */*

Response DefaultHttpResponse(decodeResult: success, version: HTTP/1.1)
HTTP/1.1 200 OK
Content-Type: application/json; charset=utf-8
cache-control: no-cache
content-length: 14

[DEBUG] Adding key: http://localhost:54429 for channel [id: 0x0184ae33, L:/127.0.0.1:50843 - R:localhost/127.0.0.1:54429]
[DEBUG] Using pooled Channel '[id: 0x0184ae33, L:/127.0.0.1:50843 - R:localhost/127.0.0.1:54429]' for 'POST' to 'http://localhost:54429/session/c686192322c7d226640e448737a6cc4a/element'
[DEBUG] Using open Channel [id: 0x0184ae33, L:/127.0.0.1:50843 - R:localhost/127.0.0.1:54429] for POST '/session/c686192322c7d226640e448737a6cc4a/element'
[DEBUG] 

Request DefaultHttpRequest(decodeResult: success, version: HTTP/1.1)
POST /session/c686192322c7d226640e448737a6cc4a/element HTTP/1.1
User-Agent: selenium/4.2.1 (java windows)
Content-Length: 50
Content-Type: application/json; charset=utf-8
host: localhost:54429
accept: */*

Response DefaultHttpResponse(decodeResult: success, version: HTTP/1.1)
HTTP/1.1 200 OK
Content-Type: application/json; charset=utf-8
cache-control: no-cache
content-length: 88

[DEBUG] Adding key: http://localhost:54429 for channel [id: 0x0184ae33, L:/127.0.0.1:50843 - R:localhost/127.0.0.1:54429]
[DEBUG] Using pooled Channel '[id: 0x0184ae33, L:/127.0.0.1:50843 - R:localhost/127.0.0.1:54429]' for 'POST' to 'http://localhost:54429/session/c686192322c7d226640e448737a6cc4a/element/bf5cd82d-c835-4c5e-9bf4-674dbe3a3d31/clear'
[DEBUG] Using open Channel [id: 0x0184ae33, L:/127.0.0.1:50843 - R:localhost/127.0.0.1:54429] for POST '/session/c686192322c7d226640e448737a6cc4a/element/bf5cd82d-c835-4c5e-9bf4-674dbe3a3d31/clear'
[DEBUG] 

Request DefaultHttpRequest(decodeResult: success, version: HTTP/1.1)
POST /session/c686192322c7d226640e448737a6cc4a/element/bf5cd82d-c835-4c5e-9bf4-674dbe3a3d31/clear HTTP/1.1
User-Agent: selenium/4.2.1 (java windows)
Content-Length: 50
Content-Type: application/json; charset=utf-8
host: localhost:54429
accept: */*

Response DefaultHttpResponse(decodeResult: success, version: HTTP/1.1)
HTTP/1.1 200 OK
Content-Type: application/json; charset=utf-8
cache-control: no-cache
content-length: 14

[DEBUG] Adding key: http://localhost:54429 for channel [id: 0x0184ae33, L:/127.0.0.1:50843 - R:localhost/127.0.0.1:54429]
[DEBUG] Using pooled Channel '[id: 0x0184ae33, L:/127.0.0.1:50843 - R:localhost/127.0.0.1:54429]' for 'POST' to 'http://localhost:54429/session/c686192322c7d226640e448737a6cc4a/element'
[DEBUG] Using open Channel [id: 0x0184ae33, L:/127.0.0.1:50843 - R:localhost/127.0.0.1:54429] for POST '/session/c686192322c7d226640e448737a6cc4a/element'
[DEBUG] 

Request DefaultHttpRequest(decodeResult: success, version: HTTP/1.1)
POST /session/c686192322c7d226640e448737a6cc4a/element HTTP/1.1
User-Agent: selenium/4.2.1 (java windows)
Content-Length: 50
Content-Type: application/json; charset=utf-8
host: localhost:54429
accept: */*

Response DefaultHttpResponse(decodeResult: success, version: HTTP/1.1)
HTTP/1.1 200 OK
Content-Type: application/json; charset=utf-8
cache-control: no-cache
content-length: 88

[DEBUG] Adding key: http://localhost:54429 for channel [id: 0x0184ae33, L:/127.0.0.1:50843 - R:localhost/127.0.0.1:54429]
[DEBUG] Using pooled Channel '[id: 0x0184ae33, L:/127.0.0.1:50843 - R:localhost/127.0.0.1:54429]' for 'POST' to 'http://localhost:54429/session/c686192322c7d226640e448737a6cc4a/element/bf5cd82d-c835-4c5e-9bf4-674dbe3a3d31/value'
[DEBUG] Using open Channel [id: 0x0184ae33, L:/127.0.0.1:50843 - R:localhost/127.0.0.1:54429] for POST '/session/c686192322c7d226640e448737a6cc4a/element/bf5cd82d-c835-4c5e-9bf4-674dbe3a3d31/value'
[DEBUG] 

Request DefaultHttpRequest(decodeResult: success, version: HTTP/1.1)
POST /session/c686192322c7d226640e448737a6cc4a/element/bf5cd82d-c835-4c5e-9bf4-674dbe3a3d31/value HTTP/1.1
User-Agent: selenium/4.2.1 (java windows)
Content-Length: 271
Content-Type: application/json; charset=utf-8
host: localhost:54429
accept: */*

Response DefaultHttpResponse(decodeResult: success, version: HTTP/1.1)
HTTP/1.1 200 OK
Content-Type: application/json; charset=utf-8
cache-control: no-cache
content-length: 14

[DEBUG] Adding key: http://localhost:54429 for channel [id: 0x0184ae33, L:/127.0.0.1:50843 - R:localhost/127.0.0.1:54429]
[DEBUG] Using pooled Channel '[id: 0x0184ae33, L:/127.0.0.1:50843 - R:localhost/127.0.0.1:54429]' for 'POST' to 'http://localhost:54429/session/c686192322c7d226640e448737a6cc4a/element'
[DEBUG] Using open Channel [id: 0x0184ae33, L:/127.0.0.1:50843 - R:localhost/127.0.0.1:54429] for POST '/session/c686192322c7d226640e448737a6cc4a/element'
[DEBUG] 

Request DefaultHttpRequest(decodeResult: success, version: HTTP/1.1)
POST /session/c686192322c7d226640e448737a6cc4a/element HTTP/1.1
User-Agent: selenium/4.2.1 (java windows)
Content-Length: 53
Content-Type: application/json; charset=utf-8
host: localhost:54429
accept: */*

Response DefaultHttpResponse(decodeResult: success, version: HTTP/1.1)
HTTP/1.1 200 OK
Content-Type: application/json; charset=utf-8
cache-control: no-cache
content-length: 88

[DEBUG] Adding key: http://localhost:54429 for channel [id: 0x0184ae33, L:/127.0.0.1:50843 - R:localhost/127.0.0.1:54429]
[DEBUG] Using pooled Channel '[id: 0x0184ae33, L:/127.0.0.1:50843 - R:localhost/127.0.0.1:54429]' for 'POST' to 'http://localhost:54429/session/c686192322c7d226640e448737a6cc4a/element/e14e9cab-c02e-4672-bad0-efffbd298810/clear'
[DEBUG] Using open Channel [id: 0x0184ae33, L:/127.0.0.1:50843 - R:localhost/127.0.0.1:54429] for POST '/session/c686192322c7d226640e448737a6cc4a/element/e14e9cab-c02e-4672-bad0-efffbd298810/clear'
[DEBUG] 

Request DefaultHttpRequest(decodeResult: success, version: HTTP/1.1)
POST /session/c686192322c7d226640e448737a6cc4a/element/e14e9cab-c02e-4672-bad0-efffbd298810/clear HTTP/1.1
User-Agent: selenium/4.2.1 (java windows)
Content-Length: 50
Content-Type: application/json; charset=utf-8
host: localhost:54429
accept: */*

Response DefaultHttpResponse(decodeResult: success, version: HTTP/1.1)
HTTP/1.1 200 OK
Content-Type: application/json; charset=utf-8
cache-control: no-cache
content-length: 14

[DEBUG] Adding key: http://localhost:54429 for channel [id: 0x0184ae33, L:/127.0.0.1:50843 - R:localhost/127.0.0.1:54429]
[DEBUG] Using pooled Channel '[id: 0x0184ae33, L:/127.0.0.1:50843 - R:localhost/127.0.0.1:54429]' for 'POST' to 'http://localhost:54429/session/c686192322c7d226640e448737a6cc4a/element'
[DEBUG] Using open Channel [id: 0x0184ae33, L:/127.0.0.1:50843 - R:localhost/127.0.0.1:54429] for POST '/session/c686192322c7d226640e448737a6cc4a/element'
[DEBUG] 

Request DefaultHttpRequest(decodeResult: success, version: HTTP/1.1)
POST /session/c686192322c7d226640e448737a6cc4a/element HTTP/1.1
User-Agent: selenium/4.2.1 (java windows)
Content-Length: 53
Content-Type: application/json; charset=utf-8
host: localhost:54429
accept: */*

Response DefaultHttpResponse(decodeResult: success, version: HTTP/1.1)
HTTP/1.1 200 OK
Content-Type: application/json; charset=utf-8
cache-control: no-cache
content-length: 88

[DEBUG] Adding key: http://localhost:54429 for channel [id: 0x0184ae33, L:/127.0.0.1:50843 - R:localhost/127.0.0.1:54429]
[DEBUG] Using pooled Channel '[id: 0x0184ae33, L:/127.0.0.1:50843 - R:localhost/127.0.0.1:54429]' for 'POST' to 'http://localhost:54429/session/c686192322c7d226640e448737a6cc4a/element/e14e9cab-c02e-4672-bad0-efffbd298810/value'
[DEBUG] Using open Channel [id: 0x0184ae33, L:/127.0.0.1:50843 - R:localhost/127.0.0.1:54429] for POST '/session/c686192322c7d226640e448737a6cc4a/element/e14e9cab-c02e-4672-bad0-efffbd298810/value'
[DEBUG] 

Request DefaultHttpRequest(decodeResult: success, version: HTTP/1.1)
POST /session/c686192322c7d226640e448737a6cc4a/element/e14e9cab-c02e-4672-bad0-efffbd298810/value HTTP/1.1
User-Agent: selenium/4.2.1 (java windows)
Content-Length: 131
Content-Type: application/json; charset=utf-8
host: localhost:54429
accept: */*

Response DefaultHttpResponse(decodeResult: success, version: HTTP/1.1)
HTTP/1.1 200 OK
Content-Type: application/json; charset=utf-8
cache-control: no-cache
content-length: 14

[DEBUG] Adding key: http://localhost:54429 for channel [id: 0x0184ae33, L:/127.0.0.1:50843 - R:localhost/127.0.0.1:54429]
[DEBUG] Using pooled Channel '[id: 0x0184ae33, L:/127.0.0.1:50843 - R:localhost/127.0.0.1:54429]' for 'POST' to 'http://localhost:54429/session/c686192322c7d226640e448737a6cc4a/element'
[DEBUG] Using open Channel [id: 0x0184ae33, L:/127.0.0.1:50843 - R:localhost/127.0.0.1:54429] for POST '/session/c686192322c7d226640e448737a6cc4a/element'
[DEBUG] 

Request DefaultHttpRequest(decodeResult: success, version: HTTP/1.1)
POST /session/c686192322c7d226640e448737a6cc4a/element HTTP/1.1
User-Agent: selenium/4.2.1 (java windows)
Content-Length: 87
Content-Type: application/json; charset=utf-8
host: localhost:54429
accept: */*

Response DefaultHttpResponse(decodeResult: success, version: HTTP/1.1)
HTTP/1.1 200 OK
Content-Type: application/json; charset=utf-8
cache-control: no-cache
content-length: 88

[DEBUG] Adding key: http://localhost:54429 for channel [id: 0x0184ae33, L:/127.0.0.1:50843 - R:localhost/127.0.0.1:54429]
[DEBUG] Using pooled Channel '[id: 0x0184ae33, L:/127.0.0.1:50843 - R:localhost/127.0.0.1:54429]' for 'POST' to 'http://localhost:54429/session/c686192322c7d226640e448737a6cc4a/element/834d6328-7c5c-433b-b508-64f47b5800ae/click'
[DEBUG] Using open Channel [id: 0x0184ae33, L:/127.0.0.1:50843 - R:localhost/127.0.0.1:54429] for POST '/session/c686192322c7d226640e448737a6cc4a/element/834d6328-7c5c-433b-b508-64f47b5800ae/click'
[DEBUG] Entry count for : http://localhost:50844 : 1
[DEBUG] Entry count for : http://localhost:50844 : 1
[DEBUG] Entry count for : http://localhost:50844 : 1
[DEBUG] Entry count for : http://localhost:50844 : 1
[DEBUG] 

Request DefaultHttpRequest(decodeResult: success, version: HTTP/1.1)
POST /session/c686192322c7d226640e448737a6cc4a/element/834d6328-7c5c-433b-b508-64f47b5800ae/click HTTP/1.1
User-Agent: selenium/4.2.1 (java windows)
Content-Length: 50
Content-Type: application/json; charset=utf-8
host: localhost:54429
accept: */*

Response DefaultHttpResponse(decodeResult: success, version: HTTP/1.1)
HTTP/1.1 200 OK
Content-Type: application/json; charset=utf-8
cache-control: no-cache
content-length: 14

[DEBUG] Adding key: http://localhost:54429 for channel [id: 0x0184ae33, L:/127.0.0.1:50843 - R:localhost/127.0.0.1:54429]
[DEBUG] Using pooled Channel '[id: 0x0184ae33, L:/127.0.0.1:50843 - R:localhost/127.0.0.1:54429]' for 'GET' to 'http://localhost:54429/session/c686192322c7d226640e448737a6cc4a/title'
[DEBUG] Using open Channel [id: 0x0184ae33, L:/127.0.0.1:50843 - R:localhost/127.0.0.1:54429] for GET '/session/c686192322c7d226640e448737a6cc4a/title'
[DEBUG] 

Request DefaultFullHttpRequest(decodeResult: success, version: HTTP/1.1, content: EmptyByteBufBE)
GET /session/c686192322c7d226640e448737a6cc4a/title HTTP/1.1
User-Agent: selenium/4.2.1 (java windows)
Cache-Control: no-cache
Content-Type: application/json; charset=utf-8
host: localhost:54429
accept: */*

Response DefaultHttpResponse(decodeResult: success, version: HTTP/1.1)
HTTP/1.1 200 OK
Content-Type: application/json; charset=utf-8
cache-control: no-cache
content-length: 50

[DEBUG] Adding key: http://localhost:54429 for channel [id: 0x0184ae33, L:/127.0.0.1:50843 - R:localhost/127.0.0.1:54429]
[DEBUG] Using pooled Channel '[id: 0x0184ae33, L:/127.0.0.1:50843 - R:localhost/127.0.0.1:54429]' for 'POST' to 'http://localhost:54429/session/c686192322c7d226640e448737a6cc4a/element'
[DEBUG] Using open Channel [id: 0x0184ae33, L:/127.0.0.1:50843 - R:localhost/127.0.0.1:54429] for POST '/session/c686192322c7d226640e448737a6cc4a/element'
[DEBUG] 

Request DefaultHttpRequest(decodeResult: success, version: HTTP/1.1)
POST /session/c686192322c7d226640e448737a6cc4a/element HTTP/1.1
User-Agent: selenium/4.2.1 (java windows)
Content-Length: 104
Content-Type: application/json; charset=utf-8
host: localhost:54429
accept: */*

Response DefaultHttpResponse(decodeResult: success, version: HTTP/1.1)
HTTP/1.1 200 OK
Content-Type: application/json; charset=utf-8
cache-control: no-cache
content-length: 88

[DEBUG] Adding key: http://localhost:54429 for channel [id: 0x0184ae33, L:/127.0.0.1:50843 - R:localhost/127.0.0.1:54429]
[DEBUG] Using pooled Channel '[id: 0x0184ae33, L:/127.0.0.1:50843 - R:localhost/127.0.0.1:54429]' for 'POST' to 'http://localhost:54429/session/c686192322c7d226640e448737a6cc4a/element/aa19e48c-f783-4d62-a0d0-b5ee178cad27/click'
[DEBUG] Using open Channel [id: 0x0184ae33, L:/127.0.0.1:50843 - R:localhost/127.0.0.1:54429] for POST '/session/c686192322c7d226640e448737a6cc4a/element/aa19e48c-f783-4d62-a0d0-b5ee178cad27/click'
[DEBUG] 

Request DefaultHttpRequest(decodeResult: success, version: HTTP/1.1)
POST /session/c686192322c7d226640e448737a6cc4a/element/aa19e48c-f783-4d62-a0d0-b5ee178cad27/click HTTP/1.1
User-Agent: selenium/4.2.1 (java windows)
Content-Length: 50
Content-Type: application/json; charset=utf-8
host: localhost:54429
accept: */*

Response DefaultHttpResponse(decodeResult: success, version: HTTP/1.1)
HTTP/1.1 200 OK
Content-Type: application/json; charset=utf-8
cache-control: no-cache
content-length: 14

[DEBUG] Adding key: http://localhost:54429 for channel [id: 0x0184ae33, L:/127.0.0.1:50843 - R:localhost/127.0.0.1:54429]
[DEBUG] Using pooled Channel '[id: 0x0184ae33, L:/127.0.0.1:50843 - R:localhost/127.0.0.1:54429]' for 'POST' to 'http://localhost:54429/session/c686192322c7d226640e448737a6cc4a/element'
[DEBUG] Using open Channel [id: 0x0184ae33, L:/127.0.0.1:50843 - R:localhost/127.0.0.1:54429] for POST '/session/c686192322c7d226640e448737a6cc4a/element'
[DEBUG] 

Request DefaultHttpRequest(decodeResult: success, version: HTTP/1.1)
POST /session/c686192322c7d226640e448737a6cc4a/element HTTP/1.1
User-Agent: selenium/4.2.1 (java windows)
Content-Length: 138
Content-Type: application/json; charset=utf-8
host: localhost:54429
accept: */*

Response DefaultHttpResponse(decodeResult: success, version: HTTP/1.1)
HTTP/1.1 200 OK
Content-Type: application/json; charset=utf-8
cache-control: no-cache
content-length: 88

[DEBUG] Adding key: http://localhost:54429 for channel [id: 0x0184ae33, L:/127.0.0.1:50843 - R:localhost/127.0.0.1:54429]
[DEBUG] Using pooled Channel '[id: 0x0184ae33, L:/127.0.0.1:50843 - R:localhost/127.0.0.1:54429]' for 'POST' to 'http://localhost:54429/session/c686192322c7d226640e448737a6cc4a/element/28f962c7-c7c7-44ba-9f13-7b51ce66e63b/click'
[DEBUG] Using open Channel [id: 0x0184ae33, L:/127.0.0.1:50843 - R:localhost/127.0.0.1:54429] for POST '/session/c686192322c7d226640e448737a6cc4a/element/28f962c7-c7c7-44ba-9f13-7b51ce66e63b/click'
[DEBUG] Entry count for : http://localhost:50844 : 1
[DEBUG] 

Request DefaultHttpRequest(decodeResult: success, version: HTTP/1.1)
POST /session/c686192322c7d226640e448737a6cc4a/element/28f962c7-c7c7-44ba-9f13-7b51ce66e63b/click HTTP/1.1
User-Agent: selenium/4.2.1 (java windows)
Content-Length: 50
Content-Type: application/json; charset=utf-8
host: localhost:54429
accept: */*

Response DefaultHttpResponse(decodeResult: success, version: HTTP/1.1)
HTTP/1.1 200 OK
Content-Type: application/json; charset=utf-8
cache-control: no-cache
content-length: 14

[DEBUG] Adding key: http://localhost:54429 for channel [id: 0x0184ae33, L:/127.0.0.1:50843 - R:localhost/127.0.0.1:54429]
[DEBUG] Using pooled Channel '[id: 0x0184ae33, L:/127.0.0.1:50843 - R:localhost/127.0.0.1:54429]' for 'POST' to 'http://localhost:54429/session/c686192322c7d226640e448737a6cc4a/element'
[DEBUG] Using open Channel [id: 0x0184ae33, L:/127.0.0.1:50843 - R:localhost/127.0.0.1:54429] for POST '/session/c686192322c7d226640e448737a6cc4a/element'
[DEBUG] 

Request DefaultHttpRequest(decodeResult: success, version: HTTP/1.1)
POST /session/c686192322c7d226640e448737a6cc4a/element HTTP/1.1
User-Agent: selenium/4.2.1 (java windows)
Content-Length: 77
Content-Type: application/json; charset=utf-8
host: localhost:54429
accept: */*

Response DefaultHttpResponse(decodeResult: success, version: HTTP/1.1)
HTTP/1.1 200 OK
Content-Type: application/json; charset=utf-8
cache-control: no-cache
content-length: 88

[DEBUG] Adding key: http://localhost:54429 for channel [id: 0x0184ae33, L:/127.0.0.1:50843 - R:localhost/127.0.0.1:54429]
[DEBUG] Using pooled Channel '[id: 0x0184ae33, L:/127.0.0.1:50843 - R:localhost/127.0.0.1:54429]' for 'POST' to 'http://localhost:54429/session/c686192322c7d226640e448737a6cc4a/element/3338fdf5-39ef-421b-aa56-2369a28745d6/value'
[DEBUG] Using open Channel [id: 0x0184ae33, L:/127.0.0.1:50843 - R:localhost/127.0.0.1:54429] for POST '/session/c686192322c7d226640e448737a6cc4a/element/3338fdf5-39ef-421b-aa56-2369a28745d6/value'
[DEBUG] Entry count for : http://localhost:50844 : 1
[DEBUG] 

Request DefaultHttpRequest(decodeResult: success, version: HTTP/1.1)
POST /session/c686192322c7d226640e448737a6cc4a/element/3338fdf5-39ef-421b-aa56-2369a28745d6/value HTTP/1.1
User-Agent: selenium/4.2.1 (java windows)
Content-Length: 161
Content-Type: application/json; charset=utf-8
host: localhost:54429
accept: */*

Response DefaultHttpResponse(decodeResult: success, version: HTTP/1.1)
HTTP/1.1 200 OK
Content-Type: application/json; charset=utf-8
cache-control: no-cache
content-length: 14

[DEBUG] Adding key: http://localhost:54429 for channel [id: 0x0184ae33, L:/127.0.0.1:50843 - R:localhost/127.0.0.1:54429]
[DEBUG] Using pooled Channel '[id: 0x0184ae33, L:/127.0.0.1:50843 - R:localhost/127.0.0.1:54429]' for 'POST' to 'http://localhost:54429/session/c686192322c7d226640e448737a6cc4a/element'
[DEBUG] Using open Channel [id: 0x0184ae33, L:/127.0.0.1:50843 - R:localhost/127.0.0.1:54429] for POST '/session/c686192322c7d226640e448737a6cc4a/element'
[DEBUG] 

Request DefaultHttpRequest(decodeResult: success, version: HTTP/1.1)
POST /session/c686192322c7d226640e448737a6cc4a/element HTTP/1.1
User-Agent: selenium/4.2.1 (java windows)
Content-Length: 76
Content-Type: application/json; charset=utf-8
host: localhost:54429
accept: */*

Response DefaultHttpResponse(decodeResult: success, version: HTTP/1.1)
HTTP/1.1 200 OK
Content-Type: application/json; charset=utf-8
cache-control: no-cache
content-length: 88

[DEBUG] Adding key: http://localhost:54429 for channel [id: 0x0184ae33, L:/127.0.0.1:50843 - R:localhost/127.0.0.1:54429]
[DEBUG] Using pooled Channel '[id: 0x0184ae33, L:/127.0.0.1:50843 - R:localhost/127.0.0.1:54429]' for 'POST' to 'http://localhost:54429/session/c686192322c7d226640e448737a6cc4a/element/d63434ad-9482-445c-8144-8d0d11366e29/value'
[DEBUG] Using open Channel [id: 0x0184ae33, L:/127.0.0.1:50843 - R:localhost/127.0.0.1:54429] for POST '/session/c686192322c7d226640e448737a6cc4a/element/d63434ad-9482-445c-8144-8d0d11366e29/value'
[DEBUG] 

Request DefaultHttpRequest(decodeResult: success, version: HTTP/1.1)
POST /session/c686192322c7d226640e448737a6cc4a/element/d63434ad-9482-445c-8144-8d0d11366e29/value HTTP/1.1
User-Agent: selenium/4.2.1 (java windows)
Content-Length: 141
Content-Type: application/json; charset=utf-8
host: localhost:54429
accept: */*

Response DefaultHttpResponse(decodeResult: success, version: HTTP/1.1)
HTTP/1.1 200 OK
Content-Type: application/json; charset=utf-8
cache-control: no-cache
content-length: 14

[DEBUG] Adding key: http://localhost:54429 for channel [id: 0x0184ae33, L:/127.0.0.1:50843 - R:localhost/127.0.0.1:54429]
[DEBUG] Using pooled Channel '[id: 0x0184ae33, L:/127.0.0.1:50843 - R:localhost/127.0.0.1:54429]' for 'POST' to 'http://localhost:54429/session/c686192322c7d226640e448737a6cc4a/element'
[DEBUG] Using open Channel [id: 0x0184ae33, L:/127.0.0.1:50843 - R:localhost/127.0.0.1:54429] for POST '/session/c686192322c7d226640e448737a6cc4a/element'
[DEBUG] 

Request DefaultHttpRequest(decodeResult: success, version: HTTP/1.1)
POST /session/c686192322c7d226640e448737a6cc4a/element HTTP/1.1
User-Agent: selenium/4.2.1 (java windows)
Content-Length: 79
Content-Type: application/json; charset=utf-8
host: localhost:54429
accept: */*

Response DefaultHttpResponse(decodeResult: success, version: HTTP/1.1)
HTTP/1.1 200 OK
Content-Type: application/json; charset=utf-8
cache-control: no-cache
content-length: 88

[DEBUG] Adding key: http://localhost:54429 for channel [id: 0x0184ae33, L:/127.0.0.1:50843 - R:localhost/127.0.0.1:54429]
[DEBUG] Using pooled Channel '[id: 0x0184ae33, L:/127.0.0.1:50843 - R:localhost/127.0.0.1:54429]' for 'POST' to 'http://localhost:54429/session/c686192322c7d226640e448737a6cc4a/element/e142b57f-16ef-40f9-a8a5-d58143963ffa/click'
[DEBUG] Using open Channel [id: 0x0184ae33, L:/127.0.0.1:50843 - R:localhost/127.0.0.1:54429] for POST '/session/c686192322c7d226640e448737a6cc4a/element/e142b57f-16ef-40f9-a8a5-d58143963ffa/click'
[DEBUG] 

Request DefaultHttpRequest(decodeResult: success, version: HTTP/1.1)
POST /session/c686192322c7d226640e448737a6cc4a/element/e142b57f-16ef-40f9-a8a5-d58143963ffa/click HTTP/1.1
User-Agent: selenium/4.2.1 (java windows)
Content-Length: 50
Content-Type: application/json; charset=utf-8
host: localhost:54429
accept: */*

Response DefaultHttpResponse(decodeResult: success, version: HTTP/1.1)
HTTP/1.1 200 OK
Content-Type: application/json; charset=utf-8
cache-control: no-cache
content-length: 14

[DEBUG] Adding key: http://localhost:54429 for channel [id: 0x0184ae33, L:/127.0.0.1:50843 - R:localhost/127.0.0.1:54429]
[DEBUG] Using pooled Channel '[id: 0x0184ae33, L:/127.0.0.1:50843 - R:localhost/127.0.0.1:54429]' for 'POST' to 'http://localhost:54429/session/c686192322c7d226640e448737a6cc4a/elements'
[DEBUG] Using open Channel [id: 0x0184ae33, L:/127.0.0.1:50843 - R:localhost/127.0.0.1:54429] for POST '/session/c686192322c7d226640e448737a6cc4a/elements'
[DEBUG] 

Request DefaultHttpRequest(decodeResult: success, version: HTTP/1.1)
POST /session/c686192322c7d226640e448737a6cc4a/elements HTTP/1.1
User-Agent: selenium/4.2.1 (java windows)
Content-Length: 107
Content-Type: application/json; charset=utf-8
host: localhost:54429
accept: */*

Response DefaultHttpResponse(decodeResult: success, version: HTTP/1.1)
HTTP/1.1 200 OK
Content-Type: application/json; charset=utf-8
cache-control: no-cache
content-length: 801

[DEBUG] Adding key: http://localhost:54429 for channel [id: 0x0184ae33, L:/127.0.0.1:50843 - R:localhost/127.0.0.1:54429]
[DEBUG] Using pooled Channel '[id: 0x0184ae33, L:/127.0.0.1:50843 - R:localhost/127.0.0.1:54429]' for 'POST' to 'http://localhost:54429/session/c686192322c7d226640e448737a6cc4a/element'
[DEBUG] Using open Channel [id: 0x0184ae33, L:/127.0.0.1:50843 - R:localhost/127.0.0.1:54429] for POST '/session/c686192322c7d226640e448737a6cc4a/element'
[DEBUG] 

Request DefaultHttpRequest(decodeResult: success, version: HTTP/1.1)
POST /session/c686192322c7d226640e448737a6cc4a/element HTTP/1.1
User-Agent: selenium/4.2.1 (java windows)
Content-Length: 115
Content-Type: application/json; charset=utf-8
host: localhost:54429
accept: */*

Response DefaultHttpResponse(decodeResult: success, version: HTTP/1.1)
HTTP/1.1 200 OK
Content-Type: application/json; charset=utf-8
cache-control: no-cache
content-length: 88

[DEBUG] Adding key: http://localhost:54429 for channel [id: 0x0184ae33, L:/127.0.0.1:50843 - R:localhost/127.0.0.1:54429]
[DEBUG] Using pooled Channel '[id: 0x0184ae33, L:/127.0.0.1:50843 - R:localhost/127.0.0.1:54429]' for 'GET' to 'http://localhost:54429/session/c686192322c7d226640e448737a6cc4a/element/298648c9-170a-44da-a3f8-aaf26de59696/text'
[DEBUG] Using open Channel [id: 0x0184ae33, L:/127.0.0.1:50843 - R:localhost/127.0.0.1:54429] for GET '/session/c686192322c7d226640e448737a6cc4a/element/298648c9-170a-44da-a3f8-aaf26de59696/text'
[DEBUG] 

Request DefaultFullHttpRequest(decodeResult: success, version: HTTP/1.1, content: EmptyByteBufBE)
GET /session/c686192322c7d226640e448737a6cc4a/element/298648c9-170a-44da-a3f8-aaf26de59696/text HTTP/1.1
User-Agent: selenium/4.2.1 (java windows)
Cache-Control: no-cache
Content-Type: application/json; charset=utf-8
host: localhost:54429
accept: */*

Response DefaultHttpResponse(decodeResult: success, version: HTTP/1.1)
HTTP/1.1 200 OK
Content-Type: application/json; charset=utf-8
cache-control: no-cache
content-length: 23

[DEBUG] Adding key: http://localhost:54429 for channel [id: 0x0184ae33, L:/127.0.0.1:50843 - R:localhost/127.0.0.1:54429]
[DEBUG] Using pooled Channel '[id: 0x0184ae33, L:/127.0.0.1:50843 - R:localhost/127.0.0.1:54429]' for 'POST' to 'http://localhost:54429/session/c686192322c7d226640e448737a6cc4a/element'
[DEBUG] Using open Channel [id: 0x0184ae33, L:/127.0.0.1:50843 - R:localhost/127.0.0.1:54429] for POST '/session/c686192322c7d226640e448737a6cc4a/element'
[DEBUG] 

Request DefaultHttpRequest(decodeResult: success, version: HTTP/1.1)
POST /session/c686192322c7d226640e448737a6cc4a/element HTTP/1.1
User-Agent: selenium/4.2.1 (java windows)
Content-Length: 115
Content-Type: application/json; charset=utf-8
host: localhost:54429
accept: */*

Response DefaultHttpResponse(decodeResult: success, version: HTTP/1.1)
HTTP/1.1 200 OK
Content-Type: application/json; charset=utf-8
cache-control: no-cache
content-length: 88

[DEBUG] Adding key: http://localhost:54429 for channel [id: 0x0184ae33, L:/127.0.0.1:50843 - R:localhost/127.0.0.1:54429]
[DEBUG] Using pooled Channel '[id: 0x0184ae33, L:/127.0.0.1:50843 - R:localhost/127.0.0.1:54429]' for 'GET' to 'http://localhost:54429/session/c686192322c7d226640e448737a6cc4a/element/e2e26f24-a90b-40b3-9378-fbd9ceba1521/text'
[DEBUG] Using open Channel [id: 0x0184ae33, L:/127.0.0.1:50843 - R:localhost/127.0.0.1:54429] for GET '/session/c686192322c7d226640e448737a6cc4a/element/e2e26f24-a90b-40b3-9378-fbd9ceba1521/text'
[DEBUG] 

Request DefaultFullHttpRequest(decodeResult: success, version: HTTP/1.1, content: EmptyByteBufBE)
GET /session/c686192322c7d226640e448737a6cc4a/element/e2e26f24-a90b-40b3-9378-fbd9ceba1521/text HTTP/1.1
User-Agent: selenium/4.2.1 (java windows)
Cache-Control: no-cache
Content-Type: application/json; charset=utf-8
host: localhost:54429
accept: */*

Response DefaultHttpResponse(decodeResult: success, version: HTTP/1.1)
HTTP/1.1 200 OK
Content-Type: application/json; charset=utf-8
cache-control: no-cache
content-length: 23

[DEBUG] Adding key: http://localhost:54429 for channel [id: 0x0184ae33, L:/127.0.0.1:50843 - R:localhost/127.0.0.1:54429]
[DEBUG] Using pooled Channel '[id: 0x0184ae33, L:/127.0.0.1:50843 - R:localhost/127.0.0.1:54429]' for 'POST' to 'http://localhost:54429/session/c686192322c7d226640e448737a6cc4a/element'
[DEBUG] Using open Channel [id: 0x0184ae33, L:/127.0.0.1:50843 - R:localhost/127.0.0.1:54429] for POST '/session/c686192322c7d226640e448737a6cc4a/element'
[DEBUG] 

Request DefaultHttpRequest(decodeResult: success, version: HTTP/1.1)
POST /session/c686192322c7d226640e448737a6cc4a/element HTTP/1.1
User-Agent: selenium/4.2.1 (java windows)
Content-Length: 115
Content-Type: application/json; charset=utf-8
host: localhost:54429
accept: */*

Response DefaultHttpResponse(decodeResult: success, version: HTTP/1.1)
HTTP/1.1 200 OK
Content-Type: application/json; charset=utf-8
cache-control: no-cache
content-length: 88

[DEBUG] Adding key: http://localhost:54429 for channel [id: 0x0184ae33, L:/127.0.0.1:50843 - R:localhost/127.0.0.1:54429]
[DEBUG] Using pooled Channel '[id: 0x0184ae33, L:/127.0.0.1:50843 - R:localhost/127.0.0.1:54429]' for 'GET' to 'http://localhost:54429/session/c686192322c7d226640e448737a6cc4a/element/5fe69370-5b72-458d-b25b-bfe7a02d59c3/text'
[DEBUG] Using open Channel [id: 0x0184ae33, L:/127.0.0.1:50843 - R:localhost/127.0.0.1:54429] for GET '/session/c686192322c7d226640e448737a6cc4a/element/5fe69370-5b72-458d-b25b-bfe7a02d59c3/text'
[DEBUG] 

Request DefaultFullHttpRequest(decodeResult: success, version: HTTP/1.1, content: EmptyByteBufBE)
GET /session/c686192322c7d226640e448737a6cc4a/element/5fe69370-5b72-458d-b25b-bfe7a02d59c3/text HTTP/1.1
User-Agent: selenium/4.2.1 (java windows)
Cache-Control: no-cache
Content-Type: application/json; charset=utf-8
host: localhost:54429
accept: */*

Response DefaultHttpResponse(decodeResult: success, version: HTTP/1.1)
HTTP/1.1 200 OK
Content-Type: application/json; charset=utf-8
cache-control: no-cache
content-length: 23

[DEBUG] Adding key: http://localhost:54429 for channel [id: 0x0184ae33, L:/127.0.0.1:50843 - R:localhost/127.0.0.1:54429]
[DEBUG] Using pooled Channel '[id: 0x0184ae33, L:/127.0.0.1:50843 - R:localhost/127.0.0.1:54429]' for 'POST' to 'http://localhost:54429/session/c686192322c7d226640e448737a6cc4a/element'
[DEBUG] Using open Channel [id: 0x0184ae33, L:/127.0.0.1:50843 - R:localhost/127.0.0.1:54429] for POST '/session/c686192322c7d226640e448737a6cc4a/element'
[DEBUG] 

Request DefaultHttpRequest(decodeResult: success, version: HTTP/1.1)
POST /session/c686192322c7d226640e448737a6cc4a/element HTTP/1.1
User-Agent: selenium/4.2.1 (java windows)
Content-Length: 115
Content-Type: application/json; charset=utf-8
host: localhost:54429
accept: */*

Response DefaultHttpResponse(decodeResult: success, version: HTTP/1.1)
HTTP/1.1 200 OK
Content-Type: application/json; charset=utf-8
cache-control: no-cache
content-length: 88

[DEBUG] Adding key: http://localhost:54429 for channel [id: 0x0184ae33, L:/127.0.0.1:50843 - R:localhost/127.0.0.1:54429]
[DEBUG] Using pooled Channel '[id: 0x0184ae33, L:/127.0.0.1:50843 - R:localhost/127.0.0.1:54429]' for 'GET' to 'http://localhost:54429/session/c686192322c7d226640e448737a6cc4a/element/09b7c59b-9612-44aa-ac4d-419b533af34a/text'
[DEBUG] Using open Channel [id: 0x0184ae33, L:/127.0.0.1:50843 - R:localhost/127.0.0.1:54429] for GET '/session/c686192322c7d226640e448737a6cc4a/element/09b7c59b-9612-44aa-ac4d-419b533af34a/text'
[DEBUG] 

Request DefaultFullHttpRequest(decodeResult: success, version: HTTP/1.1, content: EmptyByteBufBE)
GET /session/c686192322c7d226640e448737a6cc4a/element/09b7c59b-9612-44aa-ac4d-419b533af34a/text HTTP/1.1
User-Agent: selenium/4.2.1 (java windows)
Cache-Control: no-cache
Content-Type: application/json; charset=utf-8
host: localhost:54429
accept: */*

Response DefaultHttpResponse(decodeResult: success, version: HTTP/1.1)
HTTP/1.1 200 OK
Content-Type: application/json; charset=utf-8
cache-control: no-cache
content-length: 23

[DEBUG] Adding key: http://localhost:54429 for channel [id: 0x0184ae33, L:/127.0.0.1:50843 - R:localhost/127.0.0.1:54429]
[DEBUG] Using pooled Channel '[id: 0x0184ae33, L:/127.0.0.1:50843 - R:localhost/127.0.0.1:54429]' for 'POST' to 'http://localhost:54429/session/c686192322c7d226640e448737a6cc4a/element'
[DEBUG] Using open Channel [id: 0x0184ae33, L:/127.0.0.1:50843 - R:localhost/127.0.0.1:54429] for POST '/session/c686192322c7d226640e448737a6cc4a/element'
[DEBUG] 

Request DefaultHttpRequest(decodeResult: success, version: HTTP/1.1)
POST /session/c686192322c7d226640e448737a6cc4a/element HTTP/1.1
User-Agent: selenium/4.2.1 (java windows)
Content-Length: 115
Content-Type: application/json; charset=utf-8
host: localhost:54429
accept: */*

Response DefaultHttpResponse(decodeResult: success, version: HTTP/1.1)
HTTP/1.1 200 OK
Content-Type: application/json; charset=utf-8
cache-control: no-cache
content-length: 88

[DEBUG] Adding key: http://localhost:54429 for channel [id: 0x0184ae33, L:/127.0.0.1:50843 - R:localhost/127.0.0.1:54429]
[DEBUG] Using pooled Channel '[id: 0x0184ae33, L:/127.0.0.1:50843 - R:localhost/127.0.0.1:54429]' for 'GET' to 'http://localhost:54429/session/c686192322c7d226640e448737a6cc4a/element/2f89395d-14ae-4665-9ee9-1e93c857f84f/text'
[DEBUG] Using open Channel [id: 0x0184ae33, L:/127.0.0.1:50843 - R:localhost/127.0.0.1:54429] for GET '/session/c686192322c7d226640e448737a6cc4a/element/2f89395d-14ae-4665-9ee9-1e93c857f84f/text'
[DEBUG] 

Request DefaultFullHttpRequest(decodeResult: success, version: HTTP/1.1, content: EmptyByteBufBE)
GET /session/c686192322c7d226640e448737a6cc4a/element/2f89395d-14ae-4665-9ee9-1e93c857f84f/text HTTP/1.1
User-Agent: selenium/4.2.1 (java windows)
Cache-Control: no-cache
Content-Type: application/json; charset=utf-8
host: localhost:54429
accept: */*

Response DefaultHttpResponse(decodeResult: success, version: HTTP/1.1)
HTTP/1.1 200 OK
Content-Type: application/json; charset=utf-8
cache-control: no-cache
content-length: 27

[DEBUG] Adding key: http://localhost:54429 for channel [id: 0x0184ae33, L:/127.0.0.1:50843 - R:localhost/127.0.0.1:54429]
[DEBUG] Using pooled Channel '[id: 0x0184ae33, L:/127.0.0.1:50843 - R:localhost/127.0.0.1:54429]' for 'DELETE' to 'http://localhost:54429/session/c686192322c7d226640e448737a6cc4a/window'
[DEBUG] Using open Channel [id: 0x0184ae33, L:/127.0.0.1:50843 - R:localhost/127.0.0.1:54429] for DELETE '/session/c686192322c7d226640e448737a6cc4a/window'
[DEBUG] Unexpected I/O exception on channel [id: 0x351fdcdf, L:/127.0.0.1:50850 - R:localhost/127.0.0.1:50844]
java.net.SocketException: Connection reset
	at java.base/sun.nio.ch.SocketChannelImpl.throwConnectionReset(SocketChannelImpl.java:394) ~[na:na]
	at java.base/sun.nio.ch.SocketChannelImpl.read(SocketChannelImpl.java:426) ~[na:na]
	at io.netty.buffer.PooledByteBuf.setBytes(PooledByteBuf.java:258) ~[netty-buffer-4.1.77.Final.jar:4.1.77.Final]
	at io.netty.buffer.AbstractByteBuf.writeBytes(AbstractByteBuf.java:1132) ~[netty-buffer-4.1.77.Final.jar:4.1.77.Final]
	at io.netty.channel.socket.nio.NioSocketChannel.doReadBytes(NioSocketChannel.java:357) ~[netty-transport-4.1.77.Final.jar:4.1.77.Final]
	at io.netty.channel.nio.AbstractNioByteChannel$NioByteUnsafe.read(AbstractNioByteChannel.java:151) ~[netty-transport-4.1.77.Final.jar:4.1.77.Final]
	at io.netty.channel.nio.NioEventLoop.processSelectedKey(NioEventLoop.java:722) ~[netty-transport-4.1.77.Final.jar:4.1.77.Final]
	at io.netty.channel.nio.NioEventLoop.processSelectedKeysOptimized(NioEventLoop.java:658) ~[netty-transport-4.1.77.Final.jar:4.1.77.Final]
	at io.netty.channel.nio.NioEventLoop.processSelectedKeys(NioEventLoop.java:584) ~[netty-transport-4.1.77.Final.jar:4.1.77.Final]
	at io.netty.channel.nio.NioEventLoop.run(NioEventLoop.java:496) ~[netty-transport-4.1.77.Final.jar:4.1.77.Final]
	at io.netty.util.concurrent.SingleThreadEventExecutor$4.run(SingleThreadEventExecutor.java:995) ~[netty-common-4.1.77.Final.jar:4.1.77.Final]
	at io.netty.util.internal.ThreadExecutorMap$2.run(ThreadExecutorMap.java:74) ~[netty-common-4.1.77.Final.jar:4.1.77.Final]
	at io.netty.util.concurrent.FastThreadLocalRunnable.run(FastThreadLocalRunnable.java:30) ~[netty-common-4.1.77.Final.jar:4.1.77.Final]
	at java.base/java.lang.Thread.run(Thread.java:833) ~[na:na]
[DEBUG] Unexpected I/O exception on channel [id: 0x5cac88ce, L:/127.0.0.1:50851 - R:localhost/127.0.0.1:50844]
java.net.SocketException: Connection reset
	at java.base/sun.nio.ch.SocketChannelImpl.throwConnectionReset(SocketChannelImpl.java:394) ~[na:na]
	at java.base/sun.nio.ch.SocketChannelImpl.read(SocketChannelImpl.java:426) ~[na:na]
	at io.netty.buffer.PooledByteBuf.setBytes(PooledByteBuf.java:258) ~[netty-buffer-4.1.77.Final.jar:4.1.77.Final]
	at io.netty.buffer.AbstractByteBuf.writeBytes(AbstractByteBuf.java:1132) ~[netty-buffer-4.1.77.Final.jar:4.1.77.Final]
	at io.netty.channel.socket.nio.NioSocketChannel.doReadBytes(NioSocketChannel.java:357) ~[netty-transport-4.1.77.Final.jar:4.1.77.Final]
	at io.netty.channel.nio.AbstractNioByteChannel$NioByteUnsafe.read(AbstractNioByteChannel.java:151) ~[netty-transport-4.1.77.Final.jar:4.1.77.Final]
	at io.netty.channel.nio.NioEventLoop.processSelectedKey(NioEventLoop.java:722) ~[netty-transport-4.1.77.Final.jar:4.1.77.Final]
	at io.netty.channel.nio.NioEventLoop.processSelectedKeysOptimized(NioEventLoop.java:658) ~[netty-transport-4.1.77.Final.jar:4.1.77.Final]
	at io.netty.channel.nio.NioEventLoop.processSelectedKeys(NioEventLoop.java:584) ~[netty-transport-4.1.77.Final.jar:4.1.77.Final]
	at io.netty.channel.nio.NioEventLoop.run(NioEventLoop.java:496) ~[netty-transport-4.1.77.Final.jar:4.1.77.Final]
	at io.netty.util.concurrent.SingleThreadEventExecutor$4.run(SingleThreadEventExecutor.java:995) ~[netty-common-4.1.77.Final.jar:4.1.77.Final]
	at io.netty.util.internal.ThreadExecutorMap$2.run(ThreadExecutorMap.java:74) ~[netty-common-4.1.77.Final.jar:4.1.77.Final]
	at io.netty.util.concurrent.FastThreadLocalRunnable.run(FastThreadLocalRunnable.java:30) ~[netty-common-4.1.77.Final.jar:4.1.77.Final]
	at java.base/java.lang.Thread.run(Thread.java:833) ~[na:na]
[DEBUG] Closing Channel [id: 0x351fdcdf, L:/127.0.0.1:50850 - R:localhost/127.0.0.1:50844] 
[DEBUG] Was unable to recover Future: NettyResponseFuture{currentRetry=0,
	isDone=1,
	isCancelled=0,
	asyncHandler=org.asynchttpclient.ws.WebSocketUpgradeHandler@5f5ad7c8,
	nettyRequest=org.asynchttpclient.netty.request.NettyRequest@1a585247,
	future=java.util.concurrent.CompletableFuture@5adf6ac8[Completed normally],
	uri=ws://localhost:50844/devtools/browser/2ebb08d5-af38-4697-86a6-7b6bc0e0d799,
	keepAlive=true,
	redirectCount=0,
	timeoutsHolder=null,
	inAuth=0,
	touch=1658841084262}
[DEBUG] Closing Channel [id: 0x5cac88ce, L:/127.0.0.1:50851 - R:localhost/127.0.0.1:50844] 
[DEBUG] Channel Closed: [id: 0x351fdcdf, L:/127.0.0.1:50850 ! R:localhost/127.0.0.1:50844] with attribute DISCARD
[WARN] onError
java.net.SocketException: Connection reset
	at java.base/sun.nio.ch.SocketChannelImpl.throwConnectionReset(SocketChannelImpl.java:394) ~[na:na]
	at java.base/sun.nio.ch.SocketChannelImpl.read(SocketChannelImpl.java:426) ~[na:na]
	at io.netty.buffer.PooledByteBuf.setBytes(PooledByteBuf.java:258) ~[netty-buffer-4.1.77.Final.jar:4.1.77.Final]
	at io.netty.buffer.AbstractByteBuf.writeBytes(AbstractByteBuf.java:1132) ~[netty-buffer-4.1.77.Final.jar:4.1.77.Final]
	at io.netty.channel.socket.nio.NioSocketChannel.doReadBytes(NioSocketChannel.java:357) ~[netty-transport-4.1.77.Final.jar:4.1.77.Final]
	at io.netty.channel.nio.AbstractNioByteChannel$NioByteUnsafe.read(AbstractNioByteChannel.java:151) ~[netty-transport-4.1.77.Final.jar:4.1.77.Final]
	at io.netty.channel.nio.NioEventLoop.processSelectedKey(NioEventLoop.java:722) ~[netty-transport-4.1.77.Final.jar:4.1.77.Final]
	at io.netty.channel.nio.NioEventLoop.processSelectedKeysOptimized(NioEventLoop.java:658) ~[netty-transport-4.1.77.Final.jar:4.1.77.Final]
	at io.netty.channel.nio.NioEventLoop.processSelectedKeys(NioEventLoop.java:584) ~[netty-transport-4.1.77.Final.jar:4.1.77.Final]
	at io.netty.channel.nio.NioEventLoop.run(NioEventLoop.java:496) ~[netty-transport-4.1.77.Final.jar:4.1.77.Final]
	at io.netty.util.concurrent.SingleThreadEventExecutor$4.run(SingleThreadEventExecutor.java:995) ~[netty-common-4.1.77.Final.jar:4.1.77.Final]
	at io.netty.util.internal.ThreadExecutorMap$2.run(ThreadExecutorMap.java:74) ~[netty-common-4.1.77.Final.jar:4.1.77.Final]
	at io.netty.util.concurrent.FastThreadLocalRunnable.run(FastThreadLocalRunnable.java:30) ~[netty-common-4.1.77.Final.jar:4.1.77.Final]
	at java.base/java.lang.Thread.run(Thread.java:833) ~[na:na]
[DEBUG] Closing Channel [id: 0x5cac88ce, L:/127.0.0.1:50851 ! R:localhost/127.0.0.1:50844] 
[DEBUG] Channel Closed: [id: 0x5cac88ce, L:/127.0.0.1:50851 ! R:localhost/127.0.0.1:50844] with attribute DISCARD
[DEBUG] 

Request DefaultFullHttpRequest(decodeResult: success, version: HTTP/1.1, content: EmptyByteBufBE)
DELETE /session/c686192322c7d226640e448737a6cc4a/window HTTP/1.1
User-Agent: selenium/4.2.1 (java windows)
Content-Type: application/json; charset=utf-8
host: localhost:54429
accept: */*

Response DefaultHttpResponse(decodeResult: success, version: HTTP/1.1)
HTTP/1.1 200 OK
Content-Type: application/json; charset=utf-8
cache-control: no-cache
content-length: 12

[DEBUG] Adding key: http://localhost:54429 for channel [id: 0x0184ae33, L:/127.0.0.1:50843 - R:localhost/127.0.0.1:54429]
TearDown method executed
[DEBUG] Using pooled Channel '[id: 0x0184ae33, L:/127.0.0.1:50843 - R:localhost/127.0.0.1:54429]' for 'DELETE' to 'http://localhost:54429/session/c686192322c7d226640e448737a6cc4a'
[DEBUG] Using open Channel [id: 0x0184ae33, L:/127.0.0.1:50843 - R:localhost/127.0.0.1:54429] for DELETE '/session/c686192322c7d226640e448737a6cc4a'
[DEBUG] 

Request DefaultFullHttpRequest(decodeResult: success, version: HTTP/1.1, content: EmptyByteBufBE)
DELETE /session/c686192322c7d226640e448737a6cc4a HTTP/1.1
User-Agent: selenium/4.2.1 (java windows)
Content-Type: application/json; charset=utf-8
host: localhost:54429
accept: */*

Response DefaultHttpResponse(decodeResult: success, version: HTTP/1.1)
HTTP/1.1 200 OK
Content-Type: application/json; charset=utf-8
cache-control: no-cache
content-length: 14

[DEBUG] Adding key: http://localhost:54429 for channel [id: 0x0184ae33, L:/127.0.0.1:50843 - R:localhost/127.0.0.1:54429]
[DEBUG] Channel Closed: [id: 0x0184ae33, L:/127.0.0.1:50843 ! R:localhost/127.0.0.1:54429] with attribute DISCARD
]]></system-out>
    <system-err><![CDATA[Starting ChromeDriver 103.0.5060.134 (8ec6fce403b3feb0869b0732eda8bd95011d333c-refs/branch-heads/5060@{#1262}) on port 54429
Only local connections are allowed.
Please see https://chromedriver.chromium.org/security-considerations for suggestions on keeping ChromeDriver safe.
ChromeDriver was started successfully.
Jul 26, 2022 6:41:15 PM org.openqa.selenium.remote.ProtocolHandshake createSession
INFO: Detected upstream dialect: W3C
Jul 26, 2022 6:41:15 PM org.openqa.selenium.devtools.CdpVersionFinder findNearestMatch
WARNING: Unable to find an exact match for CDP version 103, so returning the closest version found: 102
Jul 26, 2022 6:41:15 PM org.openqa.selenium.devtools.CdpVersionFinder findNearestMatch
INFO: Found CDP implementation for version 103 of 102
Jul 26, 2022 6:41:24 PM org.openqa.selenium.remote.http.WebSocket$Listener onError
WARNING: Connection reset
java.net.SocketException: Connection reset
	at java.base/sun.nio.ch.SocketChannelImpl.throwConnectionReset(SocketChannelImpl.java:394)
	at java.base/sun.nio.ch.SocketChannelImpl.read(SocketChannelImpl.java:426)
	at io.netty.buffer.PooledByteBuf.setBytes(PooledByteBuf.java:258)
	at io.netty.buffer.AbstractByteBuf.writeBytes(AbstractByteBuf.java:1132)
	at io.netty.channel.socket.nio.NioSocketChannel.doReadBytes(NioSocketChannel.java:357)
	at io.netty.channel.nio.AbstractNioByteChannel$NioByteUnsafe.read(AbstractNioByteChannel.java:151)
	at io.netty.channel.nio.NioEventLoop.processSelectedKey(NioEventLoop.java:722)
	at io.netty.channel.nio.NioEventLoop.processSelectedKeysOptimized(NioEventLoop.java:658)
	at io.netty.channel.nio.NioEventLoop.processSelectedKeys(NioEventLoop.java:584)
	at io.netty.channel.nio.NioEventLoop.run(NioEventLoop.java:496)
	at io.netty.util.concurrent.SingleThreadEventExecutor$4.run(SingleThreadEventExecutor.java:995)
	at io.netty.util.internal.ThreadExecutorMap$2.run(ThreadExecutorMap.java:74)
	at io.netty.util.concurrent.FastThreadLocalRunnable.run(FastThreadLocalRunnable.java:30)
	at java.base/java.lang.Thread.run(Thread.java:833)

]]></system-err>
  </testcase>
  <testcase name="runScenario[&quot;Successful Login with Valid Credentials&quot;, &quot;Login&quot;](4)" classname="testRunner.Run" time="10.651">
    <system-out><![CDATA[Setup-1 Sanity method executed
chrome
[DEBUG] Resolution chrome=103 in cache (valid until 19:22:20 26/07/2022 IST)
[DEBUG] Resolution chrome103=103.0.5060.134 in cache (valid until 21:50:19 26/07/2022 IST)
[INFO] Using chromedriver 103.0.5060.134 (resolved driver for Chrome 103)
[DEBUG] Driver chromedriver 103.0.5060.134 found in cache
[INFO] Exporting webdriver.chrome.driver as C:\Users\abrar\.cache\selenium\chromedriver\win32\103.0.5060.134\chromedriver.exe
[DEBUG] Entry count for : http://localhost:54429 : 1
[DEBUG] Entry count for : http://localhost:50844 : 1
[DEBUG] Adding Candidate expired Channel [id: 0x0184ae33, L:/127.0.0.1:50843 ! R:localhost/127.0.0.1:54429] isIdleTimeoutExpired=false isRemotelyClosed=true isTtlExpired=false
[DEBUG] Closing Idle Channel [id: 0x0184ae33, L:/127.0.0.1:50843 ! R:localhost/127.0.0.1:54429]
[DEBUG] Adding Candidate expired Channel [id: 0x351fdcdf, L:/127.0.0.1:50850 ! R:localhost/127.0.0.1:50844] isIdleTimeoutExpired=false isRemotelyClosed=true isTtlExpired=false
[DEBUG] Closing Idle Channel [id: 0x351fdcdf, L:/127.0.0.1:50850 ! R:localhost/127.0.0.1:50844]
[DEBUG] Closed 2 connections out of 2 in 1 ms
[DEBUG] Using new Channel '[id: 0x0541f5a3, L:/127.0.0.1:50868 - R:localhost/127.0.0.1:56540]' for 'POST' to '/session'
[DEBUG] 

Request DefaultHttpRequest(decodeResult: success, version: HTTP/1.1)
POST /session HTTP/1.1
User-Agent: selenium/4.2.1 (java windows)
Content-Length: 365
Content-Type: application/json; charset=utf-8
host: localhost:56540
accept: */*

Response DefaultHttpResponse(decodeResult: success, version: HTTP/1.1)
HTTP/1.1 200 OK
Content-Type: application/json; charset=utf-8
cache-control: no-cache
content-length: 793

[DEBUG] Adding key: http://localhost:56540 for channel [id: 0x0541f5a3, L:/127.0.0.1:50868 - R:localhost/127.0.0.1:56540]
[DEBUG] Using new Channel '[id: 0x04af208f, L:/127.0.0.1:50875 - R:localhost/127.0.0.1:50869]' for 'GET' to '/json/version'
[DEBUG] 

Request DefaultFullHttpRequest(decodeResult: success, version: HTTP/1.1, content: EmptyByteBufBE)
GET /json/version HTTP/1.1
User-Agent: selenium/4.2.1 (java windows)
host: localhost:50869
accept: */*

Response DefaultHttpResponse(decodeResult: success, version: HTTP/1.1)
HTTP/1.1 200 OK
Content-Type: application/json; charset=UTF-8
content-length: 429

[DEBUG] Adding key: http://localhost:50869 for channel [id: 0x04af208f, L:/127.0.0.1:50875 - R:localhost/127.0.0.1:50869]
[DEBUG] Using new Channel '[id: 0xafc8b59e, L:/127.0.0.1:50876 - R:localhost/127.0.0.1:50869]' for 'GET' to '/devtools/browser/2a38996c-8201-4e96-b16c-6fe4e6e2b134'
[DEBUG] 

Request DefaultFullHttpRequest(decodeResult: success, version: HTTP/1.1, content: EmptyByteBufBE)
GET /devtools/browser/2a38996c-8201-4e96-b16c-6fe4e6e2b134 HTTP/1.1
upgrade: websocket
connection: upgrade
sec-websocket-key: lmaprknfX/g59EwH756Jow==
sec-websocket-version: 13
origin: http://localhost:50869
host: localhost:50869
accept: */*
user-agent: AHC/2.1

Response DefaultHttpResponse(decodeResult: success, version: HTTP/1.1)
HTTP/1.1 101 WebSocket Protocol Handshake
Upgrade: WebSocket
Connection: Upgrade
Sec-WebSocket-Accept: FYqMrwZ2Q8EG9pZ26Zt7NMQplss=

[DEBUG] Using pooled Channel '[id: 0x0541f5a3, L:/127.0.0.1:50868 - R:localhost/127.0.0.1:56540]' for 'POST' to 'http://localhost:56540/session/91797a59eabf6c0fb2022505f3883e39/url'
[DEBUG] Using open Channel [id: 0x0541f5a3, L:/127.0.0.1:50868 - R:localhost/127.0.0.1:56540] for POST '/session/91797a59eabf6c0fb2022505f3883e39/url'
[DEBUG] Entry count for : http://localhost:50869 : 1
[DEBUG] Entry count for : http://localhost:50869 : 1
[DEBUG] 

Request DefaultHttpRequest(decodeResult: success, version: HTTP/1.1)
POST /session/91797a59eabf6c0fb2022505f3883e39/url HTTP/1.1
User-Agent: selenium/4.2.1 (java windows)
Content-Length: 69
Content-Type: application/json; charset=utf-8
host: localhost:56540
accept: */*

Response DefaultHttpResponse(decodeResult: success, version: HTTP/1.1)
HTTP/1.1 200 OK
Content-Type: application/json; charset=utf-8
cache-control: no-cache
content-length: 14

[DEBUG] Adding key: http://localhost:56540 for channel [id: 0x0541f5a3, L:/127.0.0.1:50868 - R:localhost/127.0.0.1:56540]
[DEBUG] Using pooled Channel '[id: 0x0541f5a3, L:/127.0.0.1:50868 - R:localhost/127.0.0.1:56540]' for 'POST' to 'http://localhost:56540/session/91797a59eabf6c0fb2022505f3883e39/element'
[DEBUG] Using open Channel [id: 0x0541f5a3, L:/127.0.0.1:50868 - R:localhost/127.0.0.1:56540] for POST '/session/91797a59eabf6c0fb2022505f3883e39/element'
[DEBUG] 

Request DefaultHttpRequest(decodeResult: success, version: HTTP/1.1)
POST /session/91797a59eabf6c0fb2022505f3883e39/element HTTP/1.1
User-Agent: selenium/4.2.1 (java windows)
Content-Length: 50
Content-Type: application/json; charset=utf-8
host: localhost:56540
accept: */*

Response DefaultHttpResponse(decodeResult: success, version: HTTP/1.1)
HTTP/1.1 200 OK
Content-Type: application/json; charset=utf-8
cache-control: no-cache
content-length: 88

[DEBUG] Adding key: http://localhost:56540 for channel [id: 0x0541f5a3, L:/127.0.0.1:50868 - R:localhost/127.0.0.1:56540]
[DEBUG] Using pooled Channel '[id: 0x0541f5a3, L:/127.0.0.1:50868 - R:localhost/127.0.0.1:56540]' for 'POST' to 'http://localhost:56540/session/91797a59eabf6c0fb2022505f3883e39/element/2414c951-d6f5-44a0-bcdb-998a8f5cb35e/clear'
[DEBUG] Using open Channel [id: 0x0541f5a3, L:/127.0.0.1:50868 - R:localhost/127.0.0.1:56540] for POST '/session/91797a59eabf6c0fb2022505f3883e39/element/2414c951-d6f5-44a0-bcdb-998a8f5cb35e/clear'
[DEBUG] Entry count for : http://localhost:50869 : 1
[DEBUG] 

Request DefaultHttpRequest(decodeResult: success, version: HTTP/1.1)
POST /session/91797a59eabf6c0fb2022505f3883e39/element/2414c951-d6f5-44a0-bcdb-998a8f5cb35e/clear HTTP/1.1
User-Agent: selenium/4.2.1 (java windows)
Content-Length: 50
Content-Type: application/json; charset=utf-8
host: localhost:56540
accept: */*

Response DefaultHttpResponse(decodeResult: success, version: HTTP/1.1)
HTTP/1.1 200 OK
Content-Type: application/json; charset=utf-8
cache-control: no-cache
content-length: 14

[DEBUG] Adding key: http://localhost:56540 for channel [id: 0x0541f5a3, L:/127.0.0.1:50868 - R:localhost/127.0.0.1:56540]
[DEBUG] Using pooled Channel '[id: 0x0541f5a3, L:/127.0.0.1:50868 - R:localhost/127.0.0.1:56540]' for 'POST' to 'http://localhost:56540/session/91797a59eabf6c0fb2022505f3883e39/element'
[DEBUG] Using open Channel [id: 0x0541f5a3, L:/127.0.0.1:50868 - R:localhost/127.0.0.1:56540] for POST '/session/91797a59eabf6c0fb2022505f3883e39/element'
[DEBUG] 

Request DefaultHttpRequest(decodeResult: success, version: HTTP/1.1)
POST /session/91797a59eabf6c0fb2022505f3883e39/element HTTP/1.1
User-Agent: selenium/4.2.1 (java windows)
Content-Length: 50
Content-Type: application/json; charset=utf-8
host: localhost:56540
accept: */*

Response DefaultHttpResponse(decodeResult: success, version: HTTP/1.1)
HTTP/1.1 200 OK
Content-Type: application/json; charset=utf-8
cache-control: no-cache
content-length: 88

[DEBUG] Adding key: http://localhost:56540 for channel [id: 0x0541f5a3, L:/127.0.0.1:50868 - R:localhost/127.0.0.1:56540]
[DEBUG] Using pooled Channel '[id: 0x0541f5a3, L:/127.0.0.1:50868 - R:localhost/127.0.0.1:56540]' for 'POST' to 'http://localhost:56540/session/91797a59eabf6c0fb2022505f3883e39/element/2414c951-d6f5-44a0-bcdb-998a8f5cb35e/value'
[DEBUG] Using open Channel [id: 0x0541f5a3, L:/127.0.0.1:50868 - R:localhost/127.0.0.1:56540] for POST '/session/91797a59eabf6c0fb2022505f3883e39/element/2414c951-d6f5-44a0-bcdb-998a8f5cb35e/value'
[DEBUG] 

Request DefaultHttpRequest(decodeResult: success, version: HTTP/1.1)
POST /session/91797a59eabf6c0fb2022505f3883e39/element/2414c951-d6f5-44a0-bcdb-998a8f5cb35e/value HTTP/1.1
User-Agent: selenium/4.2.1 (java windows)
Content-Length: 271
Content-Type: application/json; charset=utf-8
host: localhost:56540
accept: */*

Response DefaultHttpResponse(decodeResult: success, version: HTTP/1.1)
HTTP/1.1 200 OK
Content-Type: application/json; charset=utf-8
cache-control: no-cache
content-length: 14

[DEBUG] Adding key: http://localhost:56540 for channel [id: 0x0541f5a3, L:/127.0.0.1:50868 - R:localhost/127.0.0.1:56540]
[DEBUG] Using pooled Channel '[id: 0x0541f5a3, L:/127.0.0.1:50868 - R:localhost/127.0.0.1:56540]' for 'POST' to 'http://localhost:56540/session/91797a59eabf6c0fb2022505f3883e39/element'
[DEBUG] Using open Channel [id: 0x0541f5a3, L:/127.0.0.1:50868 - R:localhost/127.0.0.1:56540] for POST '/session/91797a59eabf6c0fb2022505f3883e39/element'
[DEBUG] 

Request DefaultHttpRequest(decodeResult: success, version: HTTP/1.1)
POST /session/91797a59eabf6c0fb2022505f3883e39/element HTTP/1.1
User-Agent: selenium/4.2.1 (java windows)
Content-Length: 53
Content-Type: application/json; charset=utf-8
host: localhost:56540
accept: */*

Response DefaultHttpResponse(decodeResult: success, version: HTTP/1.1)
HTTP/1.1 200 OK
Content-Type: application/json; charset=utf-8
cache-control: no-cache
content-length: 88

[DEBUG] Adding key: http://localhost:56540 for channel [id: 0x0541f5a3, L:/127.0.0.1:50868 - R:localhost/127.0.0.1:56540]
[DEBUG] Using pooled Channel '[id: 0x0541f5a3, L:/127.0.0.1:50868 - R:localhost/127.0.0.1:56540]' for 'POST' to 'http://localhost:56540/session/91797a59eabf6c0fb2022505f3883e39/element/2bc794d2-052e-484f-b1c6-5918bec8f470/clear'
[DEBUG] Using open Channel [id: 0x0541f5a3, L:/127.0.0.1:50868 - R:localhost/127.0.0.1:56540] for POST '/session/91797a59eabf6c0fb2022505f3883e39/element/2bc794d2-052e-484f-b1c6-5918bec8f470/clear'
[DEBUG] 

Request DefaultHttpRequest(decodeResult: success, version: HTTP/1.1)
POST /session/91797a59eabf6c0fb2022505f3883e39/element/2bc794d2-052e-484f-b1c6-5918bec8f470/clear HTTP/1.1
User-Agent: selenium/4.2.1 (java windows)
Content-Length: 50
Content-Type: application/json; charset=utf-8
host: localhost:56540
accept: */*

Response DefaultHttpResponse(decodeResult: success, version: HTTP/1.1)
HTTP/1.1 200 OK
Content-Type: application/json; charset=utf-8
cache-control: no-cache
content-length: 14

[DEBUG] Adding key: http://localhost:56540 for channel [id: 0x0541f5a3, L:/127.0.0.1:50868 - R:localhost/127.0.0.1:56540]
[DEBUG] Using pooled Channel '[id: 0x0541f5a3, L:/127.0.0.1:50868 - R:localhost/127.0.0.1:56540]' for 'POST' to 'http://localhost:56540/session/91797a59eabf6c0fb2022505f3883e39/element'
[DEBUG] Using open Channel [id: 0x0541f5a3, L:/127.0.0.1:50868 - R:localhost/127.0.0.1:56540] for POST '/session/91797a59eabf6c0fb2022505f3883e39/element'
[DEBUG] 

Request DefaultHttpRequest(decodeResult: success, version: HTTP/1.1)
POST /session/91797a59eabf6c0fb2022505f3883e39/element HTTP/1.1
User-Agent: selenium/4.2.1 (java windows)
Content-Length: 53
Content-Type: application/json; charset=utf-8
host: localhost:56540
accept: */*

Response DefaultHttpResponse(decodeResult: success, version: HTTP/1.1)
HTTP/1.1 200 OK
Content-Type: application/json; charset=utf-8
cache-control: no-cache
content-length: 88

[DEBUG] Adding key: http://localhost:56540 for channel [id: 0x0541f5a3, L:/127.0.0.1:50868 - R:localhost/127.0.0.1:56540]
[DEBUG] Using pooled Channel '[id: 0x0541f5a3, L:/127.0.0.1:50868 - R:localhost/127.0.0.1:56540]' for 'POST' to 'http://localhost:56540/session/91797a59eabf6c0fb2022505f3883e39/element/2bc794d2-052e-484f-b1c6-5918bec8f470/value'
[DEBUG] Using open Channel [id: 0x0541f5a3, L:/127.0.0.1:50868 - R:localhost/127.0.0.1:56540] for POST '/session/91797a59eabf6c0fb2022505f3883e39/element/2bc794d2-052e-484f-b1c6-5918bec8f470/value'
[DEBUG] 

Request DefaultHttpRequest(decodeResult: success, version: HTTP/1.1)
POST /session/91797a59eabf6c0fb2022505f3883e39/element/2bc794d2-052e-484f-b1c6-5918bec8f470/value HTTP/1.1
User-Agent: selenium/4.2.1 (java windows)
Content-Length: 131
Content-Type: application/json; charset=utf-8
host: localhost:56540
accept: */*

Response DefaultHttpResponse(decodeResult: success, version: HTTP/1.1)
HTTP/1.1 200 OK
Content-Type: application/json; charset=utf-8
cache-control: no-cache
content-length: 14

[DEBUG] Adding key: http://localhost:56540 for channel [id: 0x0541f5a3, L:/127.0.0.1:50868 - R:localhost/127.0.0.1:56540]
[DEBUG] Using pooled Channel '[id: 0x0541f5a3, L:/127.0.0.1:50868 - R:localhost/127.0.0.1:56540]' for 'POST' to 'http://localhost:56540/session/91797a59eabf6c0fb2022505f3883e39/element'
[DEBUG] Using open Channel [id: 0x0541f5a3, L:/127.0.0.1:50868 - R:localhost/127.0.0.1:56540] for POST '/session/91797a59eabf6c0fb2022505f3883e39/element'
[DEBUG] 

Request DefaultHttpRequest(decodeResult: success, version: HTTP/1.1)
POST /session/91797a59eabf6c0fb2022505f3883e39/element HTTP/1.1
User-Agent: selenium/4.2.1 (java windows)
Content-Length: 87
Content-Type: application/json; charset=utf-8
host: localhost:56540
accept: */*

Response DefaultHttpResponse(decodeResult: success, version: HTTP/1.1)
HTTP/1.1 200 OK
Content-Type: application/json; charset=utf-8
cache-control: no-cache
content-length: 88

[DEBUG] Adding key: http://localhost:56540 for channel [id: 0x0541f5a3, L:/127.0.0.1:50868 - R:localhost/127.0.0.1:56540]
[DEBUG] Using pooled Channel '[id: 0x0541f5a3, L:/127.0.0.1:50868 - R:localhost/127.0.0.1:56540]' for 'POST' to 'http://localhost:56540/session/91797a59eabf6c0fb2022505f3883e39/element/9f138f09-71cc-4267-a2dd-7210328966a7/click'
[DEBUG] Using open Channel [id: 0x0541f5a3, L:/127.0.0.1:50868 - R:localhost/127.0.0.1:56540] for POST '/session/91797a59eabf6c0fb2022505f3883e39/element/9f138f09-71cc-4267-a2dd-7210328966a7/click'
[DEBUG] Entry count for : http://localhost:50869 : 1
[DEBUG] Entry count for : http://localhost:50869 : 1
[DEBUG] Entry count for : http://localhost:50869 : 1
[DEBUG] Entry count for : http://localhost:50869 : 1
[DEBUG] 

Request DefaultHttpRequest(decodeResult: success, version: HTTP/1.1)
POST /session/91797a59eabf6c0fb2022505f3883e39/element/9f138f09-71cc-4267-a2dd-7210328966a7/click HTTP/1.1
User-Agent: selenium/4.2.1 (java windows)
Content-Length: 50
Content-Type: application/json; charset=utf-8
host: localhost:56540
accept: */*

Response DefaultHttpResponse(decodeResult: success, version: HTTP/1.1)
HTTP/1.1 200 OK
Content-Type: application/json; charset=utf-8
cache-control: no-cache
content-length: 14

[DEBUG] Adding key: http://localhost:56540 for channel [id: 0x0541f5a3, L:/127.0.0.1:50868 - R:localhost/127.0.0.1:56540]
[DEBUG] Using pooled Channel '[id: 0x0541f5a3, L:/127.0.0.1:50868 - R:localhost/127.0.0.1:56540]' for 'GET' to 'http://localhost:56540/session/91797a59eabf6c0fb2022505f3883e39/title'
[DEBUG] Using open Channel [id: 0x0541f5a3, L:/127.0.0.1:50868 - R:localhost/127.0.0.1:56540] for GET '/session/91797a59eabf6c0fb2022505f3883e39/title'
[DEBUG] 

Request DefaultFullHttpRequest(decodeResult: success, version: HTTP/1.1, content: EmptyByteBufBE)
GET /session/91797a59eabf6c0fb2022505f3883e39/title HTTP/1.1
User-Agent: selenium/4.2.1 (java windows)
Cache-Control: no-cache
Content-Type: application/json; charset=utf-8
host: localhost:56540
accept: */*

Response DefaultHttpResponse(decodeResult: success, version: HTTP/1.1)
HTTP/1.1 200 OK
Content-Type: application/json; charset=utf-8
cache-control: no-cache
content-length: 50

[DEBUG] Adding key: http://localhost:56540 for channel [id: 0x0541f5a3, L:/127.0.0.1:50868 - R:localhost/127.0.0.1:56540]
[DEBUG] Using pooled Channel '[id: 0x0541f5a3, L:/127.0.0.1:50868 - R:localhost/127.0.0.1:56540]' for 'POST' to 'http://localhost:56540/session/91797a59eabf6c0fb2022505f3883e39/element'
[DEBUG] Using open Channel [id: 0x0541f5a3, L:/127.0.0.1:50868 - R:localhost/127.0.0.1:56540] for POST '/session/91797a59eabf6c0fb2022505f3883e39/element'
[DEBUG] 

Request DefaultHttpRequest(decodeResult: success, version: HTTP/1.1)
POST /session/91797a59eabf6c0fb2022505f3883e39/element HTTP/1.1
User-Agent: selenium/4.2.1 (java windows)
Content-Length: 47
Content-Type: application/json; charset=utf-8
host: localhost:56540
accept: */*

Response DefaultHttpResponse(decodeResult: success, version: HTTP/1.1)
HTTP/1.1 200 OK
Content-Type: application/json; charset=utf-8
cache-control: no-cache
content-length: 88

[DEBUG] Adding key: http://localhost:56540 for channel [id: 0x0541f5a3, L:/127.0.0.1:50868 - R:localhost/127.0.0.1:56540]
[DEBUG] Using pooled Channel '[id: 0x0541f5a3, L:/127.0.0.1:50868 - R:localhost/127.0.0.1:56540]' for 'POST' to 'http://localhost:56540/session/91797a59eabf6c0fb2022505f3883e39/element/7850480b-a27c-4e95-bf4c-e0515a8c6d11/click'
[DEBUG] Using open Channel [id: 0x0541f5a3, L:/127.0.0.1:50868 - R:localhost/127.0.0.1:56540] for POST '/session/91797a59eabf6c0fb2022505f3883e39/element/7850480b-a27c-4e95-bf4c-e0515a8c6d11/click'
[DEBUG] Entry count for : http://localhost:50869 : 1
[DEBUG] Entry count for : http://localhost:50869 : 1
[DEBUG] 

Request DefaultHttpRequest(decodeResult: success, version: HTTP/1.1)
POST /session/91797a59eabf6c0fb2022505f3883e39/element/7850480b-a27c-4e95-bf4c-e0515a8c6d11/click HTTP/1.1
User-Agent: selenium/4.2.1 (java windows)
Content-Length: 50
Content-Type: application/json; charset=utf-8
host: localhost:56540
accept: */*

Response DefaultHttpResponse(decodeResult: success, version: HTTP/1.1)
HTTP/1.1 200 OK
Content-Type: application/json; charset=utf-8
cache-control: no-cache
content-length: 14

[DEBUG] Adding key: http://localhost:56540 for channel [id: 0x0541f5a3, L:/127.0.0.1:50868 - R:localhost/127.0.0.1:56540]
[DEBUG] Using pooled Channel '[id: 0x0541f5a3, L:/127.0.0.1:50868 - R:localhost/127.0.0.1:56540]' for 'GET' to 'http://localhost:56540/session/91797a59eabf6c0fb2022505f3883e39/title'
[DEBUG] Using open Channel [id: 0x0541f5a3, L:/127.0.0.1:50868 - R:localhost/127.0.0.1:56540] for GET '/session/91797a59eabf6c0fb2022505f3883e39/title'
[DEBUG] 

Request DefaultFullHttpRequest(decodeResult: success, version: HTTP/1.1, content: EmptyByteBufBE)
GET /session/91797a59eabf6c0fb2022505f3883e39/title HTTP/1.1
User-Agent: selenium/4.2.1 (java windows)
Cache-Control: no-cache
Content-Type: application/json; charset=utf-8
host: localhost:56540
accept: */*

Response DefaultHttpResponse(decodeResult: success, version: HTTP/1.1)
HTTP/1.1 200 OK
Content-Type: application/json; charset=utf-8
cache-control: no-cache
content-length: 29

[DEBUG] Adding key: http://localhost:56540 for channel [id: 0x0541f5a3, L:/127.0.0.1:50868 - R:localhost/127.0.0.1:56540]
[DEBUG] Using pooled Channel '[id: 0x0541f5a3, L:/127.0.0.1:50868 - R:localhost/127.0.0.1:56540]' for 'DELETE' to 'http://localhost:56540/session/91797a59eabf6c0fb2022505f3883e39/window'
[DEBUG] Using open Channel [id: 0x0541f5a3, L:/127.0.0.1:50868 - R:localhost/127.0.0.1:56540] for DELETE '/session/91797a59eabf6c0fb2022505f3883e39/window'
[DEBUG] Unexpected I/O exception on channel [id: 0xafc8b59e, L:/127.0.0.1:50876 - R:localhost/127.0.0.1:50869]
java.net.SocketException: Connection reset
	at java.base/sun.nio.ch.SocketChannelImpl.throwConnectionReset(SocketChannelImpl.java:394) ~[na:na]
	at java.base/sun.nio.ch.SocketChannelImpl.read(SocketChannelImpl.java:426) ~[na:na]
	at io.netty.buffer.PooledByteBuf.setBytes(PooledByteBuf.java:258) ~[netty-buffer-4.1.77.Final.jar:4.1.77.Final]
	at io.netty.buffer.AbstractByteBuf.writeBytes(AbstractByteBuf.java:1132) ~[netty-buffer-4.1.77.Final.jar:4.1.77.Final]
	at io.netty.channel.socket.nio.NioSocketChannel.doReadBytes(NioSocketChannel.java:357) ~[netty-transport-4.1.77.Final.jar:4.1.77.Final]
	at io.netty.channel.nio.AbstractNioByteChannel$NioByteUnsafe.read(AbstractNioByteChannel.java:151) ~[netty-transport-4.1.77.Final.jar:4.1.77.Final]
	at io.netty.channel.nio.NioEventLoop.processSelectedKey(NioEventLoop.java:722) ~[netty-transport-4.1.77.Final.jar:4.1.77.Final]
	at io.netty.channel.nio.NioEventLoop.processSelectedKeysOptimized(NioEventLoop.java:658) ~[netty-transport-4.1.77.Final.jar:4.1.77.Final]
	at io.netty.channel.nio.NioEventLoop.processSelectedKeys(NioEventLoop.java:584) ~[netty-transport-4.1.77.Final.jar:4.1.77.Final]
	at io.netty.channel.nio.NioEventLoop.run(NioEventLoop.java:496) ~[netty-transport-4.1.77.Final.jar:4.1.77.Final]
	at io.netty.util.concurrent.SingleThreadEventExecutor$4.run(SingleThreadEventExecutor.java:995) ~[netty-common-4.1.77.Final.jar:4.1.77.Final]
	at io.netty.util.internal.ThreadExecutorMap$2.run(ThreadExecutorMap.java:74) ~[netty-common-4.1.77.Final.jar:4.1.77.Final]
	at io.netty.util.concurrent.FastThreadLocalRunnable.run(FastThreadLocalRunnable.java:30) ~[netty-common-4.1.77.Final.jar:4.1.77.Final]
	at java.base/java.lang.Thread.run(Thread.java:833) ~[na:na]
[DEBUG] Was unable to recover Future: NettyResponseFuture{currentRetry=0,
	isDone=1,
	isCancelled=0,
	asyncHandler=org.asynchttpclient.ws.WebSocketUpgradeHandler@ceaf303,
	nettyRequest=org.asynchttpclient.netty.request.NettyRequest@49e86cfa,
	future=java.util.concurrent.CompletableFuture@5baba4b4[Completed normally],
	uri=ws://localhost:50869/devtools/browser/2a38996c-8201-4e96-b16c-6fe4e6e2b134,
	keepAlive=true,
	redirectCount=0,
	timeoutsHolder=null,
	inAuth=0,
	touch=1658841094934}
[DEBUG] Closing Channel [id: 0xafc8b59e, L:/127.0.0.1:50876 - R:localhost/127.0.0.1:50869] 
[DEBUG] Unexpected I/O exception on channel [id: 0x04af208f, L:/127.0.0.1:50875 - R:localhost/127.0.0.1:50869]
java.net.SocketException: Connection reset
	at java.base/sun.nio.ch.SocketChannelImpl.throwConnectionReset(SocketChannelImpl.java:394) ~[na:na]
	at java.base/sun.nio.ch.SocketChannelImpl.read(SocketChannelImpl.java:426) ~[na:na]
	at io.netty.buffer.PooledByteBuf.setBytes(PooledByteBuf.java:258) ~[netty-buffer-4.1.77.Final.jar:4.1.77.Final]
	at io.netty.buffer.AbstractByteBuf.writeBytes(AbstractByteBuf.java:1132) ~[netty-buffer-4.1.77.Final.jar:4.1.77.Final]
	at io.netty.channel.socket.nio.NioSocketChannel.doReadBytes(NioSocketChannel.java:357) ~[netty-transport-4.1.77.Final.jar:4.1.77.Final]
	at io.netty.channel.nio.AbstractNioByteChannel$NioByteUnsafe.read(AbstractNioByteChannel.java:151) ~[netty-transport-4.1.77.Final.jar:4.1.77.Final]
	at io.netty.channel.nio.NioEventLoop.processSelectedKey(NioEventLoop.java:722) ~[netty-transport-4.1.77.Final.jar:4.1.77.Final]
	at io.netty.channel.nio.NioEventLoop.processSelectedKeysOptimized(NioEventLoop.java:658) ~[netty-transport-4.1.77.Final.jar:4.1.77.Final]
	at io.netty.channel.nio.NioEventLoop.processSelectedKeys(NioEventLoop.java:584) ~[netty-transport-4.1.77.Final.jar:4.1.77.Final]
	at io.netty.channel.nio.NioEventLoop.run(NioEventLoop.java:496) ~[netty-transport-4.1.77.Final.jar:4.1.77.Final]
	at io.netty.util.concurrent.SingleThreadEventExecutor$4.run(SingleThreadEventExecutor.java:995) ~[netty-common-4.1.77.Final.jar:4.1.77.Final]
	at io.netty.util.internal.ThreadExecutorMap$2.run(ThreadExecutorMap.java:74) ~[netty-common-4.1.77.Final.jar:4.1.77.Final]
	at io.netty.util.concurrent.FastThreadLocalRunnable.run(FastThreadLocalRunnable.java:30) ~[netty-common-4.1.77.Final.jar:4.1.77.Final]
	at java.base/java.lang.Thread.run(Thread.java:833) ~[na:na]
[DEBUG] Closing Channel [id: 0x04af208f, L:/127.0.0.1:50875 - R:localhost/127.0.0.1:50869] 
[DEBUG] Channel Closed: [id: 0x04af208f, L:/127.0.0.1:50875 ! R:localhost/127.0.0.1:50869] with attribute DISCARD
[WARN] onError
java.net.SocketException: Connection reset
	at java.base/sun.nio.ch.SocketChannelImpl.throwConnectionReset(SocketChannelImpl.java:394) ~[na:na]
	at java.base/sun.nio.ch.SocketChannelImpl.read(SocketChannelImpl.java:426) ~[na:na]
	at io.netty.buffer.PooledByteBuf.setBytes(PooledByteBuf.java:258) ~[netty-buffer-4.1.77.Final.jar:4.1.77.Final]
	at io.netty.buffer.AbstractByteBuf.writeBytes(AbstractByteBuf.java:1132) ~[netty-buffer-4.1.77.Final.jar:4.1.77.Final]
	at io.netty.channel.socket.nio.NioSocketChannel.doReadBytes(NioSocketChannel.java:357) ~[netty-transport-4.1.77.Final.jar:4.1.77.Final]
	at io.netty.channel.nio.AbstractNioByteChannel$NioByteUnsafe.read(AbstractNioByteChannel.java:151) ~[netty-transport-4.1.77.Final.jar:4.1.77.Final]
	at io.netty.channel.nio.NioEventLoop.processSelectedKey(NioEventLoop.java:722) ~[netty-transport-4.1.77.Final.jar:4.1.77.Final]
	at io.netty.channel.nio.NioEventLoop.processSelectedKeysOptimized(NioEventLoop.java:658) ~[netty-transport-4.1.77.Final.jar:4.1.77.Final]
	at io.netty.channel.nio.NioEventLoop.processSelectedKeys(NioEventLoop.java:584) ~[netty-transport-4.1.77.Final.jar:4.1.77.Final]
	at io.netty.channel.nio.NioEventLoop.run(NioEventLoop.java:496) ~[netty-transport-4.1.77.Final.jar:4.1.77.Final]
	at io.netty.util.concurrent.SingleThreadEventExecutor$4.run(SingleThreadEventExecutor.java:995) ~[netty-common-4.1.77.Final.jar:4.1.77.Final]
	at io.netty.util.internal.ThreadExecutorMap$2.run(ThreadExecutorMap.java:74) ~[netty-common-4.1.77.Final.jar:4.1.77.Final]
	at io.netty.util.concurrent.FastThreadLocalRunnable.run(FastThreadLocalRunnable.java:30) ~[netty-common-4.1.77.Final.jar:4.1.77.Final]
	at java.base/java.lang.Thread.run(Thread.java:833) ~[na:na]
[DEBUG] Closing Channel [id: 0xafc8b59e, L:/127.0.0.1:50876 ! R:localhost/127.0.0.1:50869] 
[DEBUG] Channel Closed: [id: 0xafc8b59e, L:/127.0.0.1:50876 ! R:localhost/127.0.0.1:50869] with attribute DISCARD
[DEBUG] 

Request DefaultFullHttpRequest(decodeResult: success, version: HTTP/1.1, content: EmptyByteBufBE)
DELETE /session/91797a59eabf6c0fb2022505f3883e39/window HTTP/1.1
User-Agent: selenium/4.2.1 (java windows)
Content-Type: application/json; charset=utf-8
host: localhost:56540
accept: */*

Response DefaultHttpResponse(decodeResult: success, version: HTTP/1.1)
HTTP/1.1 200 OK
Content-Type: application/json; charset=utf-8
cache-control: no-cache
content-length: 12

[DEBUG] Adding key: http://localhost:56540 for channel [id: 0x0541f5a3, L:/127.0.0.1:50868 - R:localhost/127.0.0.1:56540]
TearDown method executed
[DEBUG] Using pooled Channel '[id: 0x0541f5a3, L:/127.0.0.1:50868 - R:localhost/127.0.0.1:56540]' for 'DELETE' to 'http://localhost:56540/session/91797a59eabf6c0fb2022505f3883e39'
[DEBUG] Using open Channel [id: 0x0541f5a3, L:/127.0.0.1:50868 - R:localhost/127.0.0.1:56540] for DELETE '/session/91797a59eabf6c0fb2022505f3883e39'
[DEBUG] 

Request DefaultFullHttpRequest(decodeResult: success, version: HTTP/1.1, content: EmptyByteBufBE)
DELETE /session/91797a59eabf6c0fb2022505f3883e39 HTTP/1.1
User-Agent: selenium/4.2.1 (java windows)
Content-Type: application/json; charset=utf-8
host: localhost:56540
accept: */*

Response DefaultHttpResponse(decodeResult: success, version: HTTP/1.1)
HTTP/1.1 200 OK
Content-Type: application/json; charset=utf-8
cache-control: no-cache
content-length: 14

[DEBUG] Adding key: http://localhost:56540 for channel [id: 0x0541f5a3, L:/127.0.0.1:50868 - R:localhost/127.0.0.1:56540]
[DEBUG] Channel Closed: [id: 0x0541f5a3, L:/127.0.0.1:50868 ! R:localhost/127.0.0.1:56540] with attribute DISCARD
]]></system-out>
    <system-err><![CDATA[Starting ChromeDriver 103.0.5060.134 (8ec6fce403b3feb0869b0732eda8bd95011d333c-refs/branch-heads/5060@{#1262}) on port 56540
Only local connections are allowed.
Please see https://chromedriver.chromium.org/security-considerations for suggestions on keeping ChromeDriver safe.
ChromeDriver was started successfully.
Jul 26, 2022 6:41:25 PM org.openqa.selenium.remote.ProtocolHandshake createSession
INFO: Detected upstream dialect: W3C
Jul 26, 2022 6:41:25 PM org.openqa.selenium.devtools.CdpVersionFinder findNearestMatch
WARNING: Unable to find an exact match for CDP version 103, so returning the closest version found: 102
Jul 26, 2022 6:41:25 PM org.openqa.selenium.devtools.CdpVersionFinder findNearestMatch
INFO: Found CDP implementation for version 103 of 102
Jul 26, 2022 6:41:34 PM org.openqa.selenium.remote.http.WebSocket$Listener onError
WARNING: Connection reset
java.net.SocketException: Connection reset
	at java.base/sun.nio.ch.SocketChannelImpl.throwConnectionReset(SocketChannelImpl.java:394)
	at java.base/sun.nio.ch.SocketChannelImpl.read(SocketChannelImpl.java:426)
	at io.netty.buffer.PooledByteBuf.setBytes(PooledByteBuf.java:258)
	at io.netty.buffer.AbstractByteBuf.writeBytes(AbstractByteBuf.java:1132)
	at io.netty.channel.socket.nio.NioSocketChannel.doReadBytes(NioSocketChannel.java:357)
	at io.netty.channel.nio.AbstractNioByteChannel$NioByteUnsafe.read(AbstractNioByteChannel.java:151)
	at io.netty.channel.nio.NioEventLoop.processSelectedKey(NioEventLoop.java:722)
	at io.netty.channel.nio.NioEventLoop.processSelectedKeysOptimized(NioEventLoop.java:658)
	at io.netty.channel.nio.NioEventLoop.processSelectedKeys(NioEventLoop.java:584)
	at io.netty.channel.nio.NioEventLoop.run(NioEventLoop.java:496)
	at io.netty.util.concurrent.SingleThreadEventExecutor$4.run(SingleThreadEventExecutor.java:995)
	at io.netty.util.internal.ThreadExecutorMap$2.run(ThreadExecutorMap.java:74)
	at io.netty.util.concurrent.FastThreadLocalRunnable.run(FastThreadLocalRunnable.java:30)
	at java.base/java.lang.Thread.run(Thread.java:833)

]]></system-err>
  </testcase>
</testsuite>