<?xml version="1.0" encoding="UTF-8"?>
<!-- Generated by org.testng.reporters.JUnitReportReporter -->
<testsuite hostname="LAPTOP-B992BI1B" failures="0" tests="4" name="testRunner.Run" time="56.182" errors="0" timestamp="2022-07-27T17:24:43 IST" skipped="0">
  <testcase classname="testRunner.Run" name="runScenario" time="10.795"/>
  <system-out/>
  <testcase classname="testRunner.Run" name="runScenario" time="22.811"/>
  <system-out/>
  <testcase classname="testRunner.Run" name="runScenario" time="11.382"/>
  <system-out/>
  <testcase classname="testRunner.Run" name="runScenario" time="11.194"/>
  <system-out/>
</testsuite> <!-- testRunner.Run -->
