<?xml version="1.0" encoding="UTF-8"?>
<!-- Generated by org.testng.reporters.JUnitReportReporter -->
<testsuite hostname="LAPTOP-B992BI1B" failures="0" tests="4" name="testRunner.Run" time="48.773" errors="0" timestamp="2022-07-26T18:41:35 IST" skipped="0">
  <testcase classname="testRunner.Run" name="runScenario" time="10.648"/>
  <system-out/>
  <testcase classname="testRunner.Run" name="runScenario" time="9.987"/>
  <system-out/>
  <testcase classname="testRunner.Run" name="runScenario" time="10.384"/>
  <system-out/>
  <testcase classname="testRunner.Run" name="runScenario" time="17.754"/>
  <system-out/>
</testsuite> <!-- testRunner.Run -->
